[0.017s] Invoking command in '/home/b/transporter_realsense/build/realsense': CMAKE_PREFIX_PATH=${CMAKE_PREFIX_PATH}:/opt/ros/humble /usr/bin/cmake --build /home/b/transporter_realsense/build/realsense -- -j12 -l12
[0.071s] [100%] Built target cpp_node_test
[0.078s] [100%] Built target ament_cmake_python_copy_realsense
[0.317s] running egg_info
[0.318s] writing realsense.egg-info/PKG-INFO
[0.318s] writing dependency_links to realsense.egg-info/dependency_links.txt
[0.318s] writing top-level names to realsense.egg-info/top_level.txt
[0.320s] reading manifest file 'realsense.egg-info/SOURCES.txt'
[0.321s] writing manifest file 'realsense.egg-info/SOURCES.txt'
[0.347s] [100%] Built target ament_cmake_python_build_realsense_egg
[0.358s] Invoked command in '/home/b/transporter_realsense/build/realsense' returned '0': CMAKE_PREFIX_PATH=${CMAKE_PREFIX_PATH}:/opt/ros/humble /usr/bin/cmake --build /home/b/transporter_realsense/build/realsense -- -j12 -l12
[0.367s] Invoking command in '/home/b/transporter_realsense/build/realsense': CMAKE_PREFIX_PATH=${CMAKE_PREFIX_PATH}:/opt/ros/humble /usr/bin/cmake --install /home/b/transporter_realsense/build/realsense
[0.373s] -- Install configuration: ""
[0.373s] -- Up-to-date: /home/b/transporter_realsense/install/realsense/share/realsense/environment/pythonpath.sh
[0.373s] -- Up-to-date: /home/b/transporter_realsense/install/realsense/share/realsense/environment/pythonpath.dsv
[0.373s] -- Up-to-date: /home/b/transporter_realsense/install/realsense/local/lib/python3.10/dist-packages/realsense-0.0.0-py3.10.egg-info
[0.374s] -- Installing: /home/b/transporter_realsense/install/realsense/local/lib/python3.10/dist-packages/realsense-0.0.0-py3.10.egg-info/SOURCES.txt
[0.374s] -- Installing: /home/b/transporter_realsense/install/realsense/local/lib/python3.10/dist-packages/realsense-0.0.0-py3.10.egg-info/dependency_links.txt
[0.374s] -- Installing: /home/b/transporter_realsense/install/realsense/local/lib/python3.10/dist-packages/realsense-0.0.0-py3.10.egg-info/top_level.txt
[0.374s] -- Installing: /home/b/transporter_realsense/install/realsense/local/lib/python3.10/dist-packages/realsense-0.0.0-py3.10.egg-info/PKG-INFO
[0.374s] -- Up-to-date: /home/b/transporter_realsense/install/realsense/local/lib/python3.10/dist-packages/realsense
[0.374s] -- Up-to-date: /home/b/transporter_realsense/install/realsense/local/lib/python3.10/dist-packages/realsense/dummy_module.py
[0.374s] -- Up-to-date: /home/b/transporter_realsense/install/realsense/local/lib/python3.10/dist-packages/realsense/__init__.py
[0.404s] Listing '/home/b/transporter_realsense/install/realsense/local/lib/python3.10/dist-packages/realsense'...
[0.410s] -- Installing: /home/b/transporter_realsense/install/realsense/lib/realsense/realsense.py
[0.410s] -- Up-to-date: /home/b/transporter_realsense/install/realsense/lib/realsense/dummy_script.py
[0.411s] -- Up-to-date: /home/b/transporter_realsense/install/realsense/lib/realsense/cpp_node_test
[0.411s] -- Up-to-date: /home/b/transporter_realsense/install/realsense/share/realsense/launch
[0.411s] -- Up-to-date: /home/b/transporter_realsense/install/realsense/share/realsense/launch/realsense.launch.py
[0.411s] -- Up-to-date: /home/b/transporter_realsense/install/realsense/share/ament_index/resource_index/package_run_dependencies/realsense
[0.411s] -- Up-to-date: /home/b/transporter_realsense/install/realsense/share/ament_index/resource_index/parent_prefix_path/realsense
[0.412s] -- Up-to-date: /home/b/transporter_realsense/install/realsense/share/realsense/environment/ament_prefix_path.sh
[0.412s] -- Up-to-date: /home/b/transporter_realsense/install/realsense/share/realsense/environment/ament_prefix_path.dsv
[0.412s] -- Up-to-date: /home/b/transporter_realsense/install/realsense/share/realsense/environment/path.sh
[0.412s] -- Up-to-date: /home/b/transporter_realsense/install/realsense/share/realsense/environment/path.dsv
[0.412s] -- Up-to-date: /home/b/transporter_realsense/install/realsense/share/realsense/local_setup.bash
[0.412s] -- Up-to-date: /home/b/transporter_realsense/install/realsense/share/realsense/local_setup.sh
[0.412s] -- Up-to-date: /home/b/transporter_realsense/install/realsense/share/realsense/local_setup.zsh
[0.412s] -- Up-to-date: /home/b/transporter_realsense/install/realsense/share/realsense/local_setup.dsv
[0.412s] -- Installing: /home/b/transporter_realsense/install/realsense/share/realsense/package.dsv
[0.412s] -- Up-to-date: /home/b/transporter_realsense/install/realsense/share/ament_index/resource_index/packages/realsense
[0.412s] -- Up-to-date: /home/b/transporter_realsense/install/realsense/share/realsense/cmake/realsenseConfig.cmake
[0.413s] -- Up-to-date: /home/b/transporter_realsense/install/realsense/share/realsense/cmake/realsenseConfig-version.cmake
[0.413s] -- Up-to-date: /home/b/transporter_realsense/install/realsense/share/realsense/package.xml
[0.415s] Invoked command in '/home/b/transporter_realsense/build/realsense' returned '0': CMAKE_PREFIX_PATH=${CMAKE_PREFIX_PATH}:/opt/ros/humble /usr/bin/cmake --install /home/b/transporter_realsense/build/realsense
