-- Found ament_cmake: 1.3.11 (/opt/ros/humble/share/ament_cmake/cmake)
-- Found rclcpp: 16.0.12 (/opt/ros/humble/share/rclcpp/cmake)
-- Found rosidl_generator_c: 3.1.6 (/opt/ros/humble/share/rosidl_generator_c/cmake)
-- Found rosidl_adapter: 3.1.6 (/opt/ros/humble/share/rosidl_adapter/cmake)
-- Found rosidl_generator_cpp: 3.1.6 (/opt/ros/humble/share/rosidl_generator_cpp/cmake)
-- Using all available rosidl_typesupport_c: rosidl_typesupport_fastrtps_c;rosidl_typesupport_introspection_c
-- Using all available rosidl_typesupport_cpp: rosidl_typesupport_fastrtps_cpp;rosidl_typesupport_introspection_cpp
-- Found rmw_implementation_cmake: 6.1.2 (/opt/ros/humble/share/rmw_implementation_cmake/cmake)
-- Found rmw_fastrtps_cpp: 6.2.7 (/opt/ros/humble/share/rmw_fastrtps_cpp/cmake)
-- Using RMW implementation 'rmw_fastrtps_cpp' as default
-- Found rclpy: 3.3.16 (/opt/ros/humble/share/rclpy/cmake)
-- Configuring done
-- Generating done
-- Build files have been written to: /home/b/transporter_realsense/build/realsense
[35m[1mConsolidate compiler generated dependencies of target cpp_node_test[0m
[100%] Built target cpp_node_test
[100%] Built target ament_cmake_python_copy_realsense
running egg_info
writing realsense.egg-info/PKG-INFO
writing dependency_links to realsense.egg-info/dependency_links.txt
writing top-level names to realsense.egg-info/top_level.txt
reading manifest file 'realsense.egg-info/SOURCES.txt'
writing manifest file 'realsense.egg-info/SOURCES.txt'
[100%] Built target ament_cmake_python_build_realsense_egg
-- Install configuration: ""
-- Up-to-date: /home/b/transporter_realsense/install/realsense/share/realsense/environment/pythonpath.sh
-- Installing: /home/b/transporter_realsense/install/realsense/share/realsense/environment/pythonpath.dsv
-- Up-to-date: /home/b/transporter_realsense/install/realsense/local/lib/python3.10/dist-packages/realsense-0.0.0-py3.10.egg-info
-- Installing: /home/b/transporter_realsense/install/realsense/local/lib/python3.10/dist-packages/realsense-0.0.0-py3.10.egg-info/SOURCES.txt
-- Installing: /home/b/transporter_realsense/install/realsense/local/lib/python3.10/dist-packages/realsense-0.0.0-py3.10.egg-info/dependency_links.txt
-- Installing: /home/b/transporter_realsense/install/realsense/local/lib/python3.10/dist-packages/realsense-0.0.0-py3.10.egg-info/top_level.txt
-- Installing: /home/b/transporter_realsense/install/realsense/local/lib/python3.10/dist-packages/realsense-0.0.0-py3.10.egg-info/PKG-INFO
-- Up-to-date: /home/b/transporter_realsense/install/realsense/local/lib/python3.10/dist-packages/realsense
-- Up-to-date: /home/b/transporter_realsense/install/realsense/local/lib/python3.10/dist-packages/realsense/dummy_module.py
-- Up-to-date: /home/b/transporter_realsense/install/realsense/local/lib/python3.10/dist-packages/realsense/__init__.py
Listing '/home/b/transporter_realsense/install/realsense/local/lib/python3.10/dist-packages/realsense'...
-- Installing: /home/b/transporter_realsense/install/realsense/lib/realsense/realsense.py
-- Up-to-date: /home/b/transporter_realsense/install/realsense/lib/realsense/dummy_script.py
[31mCMake Error at cmake_install.cmake:97 (file):
  file INSTALL cannot find
  "/home/b/transporter_realsense/src/realsense/launch": No such file or
  directory.

[0m
-- Up-to-date: /home/b/transporter_realsense/install/realsense/lib/realsense/cpp_node_test
