[0.016s] Invoking command in '/home/b/transporter_realsense/build/realsense': CMAKE_PREFIX_PATH=${CMAKE_PREFIX_PATH}:/opt/ros/humble /usr/bin/cmake --build /home/b/transporter_realsense/build/realsense -- -j12 -l12
[0.062s] -- Found ament_cmake: 1.3.11 (/opt/ros/humble/share/ament_cmake/cmake)
[0.186s] -- Found rclcpp: 16.0.12 (/opt/ros/humble/share/rclcpp/cmake)
[0.216s] -- Found rosidl_generator_c: 3.1.6 (/opt/ros/humble/share/rosidl_generator_c/cmake)
[0.218s] -- Found rosidl_adapter: 3.1.6 (/opt/ros/humble/share/rosidl_adapter/cmake)
[0.226s] -- Found rosidl_generator_cpp: 3.1.6 (/opt/ros/humble/share/rosidl_generator_cpp/cmake)
[0.236s] -- Using all available rosidl_typesupport_c: rosidl_typesupport_fastrtps_c;rosidl_typesupport_introspection_c
[0.248s] -- Using all available rosidl_typesupport_cpp: rosidl_typesupport_fastrtps_cpp;rosidl_typesupport_introspection_cpp
[0.280s] -- Found rmw_implementation_cmake: 6.1.2 (/opt/ros/humble/share/rmw_implementation_cmake/cmake)
[0.281s] -- Found rmw_fastrtps_cpp: 6.2.7 (/opt/ros/humble/share/rmw_fastrtps_cpp/cmake)
[0.374s] -- Using RMW implementation 'rmw_fastrtps_cpp' as default
[0.431s] -- Found rclpy: 3.3.16 (/opt/ros/humble/share/rclpy/cmake)
[0.549s] -- Configuring done
[0.558s] -- Generating done
[0.561s] -- Build files have been written to: /home/b/transporter_realsense/build/realsense
[0.585s] [35m[1mConsolidate compiler generated dependencies of target cpp_node_test[0m
[0.599s] [100%] Built target cpp_node_test
[0.601s] [100%] Built target ament_cmake_python_copy_realsense
[0.837s] running egg_info
[0.837s] writing realsense.egg-info/PKG-INFO
[0.837s] writing dependency_links to realsense.egg-info/dependency_links.txt
[0.837s] writing top-level names to realsense.egg-info/top_level.txt
[0.840s] reading manifest file 'realsense.egg-info/SOURCES.txt'
[0.840s] writing manifest file 'realsense.egg-info/SOURCES.txt'
[0.863s] [100%] Built target ament_cmake_python_build_realsense_egg
[0.873s] Invoked command in '/home/b/transporter_realsense/build/realsense' returned '0': CMAKE_PREFIX_PATH=${CMAKE_PREFIX_PATH}:/opt/ros/humble /usr/bin/cmake --build /home/b/transporter_realsense/build/realsense -- -j12 -l12
[0.882s] Invoking command in '/home/b/transporter_realsense/build/realsense': CMAKE_PREFIX_PATH=${CMAKE_PREFIX_PATH}:/opt/ros/humble /usr/bin/cmake --install /home/b/transporter_realsense/build/realsense
[0.887s] -- Install configuration: ""
[0.887s] -- Up-to-date: /home/b/transporter_realsense/install/realsense/share/realsense/environment/pythonpath.sh
[0.888s] -- Installing: /home/b/transporter_realsense/install/realsense/share/realsense/environment/pythonpath.dsv
[0.888s] -- Up-to-date: /home/b/transporter_realsense/install/realsense/local/lib/python3.10/dist-packages/realsense-0.0.0-py3.10.egg-info
[0.888s] -- Installing: /home/b/transporter_realsense/install/realsense/local/lib/python3.10/dist-packages/realsense-0.0.0-py3.10.egg-info/SOURCES.txt
[0.888s] -- Installing: /home/b/transporter_realsense/install/realsense/local/lib/python3.10/dist-packages/realsense-0.0.0-py3.10.egg-info/dependency_links.txt
[0.888s] -- Installing: /home/b/transporter_realsense/install/realsense/local/lib/python3.10/dist-packages/realsense-0.0.0-py3.10.egg-info/top_level.txt
[0.888s] -- Installing: /home/b/transporter_realsense/install/realsense/local/lib/python3.10/dist-packages/realsense-0.0.0-py3.10.egg-info/PKG-INFO
[0.888s] -- Up-to-date: /home/b/transporter_realsense/install/realsense/local/lib/python3.10/dist-packages/realsense
[0.888s] -- Up-to-date: /home/b/transporter_realsense/install/realsense/local/lib/python3.10/dist-packages/realsense/dummy_module.py
[0.888s] -- Up-to-date: /home/b/transporter_realsense/install/realsense/local/lib/python3.10/dist-packages/realsense/__init__.py
[0.923s] Listing '/home/b/transporter_realsense/install/realsense/local/lib/python3.10/dist-packages/realsense'...
[0.928s] -- Installing: /home/b/transporter_realsense/install/realsense/lib/realsense/realsense.py
[0.928s] -- Up-to-date: /home/b/transporter_realsense/install/realsense/lib/realsense/dummy_script.py
[0.928s] [31mCMake Error at cmake_install.cmake:97 (file):
[0.928s]   file INSTALL cannot find
[0.928s]   "/home/b/transporter_realsense/src/realsense/launch": No such file or
[0.929s]   directory.
[0.929s] 
[0.929s] [0m
[0.929s] -- Up-to-date: /home/b/transporter_realsense/install/realsense/lib/realsense/cpp_node_test
[0.930s] Invoked command in '/home/b/transporter_realsense/build/realsense' returned '1': CMAKE_PREFIX_PATH=${CMAKE_PREFIX_PATH}:/opt/ros/humble /usr/bin/cmake --install /home/b/transporter_realsense/build/realsense
