[0.072s] DEBUG:colcon:Command line arguments: ['/usr/bin/colcon', 'build', '--packages-select', 'realsense']
[0.072s] DEBUG:colcon:Parsed command line arguments: Namespace(log_base=None, log_level=None, verb_name='build', build_base='build', install_base='install', merge_install=False, symlink_install=False, test_result_base=None, continue_on_error=False, executor='parallel', parallel_workers=12, event_handlers=None, ignore_user_meta=False, metas=['./colcon.meta'], base_paths=['.'], packages_ignore=None, packages_ignore_regex=None, paths=None, packages_up_to=None, packages_up_to_regex=None, packages_above=None, packages_above_and_dependencies=None, packages_above_depth=None, packages_select_by_dep=None, packages_skip_by_dep=None, packages_skip_up_to=None, packages_select_build_failed=False, packages_skip_build_finished=False, packages_select_test_failures=False, packages_skip_test_passed=False, packages_select=['realsense'], packages_skip=None, packages_select_regex=None, packages_skip_regex=None, packages_start=None, packages_end=None, allow_overriding=[], cmake_args=None, cmake_target=None, cmake_target_skip_unavailable=False, cmake_clean_cache=False, cmake_clean_first=False, cmake_force_configure=False, ament_cmake_args=None, catkin_cmake_args=None, catkin_skip_building_tests=False, mixin_files=None, mixin=None, verb_parser=<colcon_mixin.mixin.mixin_argument.MixinArgumentDecorator object at 0x7573b7e5e260>, verb_extension=<colcon_core.verb.build.BuildVerb object at 0x7573b7fdfbb0>, main=<bound method BuildVerb.main of <colcon_core.verb.build.BuildVerb object at 0x7573b7fdfbb0>>, mixin_verb=('build',))
[0.176s] Level 1:colcon.colcon_core.package_discovery:discover_packages(colcon_meta) check parameters
[0.177s] Level 1:colcon.colcon_core.package_discovery:discover_packages(recursive) check parameters
[0.177s] Level 1:colcon.colcon_core.package_discovery:discover_packages(ignore) check parameters
[0.177s] Level 1:colcon.colcon_core.package_discovery:discover_packages(path) check parameters
[0.177s] Level 1:colcon.colcon_core.package_discovery:discover_packages(colcon_meta) discover
[0.177s] Level 1:colcon.colcon_core.package_discovery:discover_packages(recursive) discover
[0.177s] INFO:colcon.colcon_core.package_discovery:Crawling recursively for packages in '/home/b/transporter_realsense'
[0.177s] Level 1:colcon.colcon_core.package_identification:_identify(.) by extensions ['ignore', 'ignore_ament_install']
[0.177s] Level 1:colcon.colcon_core.package_identification:_identify(.) by extension 'ignore'
[0.177s] Level 1:colcon.colcon_core.package_identification:_identify(.) by extension 'ignore_ament_install'
[0.177s] Level 1:colcon.colcon_core.package_identification:_identify(.) by extensions ['colcon_pkg']
[0.177s] Level 1:colcon.colcon_core.package_identification:_identify(.) by extension 'colcon_pkg'
[0.177s] Level 1:colcon.colcon_core.package_identification:_identify(.) by extensions ['colcon_meta']
[0.177s] Level 1:colcon.colcon_core.package_identification:_identify(.) by extension 'colcon_meta'
[0.177s] Level 1:colcon.colcon_core.package_identification:_identify(.) by extensions ['ros']
[0.177s] Level 1:colcon.colcon_core.package_identification:_identify(.) by extension 'ros'
[0.184s] Level 1:colcon.colcon_core.package_identification:_identify(.) by extensions ['cmake', 'python']
[0.184s] Level 1:colcon.colcon_core.package_identification:_identify(.) by extension 'cmake'
[0.184s] Level 1:colcon.colcon_core.package_identification:_identify(.) by extension 'python'
[0.184s] Level 1:colcon.colcon_core.package_identification:_identify(.) by extensions ['python_setup_py']
[0.184s] Level 1:colcon.colcon_core.package_identification:_identify(.) by extension 'python_setup_py'
[0.184s] Level 1:colcon.colcon_core.package_identification:_identify(build) by extensions ['ignore', 'ignore_ament_install']
[0.185s] Level 1:colcon.colcon_core.package_identification:_identify(build) by extension 'ignore'
[0.185s] Level 1:colcon.colcon_core.package_identification:_identify(build) ignored
[0.185s] Level 1:colcon.colcon_core.package_identification:_identify(install) by extensions ['ignore', 'ignore_ament_install']
[0.185s] Level 1:colcon.colcon_core.package_identification:_identify(install) by extension 'ignore'
[0.185s] Level 1:colcon.colcon_core.package_identification:_identify(install) ignored
[0.185s] Level 1:colcon.colcon_core.package_identification:_identify(log) by extensions ['ignore', 'ignore_ament_install']
[0.185s] Level 1:colcon.colcon_core.package_identification:_identify(log) by extension 'ignore'
[0.185s] Level 1:colcon.colcon_core.package_identification:_identify(log) ignored
[0.185s] Level 1:colcon.colcon_core.package_identification:_identify(src) by extensions ['ignore', 'ignore_ament_install']
[0.185s] Level 1:colcon.colcon_core.package_identification:_identify(src) by extension 'ignore'
[0.185s] Level 1:colcon.colcon_core.package_identification:_identify(src) by extension 'ignore_ament_install'
[0.185s] Level 1:colcon.colcon_core.package_identification:_identify(src) by extensions ['colcon_pkg']
[0.185s] Level 1:colcon.colcon_core.package_identification:_identify(src) by extension 'colcon_pkg'
[0.185s] Level 1:colcon.colcon_core.package_identification:_identify(src) by extensions ['colcon_meta']
[0.185s] Level 1:colcon.colcon_core.package_identification:_identify(src) by extension 'colcon_meta'
[0.185s] Level 1:colcon.colcon_core.package_identification:_identify(src) by extensions ['ros']
[0.185s] Level 1:colcon.colcon_core.package_identification:_identify(src) by extension 'ros'
[0.185s] Level 1:colcon.colcon_core.package_identification:_identify(src) by extensions ['cmake', 'python']
[0.185s] Level 1:colcon.colcon_core.package_identification:_identify(src) by extension 'cmake'
[0.185s] Level 1:colcon.colcon_core.package_identification:_identify(src) by extension 'python'
[0.185s] Level 1:colcon.colcon_core.package_identification:_identify(src) by extensions ['python_setup_py']
[0.185s] Level 1:colcon.colcon_core.package_identification:_identify(src) by extension 'python_setup_py'
[0.185s] Level 1:colcon.colcon_core.package_identification:_identify(src/realsense) by extensions ['ignore', 'ignore_ament_install']
[0.185s] Level 1:colcon.colcon_core.package_identification:_identify(src/realsense) by extension 'ignore'
[0.185s] Level 1:colcon.colcon_core.package_identification:_identify(src/realsense) by extension 'ignore_ament_install'
[0.186s] Level 1:colcon.colcon_core.package_identification:_identify(src/realsense) by extensions ['colcon_pkg']
[0.186s] Level 1:colcon.colcon_core.package_identification:_identify(src/realsense) by extension 'colcon_pkg'
[0.186s] Level 1:colcon.colcon_core.package_identification:_identify(src/realsense) by extensions ['colcon_meta']
[0.186s] Level 1:colcon.colcon_core.package_identification:_identify(src/realsense) by extension 'colcon_meta'
[0.186s] Level 1:colcon.colcon_core.package_identification:_identify(src/realsense) by extensions ['ros']
[0.186s] Level 1:colcon.colcon_core.package_identification:_identify(src/realsense) by extension 'ros'
[0.187s] DEBUG:colcon.colcon_core.package_identification:Package 'src/realsense' with type 'ros.ament_cmake' and name 'realsense'
[0.187s] Level 1:colcon.colcon_core.package_discovery:discover_packages(recursive) using defaults
[0.187s] Level 1:colcon.colcon_core.package_discovery:discover_packages(ignore) discover
[0.187s] Level 1:colcon.colcon_core.package_discovery:discover_packages(ignore) using defaults
[0.187s] Level 1:colcon.colcon_core.package_discovery:discover_packages(path) discover
[0.187s] Level 1:colcon.colcon_core.package_discovery:discover_packages(path) using defaults
[0.209s] Level 1:colcon.colcon_core.package_discovery:discover_packages(prefix_path) check parameters
[0.209s] Level 1:colcon.colcon_core.package_discovery:discover_packages(prefix_path) discover
[0.210s] DEBUG:colcon.colcon_installed_package_information.package_discovery:Found 1 installed packages in /home/b/transporter_realsense/install
[0.211s] DEBUG:colcon.colcon_installed_package_information.package_discovery:Found 2 installed packages in /home/b/ros2_ws/install
[0.212s] DEBUG:colcon.colcon_installed_package_information.package_discovery:Found 302 installed packages in /opt/ros/humble
[0.212s] Level 1:colcon.colcon_core.package_discovery:discover_packages(prefix_path) using defaults
[0.238s] Level 5:colcon.colcon_core.verb:set package 'realsense' build argument 'cmake_args' from command line to 'None'
[0.238s] Level 5:colcon.colcon_core.verb:set package 'realsense' build argument 'cmake_target' from command line to 'None'
[0.238s] Level 5:colcon.colcon_core.verb:set package 'realsense' build argument 'cmake_target_skip_unavailable' from command line to 'False'
[0.238s] Level 5:colcon.colcon_core.verb:set package 'realsense' build argument 'cmake_clean_cache' from command line to 'False'
[0.238s] Level 5:colcon.colcon_core.verb:set package 'realsense' build argument 'cmake_clean_first' from command line to 'False'
[0.238s] Level 5:colcon.colcon_core.verb:set package 'realsense' build argument 'cmake_force_configure' from command line to 'False'
[0.238s] Level 5:colcon.colcon_core.verb:set package 'realsense' build argument 'ament_cmake_args' from command line to 'None'
[0.238s] Level 5:colcon.colcon_core.verb:set package 'realsense' build argument 'catkin_cmake_args' from command line to 'None'
[0.238s] Level 5:colcon.colcon_core.verb:set package 'realsense' build argument 'catkin_skip_building_tests' from command line to 'False'
[0.238s] DEBUG:colcon.colcon_core.verb:Building package 'realsense' with the following arguments: {'ament_cmake_args': None, 'build_base': '/home/b/transporter_realsense/build/realsense', 'catkin_cmake_args': None, 'catkin_skip_building_tests': False, 'cmake_args': None, 'cmake_clean_cache': False, 'cmake_clean_first': False, 'cmake_force_configure': False, 'cmake_target': None, 'cmake_target_skip_unavailable': False, 'install_base': '/home/b/transporter_realsense/install/realsense', 'merge_install': False, 'path': '/home/b/transporter_realsense/src/realsense', 'symlink_install': False, 'test_result_base': None}
[0.238s] INFO:colcon.colcon_core.executor:Executing jobs using 'parallel' executor
[0.239s] DEBUG:colcon.colcon_parallel_executor.executor.parallel:run_until_complete
[0.239s] INFO:colcon.colcon_ros.task.ament_cmake.build:Building ROS package in '/home/b/transporter_realsense/src/realsense' with build type 'ament_cmake'
[0.239s] INFO:colcon.colcon_cmake.task.cmake.build:Building CMake package in '/home/b/transporter_realsense/src/realsense'
[0.240s] INFO:colcon.colcon_core.plugin_system:Skipping extension 'colcon_core.shell.bat': Not used on non-Windows systems
[0.241s] INFO:colcon.colcon_core.shell:Skip shell extension 'powershell' for command environment: Not usable outside of PowerShell
[0.241s] DEBUG:colcon.colcon_core.shell:Skip shell extension 'dsv' for command environment
[0.247s] DEBUG:colcon.colcon_core.event_handler.log_command:Invoking command in '/home/b/transporter_realsense/build/realsense': CMAKE_PREFIX_PATH=${CMAKE_PREFIX_PATH}:/opt/ros/humble /usr/bin/cmake /home/b/transporter_realsense/src/realsense -DCMAKE_INSTALL_PREFIX=/home/b/transporter_realsense/install/realsense
[1.226s] DEBUG:colcon.colcon_core.event_handler.log_command:Invoked command in '/home/b/transporter_realsense/build/realsense' returned '0': CMAKE_PREFIX_PATH=${CMAKE_PREFIX_PATH}:/opt/ros/humble /usr/bin/cmake /home/b/transporter_realsense/src/realsense -DCMAKE_INSTALL_PREFIX=/home/b/transporter_realsense/install/realsense
[1.227s] DEBUG:colcon.colcon_core.event_handler.log_command:Invoking command in '/home/b/transporter_realsense/build/realsense': CMAKE_PREFIX_PATH=${CMAKE_PREFIX_PATH}:/opt/ros/humble /usr/bin/cmake --build /home/b/transporter_realsense/build/realsense -- -j12 -l12
[1.562s] DEBUG:colcon.colcon_core.event_handler.log_command:Invoked command in '/home/b/transporter_realsense/build/realsense' returned '0': CMAKE_PREFIX_PATH=${CMAKE_PREFIX_PATH}:/opt/ros/humble /usr/bin/cmake --build /home/b/transporter_realsense/build/realsense -- -j12 -l12
[1.571s] DEBUG:colcon.colcon_core.event_handler.log_command:Invoking command in '/home/b/transporter_realsense/build/realsense': CMAKE_PREFIX_PATH=${CMAKE_PREFIX_PATH}:/opt/ros/humble /usr/bin/cmake --install /home/b/transporter_realsense/build/realsense
[1.611s] Level 1:colcon.colcon_core.environment:create_environment_scripts_only(realsense)
[1.611s] DEBUG:colcon.colcon_core.event_handler.log_command:Invoked command in '/home/b/transporter_realsense/build/realsense' returned '0': CMAKE_PREFIX_PATH=${CMAKE_PREFIX_PATH}:/opt/ros/humble /usr/bin/cmake --install /home/b/transporter_realsense/build/realsense
[1.613s] Level 1:colcon.colcon_core.environment:checking '/home/b/transporter_realsense/install/realsense' for CMake module files
[1.613s] Level 1:colcon.colcon_core.environment:checking '/home/b/transporter_realsense/install/realsense' for CMake config files
[1.613s] Level 1:colcon.colcon_core.shell:create_environment_hook('realsense', 'cmake_prefix_path')
[1.614s] INFO:colcon.colcon_core.shell:Creating environment hook '/home/b/transporter_realsense/install/realsense/share/realsense/hook/cmake_prefix_path.ps1'
[1.614s] INFO:colcon.colcon_core.shell:Creating environment descriptor '/home/b/transporter_realsense/install/realsense/share/realsense/hook/cmake_prefix_path.dsv'
[1.614s] INFO:colcon.colcon_core.shell:Creating environment hook '/home/b/transporter_realsense/install/realsense/share/realsense/hook/cmake_prefix_path.sh'
[1.615s] Level 1:colcon.colcon_core.environment:checking '/home/b/transporter_realsense/install/realsense/lib'
[1.615s] Level 1:colcon.colcon_core.environment:checking '/home/b/transporter_realsense/install/realsense/bin'
[1.615s] Level 1:colcon.colcon_core.environment:checking '/home/b/transporter_realsense/install/realsense/lib/pkgconfig/realsense.pc'
[1.615s] Level 1:colcon.colcon_core.environment:checking '/home/b/transporter_realsense/install/realsense/lib/python3.10/site-packages'
[1.615s] Level 1:colcon.colcon_core.environment:checking '/home/b/transporter_realsense/install/realsense/bin'
[1.616s] INFO:colcon.colcon_core.shell:Creating package script '/home/b/transporter_realsense/install/realsense/share/realsense/package.ps1'
[1.616s] INFO:colcon.colcon_core.shell:Creating package descriptor '/home/b/transporter_realsense/install/realsense/share/realsense/package.dsv'
[1.617s] INFO:colcon.colcon_core.shell:Creating package script '/home/b/transporter_realsense/install/realsense/share/realsense/package.sh'
[1.617s] INFO:colcon.colcon_core.shell:Creating package script '/home/b/transporter_realsense/install/realsense/share/realsense/package.bash'
[1.618s] INFO:colcon.colcon_core.shell:Creating package script '/home/b/transporter_realsense/install/realsense/share/realsense/package.zsh'
[1.618s] Level 1:colcon.colcon_core.environment:create_file_with_runtime_dependencies(/home/b/transporter_realsense/install/realsense/share/colcon-core/packages/realsense)
[1.618s] Level 1:colcon.colcon_core.environment:create_environment_scripts_only(realsense)
[1.619s] Level 1:colcon.colcon_core.environment:checking '/home/b/transporter_realsense/install/realsense' for CMake module files
[1.619s] Level 1:colcon.colcon_core.environment:checking '/home/b/transporter_realsense/install/realsense' for CMake config files
[1.619s] Level 1:colcon.colcon_core.shell:create_environment_hook('realsense', 'cmake_prefix_path')
[1.619s] INFO:colcon.colcon_core.shell:Creating environment hook '/home/b/transporter_realsense/install/realsense/share/realsense/hook/cmake_prefix_path.ps1'
[1.619s] INFO:colcon.colcon_core.shell:Creating environment descriptor '/home/b/transporter_realsense/install/realsense/share/realsense/hook/cmake_prefix_path.dsv'
[1.620s] INFO:colcon.colcon_core.shell:Creating environment hook '/home/b/transporter_realsense/install/realsense/share/realsense/hook/cmake_prefix_path.sh'
[1.620s] Level 1:colcon.colcon_core.environment:checking '/home/b/transporter_realsense/install/realsense/lib'
[1.620s] Level 1:colcon.colcon_core.environment:checking '/home/b/transporter_realsense/install/realsense/bin'
[1.620s] Level 1:colcon.colcon_core.environment:checking '/home/b/transporter_realsense/install/realsense/lib/pkgconfig/realsense.pc'
[1.620s] Level 1:colcon.colcon_core.environment:checking '/home/b/transporter_realsense/install/realsense/lib/python3.10/site-packages'
[1.620s] Level 1:colcon.colcon_core.environment:checking '/home/b/transporter_realsense/install/realsense/bin'
[1.621s] INFO:colcon.colcon_core.shell:Creating package script '/home/b/transporter_realsense/install/realsense/share/realsense/package.ps1'
[1.621s] INFO:colcon.colcon_core.shell:Creating package descriptor '/home/b/transporter_realsense/install/realsense/share/realsense/package.dsv'
[1.621s] INFO:colcon.colcon_core.shell:Creating package script '/home/b/transporter_realsense/install/realsense/share/realsense/package.sh'
[1.621s] INFO:colcon.colcon_core.shell:Creating package script '/home/b/transporter_realsense/install/realsense/share/realsense/package.bash'
[1.622s] INFO:colcon.colcon_core.shell:Creating package script '/home/b/transporter_realsense/install/realsense/share/realsense/package.zsh'
[1.622s] Level 1:colcon.colcon_core.environment:create_file_with_runtime_dependencies(/home/b/transporter_realsense/install/realsense/share/colcon-core/packages/realsense)
[1.622s] DEBUG:colcon.colcon_parallel_executor.executor.parallel:closing loop
[1.622s] DEBUG:colcon.colcon_parallel_executor.executor.parallel:loop closed
[1.622s] DEBUG:colcon.colcon_parallel_executor.executor.parallel:run_until_complete finished with '0'
[1.622s] DEBUG:colcon.colcon_core.event_reactor:joining thread
[1.626s] INFO:colcon.colcon_core.plugin_system:Skipping extension 'colcon_notification.desktop_notification.terminal_notifier': Not used on non-Darwin systems
[1.627s] INFO:colcon.colcon_core.plugin_system:Skipping extension 'colcon_notification.desktop_notification.win32': Not used on non-Windows systems
[1.627s] INFO:colcon.colcon_notification.desktop_notification:Sending desktop notification using 'notify2'
[1.639s] DEBUG:colcon.colcon_core.event_reactor:joined thread
[1.639s] INFO:colcon.colcon_core.shell:Creating prefix script '/home/b/transporter_realsense/install/local_setup.ps1'
[1.641s] INFO:colcon.colcon_core.shell:Creating prefix util module '/home/b/transporter_realsense/install/_local_setup_util_ps1.py'
[1.642s] INFO:colcon.colcon_core.shell:Creating prefix chain script '/home/b/transporter_realsense/install/setup.ps1'
[1.643s] INFO:colcon.colcon_core.shell:Creating prefix script '/home/b/transporter_realsense/install/local_setup.sh'
[1.644s] INFO:colcon.colcon_core.shell:Creating prefix util module '/home/b/transporter_realsense/install/_local_setup_util_sh.py'
[1.644s] INFO:colcon.colcon_core.shell:Creating prefix chain script '/home/b/transporter_realsense/install/setup.sh'
[1.645s] INFO:colcon.colcon_core.shell:Creating prefix script '/home/b/transporter_realsense/install/local_setup.bash'
[1.645s] INFO:colcon.colcon_core.shell:Creating prefix chain script '/home/b/transporter_realsense/install/setup.bash'
[1.646s] INFO:colcon.colcon_core.shell:Creating prefix script '/home/b/transporter_realsense/install/local_setup.zsh'
[1.646s] INFO:colcon.colcon_core.shell:Creating prefix chain script '/home/b/transporter_realsense/install/setup.zsh'
