[100%] Built target cpp_node_test
[100%] Built target ament_cmake_python_copy_realsense
running egg_info
writing realsense.egg-info/PKG-INFO
writing dependency_links to realsense.egg-info/dependency_links.txt
writing top-level names to realsense.egg-info/top_level.txt
reading manifest file 'realsense.egg-info/SOURCES.txt'
writing manifest file 'realsense.egg-info/SOURCES.txt'
[100%] Built target ament_cmake_python_build_realsense_egg
-- Install configuration: ""
-- Up-to-date: /home/b/transporter_realsense/install/realsense/share/realsense/environment/pythonpath.sh
-- Up-to-date: /home/b/transporter_realsense/install/realsense/share/realsense/environment/pythonpath.dsv
-- Up-to-date: /home/b/transporter_realsense/install/realsense/local/lib/python3.10/dist-packages/realsense-0.0.0-py3.10.egg-info
-- Installing: /home/b/transporter_realsense/install/realsense/local/lib/python3.10/dist-packages/realsense-0.0.0-py3.10.egg-info/SOURCES.txt
-- Installing: /home/b/transporter_realsense/install/realsense/local/lib/python3.10/dist-packages/realsense-0.0.0-py3.10.egg-info/dependency_links.txt
-- Installing: /home/b/transporter_realsense/install/realsense/local/lib/python3.10/dist-packages/realsense-0.0.0-py3.10.egg-info/top_level.txt
-- Installing: /home/b/transporter_realsense/install/realsense/local/lib/python3.10/dist-packages/realsense-0.0.0-py3.10.egg-info/PKG-INFO
-- Up-to-date: /home/b/transporter_realsense/install/realsense/local/lib/python3.10/dist-packages/realsense
-- Up-to-date: /home/b/transporter_realsense/install/realsense/local/lib/python3.10/dist-packages/realsense/dummy_module.py
-- Up-to-date: /home/b/transporter_realsense/install/realsense/local/lib/python3.10/dist-packages/realsense/__init__.py
Listing '/home/b/transporter_realsense/install/realsense/local/lib/python3.10/dist-packages/realsense'...
-- Installing: /home/b/transporter_realsense/install/realsense/lib/realsense/realsense.py
-- Up-to-date: /home/b/transporter_realsense/install/realsense/lib/realsense/dummy_script.py
-- Up-to-date: /home/b/transporter_realsense/install/realsense/lib/realsense/cpp_node_test
-- Up-to-date: /home/b/transporter_realsense/install/realsense/share/realsense/launch
-- Up-to-date: /home/b/transporter_realsense/install/realsense/share/realsense/launch/realsense.launch.py
-- Up-to-date: /home/b/transporter_realsense/install/realsense/share/ament_index/resource_index/package_run_dependencies/realsense
-- Up-to-date: /home/b/transporter_realsense/install/realsense/share/ament_index/resource_index/parent_prefix_path/realsense
-- Up-to-date: /home/b/transporter_realsense/install/realsense/share/realsense/environment/ament_prefix_path.sh
-- Up-to-date: /home/b/transporter_realsense/install/realsense/share/realsense/environment/ament_prefix_path.dsv
-- Up-to-date: /home/b/transporter_realsense/install/realsense/share/realsense/environment/path.sh
-- Up-to-date: /home/b/transporter_realsense/install/realsense/share/realsense/environment/path.dsv
-- Up-to-date: /home/b/transporter_realsense/install/realsense/share/realsense/local_setup.bash
-- Up-to-date: /home/b/transporter_realsense/install/realsense/share/realsense/local_setup.sh
-- Up-to-date: /home/b/transporter_realsense/install/realsense/share/realsense/local_setup.zsh
-- Up-to-date: /home/b/transporter_realsense/install/realsense/share/realsense/local_setup.dsv
-- Installing: /home/b/transporter_realsense/install/realsense/share/realsense/package.dsv
-- Up-to-date: /home/b/transporter_realsense/install/realsense/share/ament_index/resource_index/packages/realsense
-- Up-to-date: /home/b/transporter_realsense/install/realsense/share/realsense/cmake/realsenseConfig.cmake
-- Up-to-date: /home/b/transporter_realsense/install/realsense/share/realsense/cmake/realsenseConfig-version.cmake
-- Up-to-date: /home/b/transporter_realsense/install/realsense/share/realsense/package.xml
