[0.012s] Invoking command in '/home/b/transporter_realsense/build/realsense': CMAKE_PREFIX_PATH=${CMAKE_PREFIX_PATH}:/opt/ros/humble /usr/bin/cmake --build /home/b/transporter_realsense/build/realsense -- -j12 -l12
[0.081s] [100%] Built target cpp_node_test
[0.086s] [100%] Built target ament_cmake_python_copy_realsense
[0.335s] running egg_info
[0.336s] writing realsense.egg-info/PKG-INFO
[0.336s] writing dependency_links to realsense.egg-info/dependency_links.txt
[0.336s] writing top-level names to realsense.egg-info/top_level.txt
[0.338s] reading manifest file 'realsense.egg-info/SOURCES.txt'
[0.339s] writing manifest file 'realsense.egg-info/SOURCES.txt'
[0.363s] [100%] Built target ament_cmake_python_build_realsense_egg
[0.381s] Invoked command in '/home/b/transporter_realsense/build/realsense' returned '0': CMAKE_PREFIX_PATH=${CMAKE_PREFIX_PATH}:/opt/ros/humble /usr/bin/cmake --build /home/b/transporter_realsense/build/realsense -- -j12 -l12
[0.382s] Invoking command in '/home/b/transporter_realsense/build/realsense': CMAKE_PREFIX_PATH=${CMAKE_PREFIX_PATH}:/opt/ros/humble /usr/bin/cmake --install /home/b/transporter_realsense/build/realsense
[0.390s] -- Install configuration: ""
[0.390s] -- Up-to-date: /home/b/transporter_realsense/install/realsense/share/realsense/environment/pythonpath.sh
[0.390s] -- Up-to-date: /home/b/transporter_realsense/install/realsense/share/realsense/environment/pythonpath.dsv
[0.390s] -- Up-to-date: /home/b/transporter_realsense/install/realsense/local/lib/python3.10/dist-packages/realsense-0.0.0-py3.10.egg-info
[0.390s] -- Installing: /home/b/transporter_realsense/install/realsense/local/lib/python3.10/dist-packages/realsense-0.0.0-py3.10.egg-info/SOURCES.txt
[0.390s] -- Installing: /home/b/transporter_realsense/install/realsense/local/lib/python3.10/dist-packages/realsense-0.0.0-py3.10.egg-info/dependency_links.txt
[0.391s] -- Installing: /home/b/transporter_realsense/install/realsense/local/lib/python3.10/dist-packages/realsense-0.0.0-py3.10.egg-info/top_level.txt
[0.391s] -- Installing: /home/b/transporter_realsense/install/realsense/local/lib/python3.10/dist-packages/realsense-0.0.0-py3.10.egg-info/PKG-INFO
[0.391s] -- Up-to-date: /home/b/transporter_realsense/install/realsense/local/lib/python3.10/dist-packages/realsense
[0.391s] -- Up-to-date: /home/b/transporter_realsense/install/realsense/local/lib/python3.10/dist-packages/realsense/dummy_module.py
[0.391s] -- Up-to-date: /home/b/transporter_realsense/install/realsense/local/lib/python3.10/dist-packages/realsense/__init__.py
[0.430s] Listing '/home/b/transporter_realsense/install/realsense/local/lib/python3.10/dist-packages/realsense'...
[0.435s] -- Installing: /home/b/transporter_realsense/install/realsense/lib/realsense/realsense.py
[0.436s] -- Up-to-date: /home/b/transporter_realsense/install/realsense/lib/realsense/dummy_script.py
[0.436s] -- Up-to-date: /home/b/transporter_realsense/install/realsense/lib/realsense/cpp_node_test
[0.436s] -- Up-to-date: /home/b/transporter_realsense/install/realsense/share/realsense/launch
[0.436s] -- Up-to-date: /home/b/transporter_realsense/install/realsense/share/realsense/launch/realsense.launch.py
[0.436s] -- Up-to-date: /home/b/transporter_realsense/install/realsense/share/ament_index/resource_index/package_run_dependencies/realsense
[0.436s] -- Up-to-date: /home/b/transporter_realsense/install/realsense/share/ament_index/resource_index/parent_prefix_path/realsense
[0.437s] -- Up-to-date: /home/b/transporter_realsense/install/realsense/share/realsense/environment/ament_prefix_path.sh
[0.437s] -- Up-to-date: /home/b/transporter_realsense/install/realsense/share/realsense/environment/ament_prefix_path.dsv
[0.437s] -- Up-to-date: /home/b/transporter_realsense/install/realsense/share/realsense/environment/path.sh
[0.437s] -- Up-to-date: /home/b/transporter_realsense/install/realsense/share/realsense/environment/path.dsv
[0.437s] -- Up-to-date: /home/b/transporter_realsense/install/realsense/share/realsense/local_setup.bash
[0.437s] -- Up-to-date: /home/b/transporter_realsense/install/realsense/share/realsense/local_setup.sh
[0.437s] -- Up-to-date: /home/b/transporter_realsense/install/realsense/share/realsense/local_setup.zsh
[0.438s] -- Up-to-date: /home/b/transporter_realsense/install/realsense/share/realsense/local_setup.dsv
[0.438s] -- Installing: /home/b/transporter_realsense/install/realsense/share/realsense/package.dsv
[0.438s] -- Up-to-date: /home/b/transporter_realsense/install/realsense/share/ament_index/resource_index/packages/realsense
[0.438s] -- Up-to-date: /home/b/transporter_realsense/install/realsense/share/realsense/cmake/realsenseConfig.cmake
[0.438s] -- Up-to-date: /home/b/transporter_realsense/install/realsense/share/realsense/cmake/realsenseConfig-version.cmake
[0.438s] -- Up-to-date: /home/b/transporter_realsense/install/realsense/share/realsense/package.xml
[0.439s] Invoked command in '/home/b/transporter_realsense/build/realsense' returned '0': CMAKE_PREFIX_PATH=${CMAKE_PREFIX_PATH}:/opt/ros/humble /usr/bin/cmake --install /home/b/transporter_realsense/build/realsense
