[0.016s] Invoking command in '/home/b/transporter_realsense/build/interfaces': CMAKE_PREFIX_PATH=${CMAKE_PREFIX_PATH}:/opt/ros/humble /usr/bin/cmake /home/b/transporter_realsense/src/interfaces -DCMAKE_INSTALL_PREFIX=/home/b/transporter_realsense/install/interfaces
[0.077s] -- The C compiler identification is GNU 11.4.0
[0.140s] -- The CXX compiler identification is GNU 11.4.0
[0.147s] -- Detecting C compiler ABI info
[0.218s] -- Detecting C compiler ABI info - done
[0.226s] -- Check for working C compiler: /usr/bin/cc - skipped
[0.226s] -- Detecting C compile features
[0.226s] -- Detecting C compile features - done
[0.230s] -- Detecting CXX compiler ABI info
[0.305s] -- Detecting CXX compiler ABI info - done
[0.317s] -- Check for working CXX compiler: /usr/bin/c++ - skipped
[0.318s] -- Detecting CXX compile features
[0.318s] -- Detecting CXX compile features - done
[0.321s] -- Found ament_cmake: 1.3.11 (/opt/ros/humble/share/ament_cmake/cmake)
[0.483s] -- Found Python3: /usr/bin/python3 (found version "3.10.12") found components: Interpreter 
[0.577s] -- Found geometry_msgs: 4.8.0 (/opt/ros/humble/share/geometry_msgs/cmake)
[0.620s] -- Found rosidl_generator_c: 3.1.6 (/opt/ros/humble/share/rosidl_generator_c/cmake)
[0.627s] -- Found rosidl_adapter: 3.1.6 (/opt/ros/humble/share/rosidl_adapter/cmake)
[0.636s] -- Found rosidl_generator_cpp: 3.1.6 (/opt/ros/humble/share/rosidl_generator_cpp/cmake)
[0.650s] -- Using all available rosidl_typesupport_c: rosidl_typesupport_fastrtps_c;rosidl_typesupport_introspection_c
[0.666s] -- Using all available rosidl_typesupport_cpp: rosidl_typesupport_fastrtps_cpp;rosidl_typesupport_introspection_cpp
[0.713s] -- Found rosidl_default_generators: 1.2.0 (/opt/ros/humble/share/rosidl_default_generators/cmake)
[0.726s] -- Found ament_lint_auto: 0.12.12 (/opt/ros/humble/share/ament_lint_auto/cmake)
[1.076s] -- Found ament_cmake_ros: 0.10.0 (/opt/ros/humble/share/ament_cmake_ros/cmake)
[1.495s] -- Using all available rosidl_typesupport_c: rosidl_typesupport_fastrtps_c;rosidl_typesupport_introspection_c
[1.658s] -- Using all available rosidl_typesupport_cpp: rosidl_typesupport_fastrtps_cpp;rosidl_typesupport_introspection_cpp
[1.678s] -- Found PythonInterp: /usr/bin/python3 (found suitable version "3.10.12", minimum required is "3.6") 
[1.679s] -- Found python_cmake_module: 0.10.0 (/opt/ros/humble/share/python_cmake_module/cmake)
[1.703s] -- Found PythonLibs: /usr/lib/x86_64-linux-gnu/libpython3.10.so (found suitable version "3.10.12", minimum required is "3.5") 
[1.703s] -- Using PYTHON_EXECUTABLE: /usr/bin/python3
[1.703s] -- Using PYTHON_INCLUDE_DIRS: /usr/include/python3.10
[1.703s] -- Using PYTHON_LIBRARIES: /usr/lib/x86_64-linux-gnu/libpython3.10.so
[1.730s] -- Found PythonExtra: .so  
[1.785s] -- Added test 'lint_cmake' to check CMake code style
[1.786s] -- Added test 'xmllint' to check XML markup files
[1.790s] -- Configuring done
[1.821s] -- Generating done
[1.833s] -- Build files have been written to: /home/b/transporter_realsense/build/interfaces
[1.843s] Invoked command in '/home/b/transporter_realsense/build/interfaces' returned '0': CMAKE_PREFIX_PATH=${CMAKE_PREFIX_PATH}:/opt/ros/humble /usr/bin/cmake /home/b/transporter_realsense/src/interfaces -DCMAKE_INSTALL_PREFIX=/home/b/transporter_realsense/install/interfaces
[1.845s] Invoking command in '/home/b/transporter_realsense/build/interfaces': CMAKE_PREFIX_PATH=${CMAKE_PREFIX_PATH}:/opt/ros/humble /usr/bin/cmake --build /home/b/transporter_realsense/build/interfaces -- -j12 -l12
[1.884s] [  3%] [34m[1mGenerating C code for ROS interfaces[0m
[1.895s] [  6%] [34m[1mGenerating C++ code for ROS interfaces[0m
[1.903s] [  6%] Built target ament_cmake_python_copy_interfaces
[2.180s] running egg_info
[2.180s] creating interfaces.egg-info
[2.180s] writing interfaces.egg-info/PKG-INFO
[2.181s] writing dependency_links to interfaces.egg-info/dependency_links.txt
[2.181s] writing top-level names to interfaces.egg-info/top_level.txt
[2.181s] writing manifest file 'interfaces.egg-info/SOURCES.txt'
[2.184s] reading manifest file 'interfaces.egg-info/SOURCES.txt'
[2.184s] writing manifest file 'interfaces.egg-info/SOURCES.txt'
[2.197s] [  9%] [32mBuilding C object CMakeFiles/interfaces__rosidl_generator_c.dir/rosidl_generator_c/interfaces/srv/detail/set_target__functions.c.o[0m
[2.200s] [  9%] Built target interfaces__cpp
[2.214s] [ 19%] [34m[1mGenerating C++ introspection for ROS interfaces[0m
[2.214s] [ 19%] [34m[1mGenerating C++ type support dispatch for ROS interfaces[0m
[2.215s] [ 19%] [34m[1mGenerating C++ type support for eProsima Fast-RTPS[0m
[2.219s] [ 19%] Built target ament_cmake_python_build_interfaces_egg
[2.280s] [ 22%] [32m[1mLinking C shared library libinterfaces__rosidl_generator_c.so[0m
[2.326s] [ 22%] Built target interfaces__rosidl_generator_c
[2.338s] [ 25%] [34m[1mGenerating C introspection for ROS interfaces[0m
[2.338s] [ 29%] [34m[1mGenerating C type support dispatch for ROS interfaces[0m
[2.341s] [ 32%] [34m[1mGenerating C type support for eProsima Fast-RTPS[0m
[2.511s] [ 35%] [32mBuilding CXX object CMakeFiles/interfaces__rosidl_typesupport_cpp.dir/rosidl_typesupport_cpp/interfaces/srv/set_target__type_support.cpp.o[0m
[2.524s] [ 38%] [32mBuilding CXX object CMakeFiles/interfaces__rosidl_typesupport_introspection_cpp.dir/rosidl_typesupport_introspection_cpp/interfaces/srv/detail/set_target__type_support.cpp.o[0m
[2.546s] [ 41%] [32mBuilding CXX object CMakeFiles/interfaces__rosidl_typesupport_fastrtps_cpp.dir/rosidl_typesupport_fastrtps_cpp/interfaces/srv/detail/dds_fastrtps/set_target__type_support.cpp.o[0m
[2.622s] [ 45%] [32mBuilding CXX object CMakeFiles/interfaces__rosidl_typesupport_c.dir/rosidl_typesupport_c/interfaces/srv/set_target__type_support.cpp.o[0m
[2.664s] [ 48%] [32mBuilding C object CMakeFiles/interfaces__rosidl_typesupport_introspection_c.dir/rosidl_typesupport_introspection_c/interfaces/srv/detail/set_target__type_support.c.o[0m
[2.665s] [ 51%] [32m[1mLinking CXX shared library libinterfaces__rosidl_typesupport_c.so[0m
[2.673s] [ 54%] [32mBuilding CXX object CMakeFiles/interfaces__rosidl_typesupport_fastrtps_c.dir/rosidl_typesupport_fastrtps_c/interfaces/srv/detail/set_target__type_support_c.cpp.o[0m
[2.703s] [ 58%] [32m[1mLinking C shared library libinterfaces__rosidl_typesupport_introspection_c.so[0m
[2.709s] [ 58%] Built target interfaces__rosidl_typesupport_c
[2.743s] [ 58%] Built target interfaces__rosidl_typesupport_introspection_c
[2.830s] [ 61%] [32m[1mLinking CXX shared library libinterfaces__rosidl_typesupport_cpp.so[0m
[2.876s] [ 61%] Built target interfaces__rosidl_typesupport_cpp
[2.961s] [ 64%] [32m[1mLinking CXX shared library libinterfaces__rosidl_typesupport_introspection_cpp.so[0m
[2.990s] [ 67%] [32m[1mLinking CXX shared library libinterfaces__rosidl_typesupport_fastrtps_cpp.so[0m
[3.033s] [ 67%] Built target interfaces__rosidl_typesupport_introspection_cpp
[3.055s] [ 70%] [32m[1mLinking CXX shared library libinterfaces__rosidl_typesupport_fastrtps_c.so[0m
[3.074s] [ 70%] Built target interfaces__rosidl_typesupport_fastrtps_cpp
[3.130s] [ 70%] Built target interfaces__rosidl_typesupport_fastrtps_c
[3.151s] [ 70%] Built target interfaces
[3.171s] [ 74%] [34m[1mGenerating Python code for ROS interfaces[0m
[3.499s] [ 74%] Built target interfaces__py
[3.523s] [ 77%] [32mBuilding C object CMakeFiles/interfaces__rosidl_generator_py.dir/rosidl_generator_py/interfaces/srv/_set_target_s.c.o[0m
[3.612s] [ 80%] [32m[1mLinking C shared library rosidl_generator_py/interfaces/libinterfaces__rosidl_generator_py.so[0m
[3.657s] [ 80%] Built target interfaces__rosidl_generator_py
[3.678s] [ 87%] [32mBuilding C object CMakeFiles/interfaces__rosidl_typesupport_fastrtps_c__pyext.dir/rosidl_generator_py/interfaces/_interfaces_s.ep.rosidl_typesupport_fastrtps_c.c.o[0m
[3.678s] [ 87%] [32mBuilding C object CMakeFiles/interfaces__rosidl_typesupport_introspection_c__pyext.dir/rosidl_generator_py/interfaces/_interfaces_s.ep.rosidl_typesupport_introspection_c.c.o[0m
[3.678s] [ 90%] [32mBuilding C object CMakeFiles/interfaces__rosidl_typesupport_c__pyext.dir/rosidl_generator_py/interfaces/_interfaces_s.ep.rosidl_typesupport_c.c.o[0m
[3.784s] [ 96%] [32m[1mLinking C shared library rosidl_generator_py/interfaces/interfaces_s__rosidl_typesupport_introspection_c.cpython-310-x86_64-linux-gnu.so[0m
[3.784s] [ 96%] [32m[1mLinking C shared library rosidl_generator_py/interfaces/interfaces_s__rosidl_typesupport_c.cpython-310-x86_64-linux-gnu.so[0m
[3.785s] [100%] [32m[1mLinking C shared library rosidl_generator_py/interfaces/interfaces_s__rosidl_typesupport_fastrtps_c.cpython-310-x86_64-linux-gnu.so[0m
[3.830s] [100%] Built target interfaces__rosidl_typesupport_fastrtps_c__pyext
[3.831s] [100%] Built target interfaces__rosidl_typesupport_introspection_c__pyext
[3.834s] [100%] Built target interfaces__rosidl_typesupport_c__pyext
[3.845s] Invoked command in '/home/b/transporter_realsense/build/interfaces' returned '0': CMAKE_PREFIX_PATH=${CMAKE_PREFIX_PATH}:/opt/ros/humble /usr/bin/cmake --build /home/b/transporter_realsense/build/interfaces -- -j12 -l12
[3.847s] Invoking command in '/home/b/transporter_realsense/build/interfaces': CMAKE_PREFIX_PATH=${CMAKE_PREFIX_PATH}:/opt/ros/humble /usr/bin/cmake --install /home/b/transporter_realsense/build/interfaces
[3.854s] -- Install configuration: ""
[3.855s] -- Installing: /home/b/transporter_realsense/install/interfaces/share/ament_index/resource_index/rosidl_interfaces/interfaces
[3.855s] -- Installing: /home/b/transporter_realsense/install/interfaces/include/interfaces/interfaces
[3.855s] -- Installing: /home/b/transporter_realsense/install/interfaces/include/interfaces/interfaces/srv
[3.855s] -- Installing: /home/b/transporter_realsense/install/interfaces/include/interfaces/interfaces/srv/detail
[3.855s] -- Installing: /home/b/transporter_realsense/install/interfaces/include/interfaces/interfaces/srv/detail/set_target__functions.c
[3.855s] -- Installing: /home/b/transporter_realsense/install/interfaces/include/interfaces/interfaces/srv/detail/set_target__type_support.h
[3.855s] -- Installing: /home/b/transporter_realsense/install/interfaces/include/interfaces/interfaces/srv/detail/set_target__functions.h
[3.855s] -- Installing: /home/b/transporter_realsense/install/interfaces/include/interfaces/interfaces/srv/detail/set_target__struct.h
[3.855s] -- Installing: /home/b/transporter_realsense/install/interfaces/include/interfaces/interfaces/srv/set_target.h
[3.855s] -- Installing: /home/b/transporter_realsense/install/interfaces/include/interfaces/interfaces/msg
[3.855s] -- Installing: /home/b/transporter_realsense/install/interfaces/include/interfaces/interfaces/msg/rosidl_generator_c__visibility_control.h
[3.856s] -- Installing: /home/b/transporter_realsense/install/interfaces/share/interfaces/environment/library_path.sh
[3.856s] -- Installing: /home/b/transporter_realsense/install/interfaces/share/interfaces/environment/library_path.dsv
[3.856s] -- Installing: /home/b/transporter_realsense/install/interfaces/lib/libinterfaces__rosidl_generator_c.so
[3.856s] -- Set runtime path of "/home/b/transporter_realsense/install/interfaces/lib/libinterfaces__rosidl_generator_c.so" to ""
[3.856s] -- Up-to-date: /home/b/transporter_realsense/install/interfaces/include/interfaces/interfaces
[3.856s] -- Up-to-date: /home/b/transporter_realsense/install/interfaces/include/interfaces/interfaces/srv
[3.856s] -- Up-to-date: /home/b/transporter_realsense/install/interfaces/include/interfaces/interfaces/srv/detail
[3.856s] -- Installing: /home/b/transporter_realsense/install/interfaces/include/interfaces/interfaces/srv/detail/set_target__rosidl_typesupport_fastrtps_c.h
[3.856s] -- Up-to-date: /home/b/transporter_realsense/install/interfaces/include/interfaces/interfaces/msg
[3.856s] -- Installing: /home/b/transporter_realsense/install/interfaces/include/interfaces/interfaces/msg/rosidl_typesupport_fastrtps_c__visibility_control.h
[3.857s] -- Installing: /home/b/transporter_realsense/install/interfaces/lib/libinterfaces__rosidl_typesupport_fastrtps_c.so
[3.857s] -- Set runtime path of "/home/b/transporter_realsense/install/interfaces/lib/libinterfaces__rosidl_typesupport_fastrtps_c.so" to ""
[3.857s] -- Up-to-date: /home/b/transporter_realsense/install/interfaces/include/interfaces/interfaces
[3.857s] -- Up-to-date: /home/b/transporter_realsense/install/interfaces/include/interfaces/interfaces/srv
[3.857s] -- Up-to-date: /home/b/transporter_realsense/install/interfaces/include/interfaces/interfaces/srv/detail
[3.857s] -- Installing: /home/b/transporter_realsense/install/interfaces/include/interfaces/interfaces/srv/detail/set_target__type_support.hpp
[3.857s] -- Installing: /home/b/transporter_realsense/install/interfaces/include/interfaces/interfaces/srv/detail/set_target__builder.hpp
[3.858s] -- Installing: /home/b/transporter_realsense/install/interfaces/include/interfaces/interfaces/srv/detail/set_target__traits.hpp
[3.858s] -- Installing: /home/b/transporter_realsense/install/interfaces/include/interfaces/interfaces/srv/detail/set_target__struct.hpp
[3.858s] -- Installing: /home/b/transporter_realsense/install/interfaces/include/interfaces/interfaces/srv/set_target.hpp
[3.858s] -- Up-to-date: /home/b/transporter_realsense/install/interfaces/include/interfaces/interfaces/msg
[3.858s] -- Installing: /home/b/transporter_realsense/install/interfaces/include/interfaces/interfaces/msg/rosidl_generator_cpp__visibility_control.hpp
[3.859s] -- Up-to-date: /home/b/transporter_realsense/install/interfaces/include/interfaces/interfaces
[3.859s] -- Up-to-date: /home/b/transporter_realsense/install/interfaces/include/interfaces/interfaces/srv
[3.859s] -- Up-to-date: /home/b/transporter_realsense/install/interfaces/include/interfaces/interfaces/srv/detail
[3.859s] -- Installing: /home/b/transporter_realsense/install/interfaces/include/interfaces/interfaces/srv/detail/dds_fastrtps
[3.859s] -- Installing: /home/b/transporter_realsense/install/interfaces/include/interfaces/interfaces/srv/detail/set_target__rosidl_typesupport_fastrtps_cpp.hpp
[3.859s] -- Up-to-date: /home/b/transporter_realsense/install/interfaces/include/interfaces/interfaces/msg
[3.859s] -- Installing: /home/b/transporter_realsense/install/interfaces/include/interfaces/interfaces/msg/rosidl_typesupport_fastrtps_cpp__visibility_control.h
[3.859s] -- Installing: /home/b/transporter_realsense/install/interfaces/lib/libinterfaces__rosidl_typesupport_fastrtps_cpp.so
[3.859s] -- Set runtime path of "/home/b/transporter_realsense/install/interfaces/lib/libinterfaces__rosidl_typesupport_fastrtps_cpp.so" to ""
[3.859s] -- Up-to-date: /home/b/transporter_realsense/install/interfaces/include/interfaces/interfaces
[3.859s] -- Up-to-date: /home/b/transporter_realsense/install/interfaces/include/interfaces/interfaces/srv
[3.859s] -- Up-to-date: /home/b/transporter_realsense/install/interfaces/include/interfaces/interfaces/srv/detail
[3.859s] -- Installing: /home/b/transporter_realsense/install/interfaces/include/interfaces/interfaces/srv/detail/set_target__type_support.c
[3.859s] -- Installing: /home/b/transporter_realsense/install/interfaces/include/interfaces/interfaces/srv/detail/set_target__rosidl_typesupport_introspection_c.h
[3.859s] -- Up-to-date: /home/b/transporter_realsense/install/interfaces/include/interfaces/interfaces/msg
[3.859s] -- Installing: /home/b/transporter_realsense/install/interfaces/include/interfaces/interfaces/msg/rosidl_typesupport_introspection_c__visibility_control.h
[3.859s] -- Installing: /home/b/transporter_realsense/install/interfaces/lib/libinterfaces__rosidl_typesupport_introspection_c.so
[3.860s] -- Set runtime path of "/home/b/transporter_realsense/install/interfaces/lib/libinterfaces__rosidl_typesupport_introspection_c.so" to ""
[3.860s] -- Installing: /home/b/transporter_realsense/install/interfaces/lib/libinterfaces__rosidl_typesupport_c.so
[3.860s] -- Set runtime path of "/home/b/transporter_realsense/install/interfaces/lib/libinterfaces__rosidl_typesupport_c.so" to ""
[3.860s] -- Up-to-date: /home/b/transporter_realsense/install/interfaces/include/interfaces/interfaces
[3.860s] -- Up-to-date: /home/b/transporter_realsense/install/interfaces/include/interfaces/interfaces/srv
[3.860s] -- Up-to-date: /home/b/transporter_realsense/install/interfaces/include/interfaces/interfaces/srv/detail
[3.860s] -- Installing: /home/b/transporter_realsense/install/interfaces/include/interfaces/interfaces/srv/detail/set_target__type_support.cpp
[3.860s] -- Installing: /home/b/transporter_realsense/install/interfaces/include/interfaces/interfaces/srv/detail/set_target__rosidl_typesupport_introspection_cpp.hpp
[3.860s] -- Installing: /home/b/transporter_realsense/install/interfaces/lib/libinterfaces__rosidl_typesupport_introspection_cpp.so
[3.860s] -- Set runtime path of "/home/b/transporter_realsense/install/interfaces/lib/libinterfaces__rosidl_typesupport_introspection_cpp.so" to ""
[3.861s] -- Installing: /home/b/transporter_realsense/install/interfaces/lib/libinterfaces__rosidl_typesupport_cpp.so
[3.861s] -- Set runtime path of "/home/b/transporter_realsense/install/interfaces/lib/libinterfaces__rosidl_typesupport_cpp.so" to ""
[3.861s] -- Installing: /home/b/transporter_realsense/install/interfaces/share/interfaces/environment/pythonpath.sh
[3.861s] -- Installing: /home/b/transporter_realsense/install/interfaces/share/interfaces/environment/pythonpath.dsv
[3.861s] -- Installing: /home/b/transporter_realsense/install/interfaces/local/lib/python3.10/dist-packages/interfaces-0.0.0-py3.10.egg-info
[3.861s] -- Installing: /home/b/transporter_realsense/install/interfaces/local/lib/python3.10/dist-packages/interfaces-0.0.0-py3.10.egg-info/SOURCES.txt
[3.861s] -- Installing: /home/b/transporter_realsense/install/interfaces/local/lib/python3.10/dist-packages/interfaces-0.0.0-py3.10.egg-info/dependency_links.txt
[3.861s] -- Installing: /home/b/transporter_realsense/install/interfaces/local/lib/python3.10/dist-packages/interfaces-0.0.0-py3.10.egg-info/top_level.txt
[3.861s] -- Installing: /home/b/transporter_realsense/install/interfaces/local/lib/python3.10/dist-packages/interfaces-0.0.0-py3.10.egg-info/PKG-INFO
[3.862s] -- Installing: /home/b/transporter_realsense/install/interfaces/local/lib/python3.10/dist-packages/interfaces
[3.862s] -- Installing: /home/b/transporter_realsense/install/interfaces/local/lib/python3.10/dist-packages/interfaces/_interfaces_s.ep.rosidl_typesupport_fastrtps_c.c
[3.862s] -- Installing: /home/b/transporter_realsense/install/interfaces/local/lib/python3.10/dist-packages/interfaces/interfaces_s__rosidl_typesupport_fastrtps_c.cpython-310-x86_64-linux-gnu.so
[3.862s] -- Installing: /home/b/transporter_realsense/install/interfaces/local/lib/python3.10/dist-packages/interfaces/srv
[3.862s] -- Installing: /home/b/transporter_realsense/install/interfaces/local/lib/python3.10/dist-packages/interfaces/srv/_set_target.py
[3.862s] -- Installing: /home/b/transporter_realsense/install/interfaces/local/lib/python3.10/dist-packages/interfaces/srv/_set_target_s.c
[3.862s] -- Installing: /home/b/transporter_realsense/install/interfaces/local/lib/python3.10/dist-packages/interfaces/srv/__init__.py
[3.862s] -- Installing: /home/b/transporter_realsense/install/interfaces/local/lib/python3.10/dist-packages/interfaces/libinterfaces__rosidl_generator_py.so
[3.862s] -- Installing: /home/b/transporter_realsense/install/interfaces/local/lib/python3.10/dist-packages/interfaces/_interfaces_s.ep.rosidl_typesupport_c.c
[3.862s] -- Installing: /home/b/transporter_realsense/install/interfaces/local/lib/python3.10/dist-packages/interfaces/_interfaces_s.ep.rosidl_typesupport_introspection_c.c
[3.863s] -- Installing: /home/b/transporter_realsense/install/interfaces/local/lib/python3.10/dist-packages/interfaces/__init__.py
[3.863s] -- Installing: /home/b/transporter_realsense/install/interfaces/local/lib/python3.10/dist-packages/interfaces/interfaces_s__rosidl_typesupport_introspection_c.cpython-310-x86_64-linux-gnu.so
[3.863s] -- Installing: /home/b/transporter_realsense/install/interfaces/local/lib/python3.10/dist-packages/interfaces/interfaces_s__rosidl_typesupport_c.cpython-310-x86_64-linux-gnu.so
[3.896s] Listing '/home/b/transporter_realsense/install/interfaces/local/lib/python3.10/dist-packages/interfaces'...
[3.896s] Compiling '/home/b/transporter_realsense/install/interfaces/local/lib/python3.10/dist-packages/interfaces/__init__.py'...
[3.896s] Listing '/home/b/transporter_realsense/install/interfaces/local/lib/python3.10/dist-packages/interfaces/srv'...
[3.896s] Compiling '/home/b/transporter_realsense/install/interfaces/local/lib/python3.10/dist-packages/interfaces/srv/__init__.py'...
[3.897s] Compiling '/home/b/transporter_realsense/install/interfaces/local/lib/python3.10/dist-packages/interfaces/srv/_set_target.py'...
[3.901s] -- Installing: /home/b/transporter_realsense/install/interfaces/local/lib/python3.10/dist-packages/interfaces/interfaces_s__rosidl_typesupport_fastrtps_c.cpython-310-x86_64-linux-gnu.so
[3.901s] -- Set runtime path of "/home/b/transporter_realsense/install/interfaces/local/lib/python3.10/dist-packages/interfaces/interfaces_s__rosidl_typesupport_fastrtps_c.cpython-310-x86_64-linux-gnu.so" to ""
[3.901s] -- Installing: /home/b/transporter_realsense/install/interfaces/local/lib/python3.10/dist-packages/interfaces/interfaces_s__rosidl_typesupport_introspection_c.cpython-310-x86_64-linux-gnu.so
[3.901s] -- Set runtime path of "/home/b/transporter_realsense/install/interfaces/local/lib/python3.10/dist-packages/interfaces/interfaces_s__rosidl_typesupport_introspection_c.cpython-310-x86_64-linux-gnu.so" to ""
[3.902s] -- Installing: /home/b/transporter_realsense/install/interfaces/local/lib/python3.10/dist-packages/interfaces/interfaces_s__rosidl_typesupport_c.cpython-310-x86_64-linux-gnu.so
[3.902s] -- Set runtime path of "/home/b/transporter_realsense/install/interfaces/local/lib/python3.10/dist-packages/interfaces/interfaces_s__rosidl_typesupport_c.cpython-310-x86_64-linux-gnu.so" to ""
[3.902s] -- Installing: /home/b/transporter_realsense/install/interfaces/lib/libinterfaces__rosidl_generator_py.so
[3.902s] -- Set runtime path of "/home/b/transporter_realsense/install/interfaces/lib/libinterfaces__rosidl_generator_py.so" to ""
[3.902s] -- Installing: /home/b/transporter_realsense/install/interfaces/share/interfaces/srv/SetTarget.idl
[3.902s] -- Installing: /home/b/transporter_realsense/install/interfaces/share/interfaces/srv/SetTarget.srv
[3.903s] -- Installing: /home/b/transporter_realsense/install/interfaces/share/interfaces/srv/SetTarget_Request.msg
[3.903s] -- Installing: /home/b/transporter_realsense/install/interfaces/share/interfaces/srv/SetTarget_Response.msg
[3.903s] -- Installing: /home/b/transporter_realsense/install/interfaces/share/ament_index/resource_index/package_run_dependencies/interfaces
[3.903s] -- Installing: /home/b/transporter_realsense/install/interfaces/share/ament_index/resource_index/parent_prefix_path/interfaces
[3.903s] -- Installing: /home/b/transporter_realsense/install/interfaces/share/interfaces/environment/ament_prefix_path.sh
[3.903s] -- Installing: /home/b/transporter_realsense/install/interfaces/share/interfaces/environment/ament_prefix_path.dsv
[3.903s] -- Installing: /home/b/transporter_realsense/install/interfaces/share/interfaces/environment/path.sh
[3.904s] -- Installing: /home/b/transporter_realsense/install/interfaces/share/interfaces/environment/path.dsv
[3.904s] -- Installing: /home/b/transporter_realsense/install/interfaces/share/interfaces/local_setup.bash
[3.904s] -- Installing: /home/b/transporter_realsense/install/interfaces/share/interfaces/local_setup.sh
[3.904s] -- Installing: /home/b/transporter_realsense/install/interfaces/share/interfaces/local_setup.zsh
[3.904s] -- Installing: /home/b/transporter_realsense/install/interfaces/share/interfaces/local_setup.dsv
[3.904s] -- Installing: /home/b/transporter_realsense/install/interfaces/share/interfaces/package.dsv
[3.904s] -- Installing: /home/b/transporter_realsense/install/interfaces/share/ament_index/resource_index/packages/interfaces
[3.904s] -- Installing: /home/b/transporter_realsense/install/interfaces/share/interfaces/cmake/export_interfaces__rosidl_generator_cExport.cmake
[3.904s] -- Installing: /home/b/transporter_realsense/install/interfaces/share/interfaces/cmake/export_interfaces__rosidl_generator_cExport-noconfig.cmake
[3.905s] -- Installing: /home/b/transporter_realsense/install/interfaces/share/interfaces/cmake/export_interfaces__rosidl_typesupport_fastrtps_cExport.cmake
[3.905s] -- Installing: /home/b/transporter_realsense/install/interfaces/share/interfaces/cmake/export_interfaces__rosidl_typesupport_fastrtps_cExport-noconfig.cmake
[3.905s] -- Installing: /home/b/transporter_realsense/install/interfaces/share/interfaces/cmake/export_interfaces__rosidl_generator_cppExport.cmake
[3.905s] -- Installing: /home/b/transporter_realsense/install/interfaces/share/interfaces/cmake/export_interfaces__rosidl_typesupport_fastrtps_cppExport.cmake
[3.905s] -- Installing: /home/b/transporter_realsense/install/interfaces/share/interfaces/cmake/export_interfaces__rosidl_typesupport_fastrtps_cppExport-noconfig.cmake
[3.905s] -- Installing: /home/b/transporter_realsense/install/interfaces/share/interfaces/cmake/interfaces__rosidl_typesupport_introspection_cExport.cmake
[3.905s] -- Installing: /home/b/transporter_realsense/install/interfaces/share/interfaces/cmake/interfaces__rosidl_typesupport_introspection_cExport-noconfig.cmake
[3.905s] -- Installing: /home/b/transporter_realsense/install/interfaces/share/interfaces/cmake/interfaces__rosidl_typesupport_cExport.cmake
[3.906s] -- Installing: /home/b/transporter_realsense/install/interfaces/share/interfaces/cmake/interfaces__rosidl_typesupport_cExport-noconfig.cmake
[3.906s] -- Installing: /home/b/transporter_realsense/install/interfaces/share/interfaces/cmake/interfaces__rosidl_typesupport_introspection_cppExport.cmake
[3.906s] -- Installing: /home/b/transporter_realsense/install/interfaces/share/interfaces/cmake/interfaces__rosidl_typesupport_introspection_cppExport-noconfig.cmake
[3.906s] -- Installing: /home/b/transporter_realsense/install/interfaces/share/interfaces/cmake/interfaces__rosidl_typesupport_cppExport.cmake
[3.906s] -- Installing: /home/b/transporter_realsense/install/interfaces/share/interfaces/cmake/interfaces__rosidl_typesupport_cppExport-noconfig.cmake
[3.906s] -- Installing: /home/b/transporter_realsense/install/interfaces/share/interfaces/cmake/export_interfaces__rosidl_generator_pyExport.cmake
[3.906s] -- Installing: /home/b/transporter_realsense/install/interfaces/share/interfaces/cmake/export_interfaces__rosidl_generator_pyExport-noconfig.cmake
[3.906s] -- Installing: /home/b/transporter_realsense/install/interfaces/share/interfaces/cmake/rosidl_cmake-extras.cmake
[3.906s] -- Installing: /home/b/transporter_realsense/install/interfaces/share/interfaces/cmake/ament_cmake_export_dependencies-extras.cmake
[3.907s] -- Installing: /home/b/transporter_realsense/install/interfaces/share/interfaces/cmake/ament_cmake_export_include_directories-extras.cmake
[3.907s] -- Installing: /home/b/transporter_realsense/install/interfaces/share/interfaces/cmake/ament_cmake_export_libraries-extras.cmake
[3.907s] -- Installing: /home/b/transporter_realsense/install/interfaces/share/interfaces/cmake/ament_cmake_export_targets-extras.cmake
[3.907s] -- Installing: /home/b/transporter_realsense/install/interfaces/share/interfaces/cmake/rosidl_cmake_export_typesupport_targets-extras.cmake
[3.907s] -- Installing: /home/b/transporter_realsense/install/interfaces/share/interfaces/cmake/rosidl_cmake_export_typesupport_libraries-extras.cmake
[3.907s] -- Installing: /home/b/transporter_realsense/install/interfaces/share/interfaces/cmake/interfacesConfig.cmake
[3.907s] -- Installing: /home/b/transporter_realsense/install/interfaces/share/interfaces/cmake/interfacesConfig-version.cmake
[3.907s] -- Installing: /home/b/transporter_realsense/install/interfaces/share/interfaces/package.xml
[3.910s] Invoked command in '/home/b/transporter_realsense/build/interfaces' returned '0': CMAKE_PREFIX_PATH=${CMAKE_PREFIX_PATH}:/opt/ros/humble /usr/bin/cmake --install /home/b/transporter_realsense/build/interfaces
