[0.089s] DEBUG:colcon:Command line arguments: ['/usr/bin/colcon', 'build']
[0.090s] DEBUG:colcon:Parsed command line arguments: Namespace(log_base=None, log_level=None, verb_name='build', build_base='build', install_base='install', merge_install=False, symlink_install=False, test_result_base=None, continue_on_error=False, executor='parallel', parallel_workers=12, event_handlers=None, ignore_user_meta=False, metas=['./colcon.meta'], base_paths=['.'], packages_ignore=None, packages_ignore_regex=None, paths=None, packages_up_to=None, packages_up_to_regex=None, packages_above=None, packages_above_and_dependencies=None, packages_above_depth=None, packages_select_by_dep=None, packages_skip_by_dep=None, packages_skip_up_to=None, packages_select_build_failed=False, packages_skip_build_finished=False, packages_select_test_failures=False, packages_skip_test_passed=False, packages_select=None, packages_skip=None, packages_select_regex=None, packages_skip_regex=None, packages_start=None, packages_end=None, allow_overriding=[], cmake_args=None, cmake_target=None, cmake_target_skip_unavailable=False, cmake_clean_cache=False, cmake_clean_first=False, cmake_force_configure=False, ament_cmake_args=None, catkin_cmake_args=None, catkin_skip_building_tests=False, mixin_files=None, mixin=None, verb_parser=<colcon_mixin.mixin.mixin_argument.MixinArgumentDecorator object at 0x7a013d71aad0>, verb_extension=<colcon_core.verb.build.BuildVerb object at 0x7a013d6d4940>, main=<bound method BuildVerb.main of <colcon_core.verb.build.BuildVerb object at 0x7a013d6d4940>>, mixin_verb=('build',))
[0.220s] Level 1:colcon.colcon_core.package_discovery:discover_packages(colcon_meta) check parameters
[0.220s] Level 1:colcon.colcon_core.package_discovery:discover_packages(recursive) check parameters
[0.220s] Level 1:colcon.colcon_core.package_discovery:discover_packages(ignore) check parameters
[0.220s] Level 1:colcon.colcon_core.package_discovery:discover_packages(path) check parameters
[0.221s] Level 1:colcon.colcon_core.package_discovery:discover_packages(colcon_meta) discover
[0.221s] Level 1:colcon.colcon_core.package_discovery:discover_packages(recursive) discover
[0.221s] INFO:colcon.colcon_core.package_discovery:Crawling recursively for packages in '/home/b/transporter_realsense'
[0.221s] Level 1:colcon.colcon_core.package_identification:_identify(.) by extensions ['ignore', 'ignore_ament_install']
[0.221s] Level 1:colcon.colcon_core.package_identification:_identify(.) by extension 'ignore'
[0.221s] Level 1:colcon.colcon_core.package_identification:_identify(.) by extension 'ignore_ament_install'
[0.221s] Level 1:colcon.colcon_core.package_identification:_identify(.) by extensions ['colcon_pkg']
[0.221s] Level 1:colcon.colcon_core.package_identification:_identify(.) by extension 'colcon_pkg'
[0.221s] Level 1:colcon.colcon_core.package_identification:_identify(.) by extensions ['colcon_meta']
[0.221s] Level 1:colcon.colcon_core.package_identification:_identify(.) by extension 'colcon_meta'
[0.221s] Level 1:colcon.colcon_core.package_identification:_identify(.) by extensions ['ros']
[0.221s] Level 1:colcon.colcon_core.package_identification:_identify(.) by extension 'ros'
[0.229s] Level 1:colcon.colcon_core.package_identification:_identify(.) by extensions ['cmake', 'python']
[0.229s] Level 1:colcon.colcon_core.package_identification:_identify(.) by extension 'cmake'
[0.229s] Level 1:colcon.colcon_core.package_identification:_identify(.) by extension 'python'
[0.229s] Level 1:colcon.colcon_core.package_identification:_identify(.) by extensions ['python_setup_py']
[0.229s] Level 1:colcon.colcon_core.package_identification:_identify(.) by extension 'python_setup_py'
[0.230s] Level 1:colcon.colcon_core.package_identification:_identify(build) by extensions ['ignore', 'ignore_ament_install']
[0.230s] Level 1:colcon.colcon_core.package_identification:_identify(build) by extension 'ignore'
[0.230s] Level 1:colcon.colcon_core.package_identification:_identify(build) ignored
[0.230s] Level 1:colcon.colcon_core.package_identification:_identify(install) by extensions ['ignore', 'ignore_ament_install']
[0.230s] Level 1:colcon.colcon_core.package_identification:_identify(install) by extension 'ignore'
[0.230s] Level 1:colcon.colcon_core.package_identification:_identify(install) ignored
[0.230s] Level 1:colcon.colcon_core.package_identification:_identify(log) by extensions ['ignore', 'ignore_ament_install']
[0.230s] Level 1:colcon.colcon_core.package_identification:_identify(log) by extension 'ignore'
[0.230s] Level 1:colcon.colcon_core.package_identification:_identify(log) ignored
[0.230s] Level 1:colcon.colcon_core.package_identification:_identify(src) by extensions ['ignore', 'ignore_ament_install']
[0.230s] Level 1:colcon.colcon_core.package_identification:_identify(src) by extension 'ignore'
[0.230s] Level 1:colcon.colcon_core.package_identification:_identify(src) by extension 'ignore_ament_install'
[0.230s] Level 1:colcon.colcon_core.package_identification:_identify(src) by extensions ['colcon_pkg']
[0.230s] Level 1:colcon.colcon_core.package_identification:_identify(src) by extension 'colcon_pkg'
[0.230s] Level 1:colcon.colcon_core.package_identification:_identify(src) by extensions ['colcon_meta']
[0.230s] Level 1:colcon.colcon_core.package_identification:_identify(src) by extension 'colcon_meta'
[0.230s] Level 1:colcon.colcon_core.package_identification:_identify(src) by extensions ['ros']
[0.230s] Level 1:colcon.colcon_core.package_identification:_identify(src) by extension 'ros'
[0.230s] Level 1:colcon.colcon_core.package_identification:_identify(src) by extensions ['cmake', 'python']
[0.230s] Level 1:colcon.colcon_core.package_identification:_identify(src) by extension 'cmake'
[0.230s] Level 1:colcon.colcon_core.package_identification:_identify(src) by extension 'python'
[0.231s] Level 1:colcon.colcon_core.package_identification:_identify(src) by extensions ['python_setup_py']
[0.231s] Level 1:colcon.colcon_core.package_identification:_identify(src) by extension 'python_setup_py'
[0.231s] Level 1:colcon.colcon_core.package_identification:_identify(src/interfaces) by extensions ['ignore', 'ignore_ament_install']
[0.231s] Level 1:colcon.colcon_core.package_identification:_identify(src/interfaces) by extension 'ignore'
[0.231s] Level 1:colcon.colcon_core.package_identification:_identify(src/interfaces) by extension 'ignore_ament_install'
[0.231s] Level 1:colcon.colcon_core.package_identification:_identify(src/interfaces) by extensions ['colcon_pkg']
[0.231s] Level 1:colcon.colcon_core.package_identification:_identify(src/interfaces) by extension 'colcon_pkg'
[0.231s] Level 1:colcon.colcon_core.package_identification:_identify(src/interfaces) by extensions ['colcon_meta']
[0.231s] Level 1:colcon.colcon_core.package_identification:_identify(src/interfaces) by extension 'colcon_meta'
[0.231s] Level 1:colcon.colcon_core.package_identification:_identify(src/interfaces) by extensions ['ros']
[0.231s] Level 1:colcon.colcon_core.package_identification:_identify(src/interfaces) by extension 'ros'
[0.233s] DEBUG:colcon.colcon_core.package_identification:Package 'src/interfaces' with type 'ros.ament_cmake' and name 'interfaces'
[0.233s] Level 1:colcon.colcon_core.package_identification:_identify(src/msg) by extensions ['ignore', 'ignore_ament_install']
[0.233s] Level 1:colcon.colcon_core.package_identification:_identify(src/msg) by extension 'ignore'
[0.233s] Level 1:colcon.colcon_core.package_identification:_identify(src/msg) by extension 'ignore_ament_install'
[0.233s] Level 1:colcon.colcon_core.package_identification:_identify(src/msg) by extensions ['colcon_pkg']
[0.233s] Level 1:colcon.colcon_core.package_identification:_identify(src/msg) by extension 'colcon_pkg'
[0.233s] Level 1:colcon.colcon_core.package_identification:_identify(src/msg) by extensions ['colcon_meta']
[0.233s] Level 1:colcon.colcon_core.package_identification:_identify(src/msg) by extension 'colcon_meta'
[0.233s] Level 1:colcon.colcon_core.package_identification:_identify(src/msg) by extensions ['ros']
[0.233s] Level 1:colcon.colcon_core.package_identification:_identify(src/msg) by extension 'ros'
[0.233s] Level 1:colcon.colcon_core.package_identification:_identify(src/msg) by extensions ['cmake', 'python']
[0.233s] Level 1:colcon.colcon_core.package_identification:_identify(src/msg) by extension 'cmake'
[0.233s] Level 1:colcon.colcon_core.package_identification:_identify(src/msg) by extension 'python'
[0.233s] Level 1:colcon.colcon_core.package_identification:_identify(src/msg) by extensions ['python_setup_py']
[0.233s] Level 1:colcon.colcon_core.package_identification:_identify(src/msg) by extension 'python_setup_py'
[0.234s] Level 1:colcon.colcon_core.package_identification:_identify(src/realsense) by extensions ['ignore', 'ignore_ament_install']
[0.234s] Level 1:colcon.colcon_core.package_identification:_identify(src/realsense) by extension 'ignore'
[0.234s] Level 1:colcon.colcon_core.package_identification:_identify(src/realsense) by extension 'ignore_ament_install'
[0.234s] Level 1:colcon.colcon_core.package_identification:_identify(src/realsense) by extensions ['colcon_pkg']
[0.234s] Level 1:colcon.colcon_core.package_identification:_identify(src/realsense) by extension 'colcon_pkg'
[0.234s] Level 1:colcon.colcon_core.package_identification:_identify(src/realsense) by extensions ['colcon_meta']
[0.234s] Level 1:colcon.colcon_core.package_identification:_identify(src/realsense) by extension 'colcon_meta'
[0.234s] Level 1:colcon.colcon_core.package_identification:_identify(src/realsense) by extensions ['ros']
[0.234s] Level 1:colcon.colcon_core.package_identification:_identify(src/realsense) by extension 'ros'
[0.235s] DEBUG:colcon.colcon_core.package_identification:Package 'src/realsense' with type 'ros.ament_cmake' and name 'realsense'
[0.235s] Level 1:colcon.colcon_core.package_discovery:discover_packages(recursive) using defaults
[0.235s] Level 1:colcon.colcon_core.package_discovery:discover_packages(ignore) discover
[0.235s] Level 1:colcon.colcon_core.package_discovery:discover_packages(ignore) using defaults
[0.235s] Level 1:colcon.colcon_core.package_discovery:discover_packages(path) discover
[0.235s] Level 1:colcon.colcon_core.package_discovery:discover_packages(path) using defaults
[0.259s] Level 1:colcon.colcon_core.package_discovery:discover_packages(prefix_path) check parameters
[0.259s] Level 1:colcon.colcon_core.package_discovery:discover_packages(prefix_path) discover
[0.260s] DEBUG:colcon.colcon_installed_package_information.package_discovery:Found 3 installed packages in /home/b/transporter_realsense/install
[0.260s] DEBUG:colcon.colcon_installed_package_information.package_discovery:Found 2 installed packages in /home/b/ros2_ws/install
[0.262s] DEBUG:colcon.colcon_installed_package_information.package_discovery:Found 302 installed packages in /opt/ros/humble
[0.263s] Level 1:colcon.colcon_core.package_discovery:discover_packages(prefix_path) using defaults
[0.294s] Level 5:colcon.colcon_core.verb:set package 'interfaces' build argument 'cmake_args' from command line to 'None'
[0.294s] Level 5:colcon.colcon_core.verb:set package 'interfaces' build argument 'cmake_target' from command line to 'None'
[0.294s] Level 5:colcon.colcon_core.verb:set package 'interfaces' build argument 'cmake_target_skip_unavailable' from command line to 'False'
[0.294s] Level 5:colcon.colcon_core.verb:set package 'interfaces' build argument 'cmake_clean_cache' from command line to 'False'
[0.294s] Level 5:colcon.colcon_core.verb:set package 'interfaces' build argument 'cmake_clean_first' from command line to 'False'
[0.294s] Level 5:colcon.colcon_core.verb:set package 'interfaces' build argument 'cmake_force_configure' from command line to 'False'
[0.294s] Level 5:colcon.colcon_core.verb:set package 'interfaces' build argument 'ament_cmake_args' from command line to 'None'
[0.294s] Level 5:colcon.colcon_core.verb:set package 'interfaces' build argument 'catkin_cmake_args' from command line to 'None'
[0.294s] Level 5:colcon.colcon_core.verb:set package 'interfaces' build argument 'catkin_skip_building_tests' from command line to 'False'
[0.294s] DEBUG:colcon.colcon_core.verb:Building package 'interfaces' with the following arguments: {'ament_cmake_args': None, 'build_base': '/home/b/transporter_realsense/build/interfaces', 'catkin_cmake_args': None, 'catkin_skip_building_tests': False, 'cmake_args': None, 'cmake_clean_cache': False, 'cmake_clean_first': False, 'cmake_force_configure': False, 'cmake_target': None, 'cmake_target_skip_unavailable': False, 'install_base': '/home/b/transporter_realsense/install/interfaces', 'merge_install': False, 'path': '/home/b/transporter_realsense/src/interfaces', 'symlink_install': False, 'test_result_base': None}
[0.294s] Level 5:colcon.colcon_core.verb:set package 'realsense' build argument 'cmake_args' from command line to 'None'
[0.294s] Level 5:colcon.colcon_core.verb:set package 'realsense' build argument 'cmake_target' from command line to 'None'
[0.294s] Level 5:colcon.colcon_core.verb:set package 'realsense' build argument 'cmake_target_skip_unavailable' from command line to 'False'
[0.294s] Level 5:colcon.colcon_core.verb:set package 'realsense' build argument 'cmake_clean_cache' from command line to 'False'
[0.294s] Level 5:colcon.colcon_core.verb:set package 'realsense' build argument 'cmake_clean_first' from command line to 'False'
[0.294s] Level 5:colcon.colcon_core.verb:set package 'realsense' build argument 'cmake_force_configure' from command line to 'False'
[0.294s] Level 5:colcon.colcon_core.verb:set package 'realsense' build argument 'ament_cmake_args' from command line to 'None'
[0.294s] Level 5:colcon.colcon_core.verb:set package 'realsense' build argument 'catkin_cmake_args' from command line to 'None'
[0.294s] Level 5:colcon.colcon_core.verb:set package 'realsense' build argument 'catkin_skip_building_tests' from command line to 'False'
[0.295s] DEBUG:colcon.colcon_core.verb:Building package 'realsense' with the following arguments: {'ament_cmake_args': None, 'build_base': '/home/b/transporter_realsense/build/realsense', 'catkin_cmake_args': None, 'catkin_skip_building_tests': False, 'cmake_args': None, 'cmake_clean_cache': False, 'cmake_clean_first': False, 'cmake_force_configure': False, 'cmake_target': None, 'cmake_target_skip_unavailable': False, 'install_base': '/home/b/transporter_realsense/install/realsense', 'merge_install': False, 'path': '/home/b/transporter_realsense/src/realsense', 'symlink_install': False, 'test_result_base': None}
[0.295s] INFO:colcon.colcon_core.executor:Executing jobs using 'parallel' executor
[0.296s] DEBUG:colcon.colcon_parallel_executor.executor.parallel:run_until_complete
[0.296s] INFO:colcon.colcon_ros.task.ament_cmake.build:Building ROS package in '/home/b/transporter_realsense/src/interfaces' with build type 'ament_cmake'
[0.296s] INFO:colcon.colcon_cmake.task.cmake.build:Building CMake package in '/home/b/transporter_realsense/src/interfaces'
[0.298s] INFO:colcon.colcon_core.plugin_system:Skipping extension 'colcon_core.shell.bat': Not used on non-Windows systems
[0.298s] INFO:colcon.colcon_core.shell:Skip shell extension 'powershell' for command environment: Not usable outside of PowerShell
[0.298s] DEBUG:colcon.colcon_core.shell:Skip shell extension 'dsv' for command environment
[0.302s] INFO:colcon.colcon_ros.task.ament_cmake.build:Building ROS package in '/home/b/transporter_realsense/src/realsense' with build type 'ament_cmake'
[0.302s] INFO:colcon.colcon_cmake.task.cmake.build:Building CMake package in '/home/b/transporter_realsense/src/realsense'
[0.302s] INFO:colcon.colcon_core.shell:Skip shell extension 'powershell' for command environment: Not usable outside of PowerShell
[0.302s] DEBUG:colcon.colcon_core.shell:Skip shell extension 'dsv' for command environment
[0.314s] DEBUG:colcon.colcon_core.event_handler.log_command:Invoking command in '/home/b/transporter_realsense/build/interfaces': CMAKE_PREFIX_PATH=${CMAKE_PREFIX_PATH}:/opt/ros/humble /usr/bin/cmake --build /home/b/transporter_realsense/build/interfaces -- -j12 -l12
[0.319s] DEBUG:colcon.colcon_core.event_handler.log_command:Invoking command in '/home/b/transporter_realsense/build/realsense': CMAKE_PREFIX_PATH=${CMAKE_PREFIX_PATH}:/opt/ros/humble /usr/bin/cmake --build /home/b/transporter_realsense/build/realsense -- -j12 -l12
[0.660s] DEBUG:colcon.colcon_core.event_handler.log_command:Invoked command in '/home/b/transporter_realsense/build/realsense' returned '0': CMAKE_PREFIX_PATH=${CMAKE_PREFIX_PATH}:/opt/ros/humble /usr/bin/cmake --build /home/b/transporter_realsense/build/realsense -- -j12 -l12
[0.669s] DEBUG:colcon.colcon_core.event_handler.log_command:Invoking command in '/home/b/transporter_realsense/build/realsense': CMAKE_PREFIX_PATH=${CMAKE_PREFIX_PATH}:/opt/ros/humble /usr/bin/cmake --install /home/b/transporter_realsense/build/realsense
[0.717s] Level 1:colcon.colcon_core.environment:create_environment_scripts_only(realsense)
[0.718s] DEBUG:colcon.colcon_core.event_handler.log_command:Invoked command in '/home/b/transporter_realsense/build/realsense' returned '0': CMAKE_PREFIX_PATH=${CMAKE_PREFIX_PATH}:/opt/ros/humble /usr/bin/cmake --install /home/b/transporter_realsense/build/realsense
[0.720s] Level 1:colcon.colcon_core.environment:checking '/home/b/transporter_realsense/install/realsense' for CMake module files
[0.721s] Level 1:colcon.colcon_core.environment:checking '/home/b/transporter_realsense/install/realsense' for CMake config files
[0.721s] Level 1:colcon.colcon_core.shell:create_environment_hook('realsense', 'cmake_prefix_path')
[0.721s] INFO:colcon.colcon_core.shell:Creating environment hook '/home/b/transporter_realsense/install/realsense/share/realsense/hook/cmake_prefix_path.ps1'
[0.722s] INFO:colcon.colcon_core.shell:Creating environment descriptor '/home/b/transporter_realsense/install/realsense/share/realsense/hook/cmake_prefix_path.dsv'
[0.722s] INFO:colcon.colcon_core.shell:Creating environment hook '/home/b/transporter_realsense/install/realsense/share/realsense/hook/cmake_prefix_path.sh'
[0.723s] Level 1:colcon.colcon_core.environment:checking '/home/b/transporter_realsense/install/realsense/lib'
[0.724s] Level 1:colcon.colcon_core.environment:checking '/home/b/transporter_realsense/install/realsense/bin'
[0.724s] Level 1:colcon.colcon_core.environment:checking '/home/b/transporter_realsense/install/realsense/lib/pkgconfig/realsense.pc'
[0.724s] Level 1:colcon.colcon_core.environment:checking '/home/b/transporter_realsense/install/realsense/lib/python3.10/site-packages'
[0.724s] Level 1:colcon.colcon_core.environment:checking '/home/b/transporter_realsense/install/realsense/bin'
[0.725s] INFO:colcon.colcon_core.shell:Creating package script '/home/b/transporter_realsense/install/realsense/share/realsense/package.ps1'
[0.725s] INFO:colcon.colcon_core.shell:Creating package descriptor '/home/b/transporter_realsense/install/realsense/share/realsense/package.dsv'
[0.726s] INFO:colcon.colcon_core.shell:Creating package script '/home/b/transporter_realsense/install/realsense/share/realsense/package.sh'
[0.726s] INFO:colcon.colcon_core.shell:Creating package script '/home/b/transporter_realsense/install/realsense/share/realsense/package.bash'
[0.727s] INFO:colcon.colcon_core.shell:Creating package script '/home/b/transporter_realsense/install/realsense/share/realsense/package.zsh'
[0.728s] Level 1:colcon.colcon_core.environment:create_file_with_runtime_dependencies(/home/b/transporter_realsense/install/realsense/share/colcon-core/packages/realsense)
[0.729s] Level 1:colcon.colcon_core.environment:create_environment_scripts_only(realsense)
[0.729s] Level 1:colcon.colcon_core.environment:checking '/home/b/transporter_realsense/install/realsense' for CMake module files
[0.729s] Level 1:colcon.colcon_core.environment:checking '/home/b/transporter_realsense/install/realsense' for CMake config files
[0.730s] Level 1:colcon.colcon_core.shell:create_environment_hook('realsense', 'cmake_prefix_path')
[0.730s] INFO:colcon.colcon_core.shell:Creating environment hook '/home/b/transporter_realsense/install/realsense/share/realsense/hook/cmake_prefix_path.ps1'
[0.730s] INFO:colcon.colcon_core.shell:Creating environment descriptor '/home/b/transporter_realsense/install/realsense/share/realsense/hook/cmake_prefix_path.dsv'
[0.730s] INFO:colcon.colcon_core.shell:Creating environment hook '/home/b/transporter_realsense/install/realsense/share/realsense/hook/cmake_prefix_path.sh'
[0.731s] Level 1:colcon.colcon_core.environment:checking '/home/b/transporter_realsense/install/realsense/lib'
[0.731s] Level 1:colcon.colcon_core.environment:checking '/home/b/transporter_realsense/install/realsense/bin'
[0.731s] Level 1:colcon.colcon_core.environment:checking '/home/b/transporter_realsense/install/realsense/lib/pkgconfig/realsense.pc'
[0.732s] Level 1:colcon.colcon_core.environment:checking '/home/b/transporter_realsense/install/realsense/lib/python3.10/site-packages'
[0.732s] Level 1:colcon.colcon_core.environment:checking '/home/b/transporter_realsense/install/realsense/bin'
[0.732s] INFO:colcon.colcon_core.shell:Creating package script '/home/b/transporter_realsense/install/realsense/share/realsense/package.ps1'
[0.733s] INFO:colcon.colcon_core.shell:Creating package descriptor '/home/b/transporter_realsense/install/realsense/share/realsense/package.dsv'
[0.733s] INFO:colcon.colcon_core.shell:Creating package script '/home/b/transporter_realsense/install/realsense/share/realsense/package.sh'
[0.733s] INFO:colcon.colcon_core.shell:Creating package script '/home/b/transporter_realsense/install/realsense/share/realsense/package.bash'
[0.734s] INFO:colcon.colcon_core.shell:Creating package script '/home/b/transporter_realsense/install/realsense/share/realsense/package.zsh'
[0.734s] Level 1:colcon.colcon_core.environment:create_file_with_runtime_dependencies(/home/b/transporter_realsense/install/realsense/share/colcon-core/packages/realsense)
[3.581s] DEBUG:colcon.colcon_core.event_handler.log_command:Invoked command in '/home/b/transporter_realsense/build/interfaces' returned '0': CMAKE_PREFIX_PATH=${CMAKE_PREFIX_PATH}:/opt/ros/humble /usr/bin/cmake --build /home/b/transporter_realsense/build/interfaces -- -j12 -l12
[3.582s] DEBUG:colcon.colcon_core.event_handler.log_command:Invoking command in '/home/b/transporter_realsense/build/interfaces': CMAKE_PREFIX_PATH=${CMAKE_PREFIX_PATH}:/opt/ros/humble /usr/bin/cmake --install /home/b/transporter_realsense/build/interfaces
[3.647s] Level 1:colcon.colcon_core.environment:create_environment_scripts_only(interfaces)
[3.647s] DEBUG:colcon.colcon_core.event_handler.log_command:Invoked command in '/home/b/transporter_realsense/build/interfaces' returned '0': CMAKE_PREFIX_PATH=${CMAKE_PREFIX_PATH}:/opt/ros/humble /usr/bin/cmake --install /home/b/transporter_realsense/build/interfaces
[3.648s] Level 1:colcon.colcon_core.environment:checking '/home/b/transporter_realsense/install/interfaces' for CMake module files
[3.648s] Level 1:colcon.colcon_core.environment:checking '/home/b/transporter_realsense/install/interfaces' for CMake config files
[3.649s] Level 1:colcon.colcon_core.shell:create_environment_hook('interfaces', 'cmake_prefix_path')
[3.649s] INFO:colcon.colcon_core.shell:Creating environment hook '/home/b/transporter_realsense/install/interfaces/share/interfaces/hook/cmake_prefix_path.ps1'
[3.650s] INFO:colcon.colcon_core.shell:Creating environment descriptor '/home/b/transporter_realsense/install/interfaces/share/interfaces/hook/cmake_prefix_path.dsv'
[3.650s] INFO:colcon.colcon_core.shell:Creating environment hook '/home/b/transporter_realsense/install/interfaces/share/interfaces/hook/cmake_prefix_path.sh'
[3.650s] Level 1:colcon.colcon_core.environment:checking '/home/b/transporter_realsense/install/interfaces/lib'
[3.651s] Level 1:colcon.colcon_core.shell:create_environment_hook('interfaces', 'ld_library_path_lib')
[3.651s] INFO:colcon.colcon_core.shell:Creating environment hook '/home/b/transporter_realsense/install/interfaces/share/interfaces/hook/ld_library_path_lib.ps1'
[3.651s] INFO:colcon.colcon_core.shell:Creating environment descriptor '/home/b/transporter_realsense/install/interfaces/share/interfaces/hook/ld_library_path_lib.dsv'
[3.651s] INFO:colcon.colcon_core.shell:Creating environment hook '/home/b/transporter_realsense/install/interfaces/share/interfaces/hook/ld_library_path_lib.sh'
[3.652s] Level 1:colcon.colcon_core.environment:checking '/home/b/transporter_realsense/install/interfaces/bin'
[3.652s] Level 1:colcon.colcon_core.environment:checking '/home/b/transporter_realsense/install/interfaces/lib/pkgconfig/interfaces.pc'
[3.652s] Level 1:colcon.colcon_core.environment:checking '/home/b/transporter_realsense/install/interfaces/lib/python3.10/site-packages'
[3.652s] Level 1:colcon.colcon_core.environment:checking '/home/b/transporter_realsense/install/interfaces/bin'
[3.652s] INFO:colcon.colcon_core.shell:Creating package script '/home/b/transporter_realsense/install/interfaces/share/interfaces/package.ps1'
[3.653s] INFO:colcon.colcon_core.shell:Creating package descriptor '/home/b/transporter_realsense/install/interfaces/share/interfaces/package.dsv'
[3.653s] INFO:colcon.colcon_core.shell:Creating package script '/home/b/transporter_realsense/install/interfaces/share/interfaces/package.sh'
[3.653s] INFO:colcon.colcon_core.shell:Creating package script '/home/b/transporter_realsense/install/interfaces/share/interfaces/package.bash'
[3.653s] INFO:colcon.colcon_core.shell:Creating package script '/home/b/transporter_realsense/install/interfaces/share/interfaces/package.zsh'
[3.654s] Level 1:colcon.colcon_core.environment:create_file_with_runtime_dependencies(/home/b/transporter_realsense/install/interfaces/share/colcon-core/packages/interfaces)
[3.654s] Level 1:colcon.colcon_core.environment:create_environment_scripts_only(interfaces)
[3.654s] Level 1:colcon.colcon_core.environment:checking '/home/b/transporter_realsense/install/interfaces' for CMake module files
[3.655s] Level 1:colcon.colcon_core.environment:checking '/home/b/transporter_realsense/install/interfaces' for CMake config files
[3.655s] Level 1:colcon.colcon_core.shell:create_environment_hook('interfaces', 'cmake_prefix_path')
[3.656s] INFO:colcon.colcon_core.shell:Creating environment hook '/home/b/transporter_realsense/install/interfaces/share/interfaces/hook/cmake_prefix_path.ps1'
[3.656s] INFO:colcon.colcon_core.shell:Creating environment descriptor '/home/b/transporter_realsense/install/interfaces/share/interfaces/hook/cmake_prefix_path.dsv'
[3.656s] INFO:colcon.colcon_core.shell:Creating environment hook '/home/b/transporter_realsense/install/interfaces/share/interfaces/hook/cmake_prefix_path.sh'
[3.657s] Level 1:colcon.colcon_core.environment:checking '/home/b/transporter_realsense/install/interfaces/lib'
[3.657s] Level 1:colcon.colcon_core.shell:create_environment_hook('interfaces', 'ld_library_path_lib')
[3.657s] INFO:colcon.colcon_core.shell:Creating environment hook '/home/b/transporter_realsense/install/interfaces/share/interfaces/hook/ld_library_path_lib.ps1'
[3.657s] INFO:colcon.colcon_core.shell:Creating environment descriptor '/home/b/transporter_realsense/install/interfaces/share/interfaces/hook/ld_library_path_lib.dsv'
[3.657s] INFO:colcon.colcon_core.shell:Creating environment hook '/home/b/transporter_realsense/install/interfaces/share/interfaces/hook/ld_library_path_lib.sh'
[3.658s] Level 1:colcon.colcon_core.environment:checking '/home/b/transporter_realsense/install/interfaces/bin'
[3.658s] Level 1:colcon.colcon_core.environment:checking '/home/b/transporter_realsense/install/interfaces/lib/pkgconfig/interfaces.pc'
[3.658s] Level 1:colcon.colcon_core.environment:checking '/home/b/transporter_realsense/install/interfaces/lib/python3.10/site-packages'
[3.658s] Level 1:colcon.colcon_core.environment:checking '/home/b/transporter_realsense/install/interfaces/bin'
[3.658s] INFO:colcon.colcon_core.shell:Creating package script '/home/b/transporter_realsense/install/interfaces/share/interfaces/package.ps1'
[3.658s] INFO:colcon.colcon_core.shell:Creating package descriptor '/home/b/transporter_realsense/install/interfaces/share/interfaces/package.dsv'
[3.659s] INFO:colcon.colcon_core.shell:Creating package script '/home/b/transporter_realsense/install/interfaces/share/interfaces/package.sh'
[3.659s] INFO:colcon.colcon_core.shell:Creating package script '/home/b/transporter_realsense/install/interfaces/share/interfaces/package.bash'
[3.660s] INFO:colcon.colcon_core.shell:Creating package script '/home/b/transporter_realsense/install/interfaces/share/interfaces/package.zsh'
[3.660s] Level 1:colcon.colcon_core.environment:create_file_with_runtime_dependencies(/home/b/transporter_realsense/install/interfaces/share/colcon-core/packages/interfaces)
[3.660s] DEBUG:colcon.colcon_parallel_executor.executor.parallel:closing loop
[3.660s] DEBUG:colcon.colcon_parallel_executor.executor.parallel:loop closed
[3.660s] DEBUG:colcon.colcon_parallel_executor.executor.parallel:run_until_complete finished with '0'
[3.660s] DEBUG:colcon.colcon_core.event_reactor:joining thread
[3.665s] INFO:colcon.colcon_core.plugin_system:Skipping extension 'colcon_notification.desktop_notification.terminal_notifier': Not used on non-Darwin systems
[3.665s] INFO:colcon.colcon_core.plugin_system:Skipping extension 'colcon_notification.desktop_notification.win32': Not used on non-Windows systems
[3.665s] INFO:colcon.colcon_notification.desktop_notification:Sending desktop notification using 'notify2'
[3.678s] DEBUG:colcon.colcon_core.event_reactor:joined thread
[3.679s] INFO:colcon.colcon_core.shell:Creating prefix script '/home/b/transporter_realsense/install/local_setup.ps1'
[3.681s] INFO:colcon.colcon_core.shell:Creating prefix util module '/home/b/transporter_realsense/install/_local_setup_util_ps1.py'
[3.683s] INFO:colcon.colcon_core.shell:Creating prefix chain script '/home/b/transporter_realsense/install/setup.ps1'
[3.686s] INFO:colcon.colcon_core.shell:Creating prefix script '/home/b/transporter_realsense/install/local_setup.sh'
[3.687s] INFO:colcon.colcon_core.shell:Creating prefix util module '/home/b/transporter_realsense/install/_local_setup_util_sh.py'
[3.687s] INFO:colcon.colcon_core.shell:Creating prefix chain script '/home/b/transporter_realsense/install/setup.sh'
[3.689s] INFO:colcon.colcon_core.shell:Creating prefix script '/home/b/transporter_realsense/install/local_setup.bash'
[3.689s] INFO:colcon.colcon_core.shell:Creating prefix chain script '/home/b/transporter_realsense/install/setup.bash'
[3.691s] INFO:colcon.colcon_core.shell:Creating prefix script '/home/b/transporter_realsense/install/local_setup.zsh'
[3.691s] INFO:colcon.colcon_core.shell:Creating prefix chain script '/home/b/transporter_realsense/install/setup.zsh'
