[0.070s] DEBUG:colcon:Command line arguments: ['/usr/bin/colcon', 'build']
[0.070s] DEBUG:colcon:Parsed command line arguments: Namespace(log_base=None, log_level=None, verb_name='build', build_base='build', install_base='install', merge_install=False, symlink_install=False, test_result_base=None, continue_on_error=False, executor='parallel', parallel_workers=12, event_handlers=None, ignore_user_meta=False, metas=['./colcon.meta'], base_paths=['.'], packages_ignore=None, packages_ignore_regex=None, paths=None, packages_up_to=None, packages_up_to_regex=None, packages_above=None, packages_above_and_dependencies=None, packages_above_depth=None, packages_select_by_dep=None, packages_skip_by_dep=None, packages_skip_up_to=None, packages_select_build_failed=False, packages_skip_build_finished=False, packages_select_test_failures=False, packages_skip_test_passed=False, packages_select=None, packages_skip=None, packages_select_regex=None, packages_skip_regex=None, packages_start=None, packages_end=None, allow_overriding=[], cmake_args=None, cmake_target=None, cmake_target_skip_unavailable=False, cmake_clean_cache=False, cmake_clean_first=False, cmake_force_configure=False, ament_cmake_args=None, catkin_cmake_args=None, catkin_skip_building_tests=False, mixin_files=None, mixin=None, verb_parser=<colcon_mixin.mixin.mixin_argument.MixinArgumentDecorator object at 0x7294bb366200>, verb_extension=<colcon_core.verb.build.BuildVerb object at 0x7294bb4e7b50>, main=<bound method BuildVerb.main of <colcon_core.verb.build.BuildVerb object at 0x7294bb4e7b50>>, mixin_verb=('build',))
[0.174s] Level 1:colcon.colcon_core.package_discovery:discover_packages(colcon_meta) check parameters
[0.174s] Level 1:colcon.colcon_core.package_discovery:discover_packages(recursive) check parameters
[0.174s] Level 1:colcon.colcon_core.package_discovery:discover_packages(ignore) check parameters
[0.174s] Level 1:colcon.colcon_core.package_discovery:discover_packages(path) check parameters
[0.175s] Level 1:colcon.colcon_core.package_discovery:discover_packages(colcon_meta) discover
[0.175s] Level 1:colcon.colcon_core.package_discovery:discover_packages(recursive) discover
[0.175s] INFO:colcon.colcon_core.package_discovery:Crawling recursively for packages in '/home/b/transporter_realsense'
[0.175s] Level 1:colcon.colcon_core.package_identification:_identify(.) by extensions ['ignore', 'ignore_ament_install']
[0.175s] Level 1:colcon.colcon_core.package_identification:_identify(.) by extension 'ignore'
[0.175s] Level 1:colcon.colcon_core.package_identification:_identify(.) by extension 'ignore_ament_install'
[0.175s] Level 1:colcon.colcon_core.package_identification:_identify(.) by extensions ['colcon_pkg']
[0.175s] Level 1:colcon.colcon_core.package_identification:_identify(.) by extension 'colcon_pkg'
[0.175s] Level 1:colcon.colcon_core.package_identification:_identify(.) by extensions ['colcon_meta']
[0.175s] Level 1:colcon.colcon_core.package_identification:_identify(.) by extension 'colcon_meta'
[0.175s] Level 1:colcon.colcon_core.package_identification:_identify(.) by extensions ['ros']
[0.175s] Level 1:colcon.colcon_core.package_identification:_identify(.) by extension 'ros'
[0.182s] Level 1:colcon.colcon_core.package_identification:_identify(.) by extensions ['cmake', 'python']
[0.182s] Level 1:colcon.colcon_core.package_identification:_identify(.) by extension 'cmake'
[0.182s] Level 1:colcon.colcon_core.package_identification:_identify(.) by extension 'python'
[0.182s] Level 1:colcon.colcon_core.package_identification:_identify(.) by extensions ['python_setup_py']
[0.182s] Level 1:colcon.colcon_core.package_identification:_identify(.) by extension 'python_setup_py'
[0.183s] Level 1:colcon.colcon_core.package_identification:_identify(build) by extensions ['ignore', 'ignore_ament_install']
[0.183s] Level 1:colcon.colcon_core.package_identification:_identify(build) by extension 'ignore'
[0.183s] Level 1:colcon.colcon_core.package_identification:_identify(build) ignored
[0.183s] Level 1:colcon.colcon_core.package_identification:_identify(install) by extensions ['ignore', 'ignore_ament_install']
[0.183s] Level 1:colcon.colcon_core.package_identification:_identify(install) by extension 'ignore'
[0.183s] Level 1:colcon.colcon_core.package_identification:_identify(install) ignored
[0.183s] Level 1:colcon.colcon_core.package_identification:_identify(log) by extensions ['ignore', 'ignore_ament_install']
[0.183s] Level 1:colcon.colcon_core.package_identification:_identify(log) by extension 'ignore'
[0.183s] Level 1:colcon.colcon_core.package_identification:_identify(log) ignored
[0.183s] Level 1:colcon.colcon_core.package_identification:_identify(src) by extensions ['ignore', 'ignore_ament_install']
[0.183s] Level 1:colcon.colcon_core.package_identification:_identify(src) by extension 'ignore'
[0.183s] Level 1:colcon.colcon_core.package_identification:_identify(src) by extension 'ignore_ament_install'
[0.183s] Level 1:colcon.colcon_core.package_identification:_identify(src) by extensions ['colcon_pkg']
[0.183s] Level 1:colcon.colcon_core.package_identification:_identify(src) by extension 'colcon_pkg'
[0.183s] Level 1:colcon.colcon_core.package_identification:_identify(src) by extensions ['colcon_meta']
[0.184s] Level 1:colcon.colcon_core.package_identification:_identify(src) by extension 'colcon_meta'
[0.184s] Level 1:colcon.colcon_core.package_identification:_identify(src) by extensions ['ros']
[0.184s] Level 1:colcon.colcon_core.package_identification:_identify(src) by extension 'ros'
[0.184s] Level 1:colcon.colcon_core.package_identification:_identify(src) by extensions ['cmake', 'python']
[0.184s] Level 1:colcon.colcon_core.package_identification:_identify(src) by extension 'cmake'
[0.184s] Level 1:colcon.colcon_core.package_identification:_identify(src) by extension 'python'
[0.184s] Level 1:colcon.colcon_core.package_identification:_identify(src) by extensions ['python_setup_py']
[0.184s] Level 1:colcon.colcon_core.package_identification:_identify(src) by extension 'python_setup_py'
[0.184s] Level 1:colcon.colcon_core.package_identification:_identify(src/my_package) by extensions ['ignore', 'ignore_ament_install']
[0.184s] Level 1:colcon.colcon_core.package_identification:_identify(src/my_package) by extension 'ignore'
[0.184s] Level 1:colcon.colcon_core.package_identification:_identify(src/my_package) by extension 'ignore_ament_install'
[0.184s] Level 1:colcon.colcon_core.package_identification:_identify(src/my_package) by extensions ['colcon_pkg']
[0.184s] Level 1:colcon.colcon_core.package_identification:_identify(src/my_package) by extension 'colcon_pkg'
[0.184s] Level 1:colcon.colcon_core.package_identification:_identify(src/my_package) by extensions ['colcon_meta']
[0.184s] Level 1:colcon.colcon_core.package_identification:_identify(src/my_package) by extension 'colcon_meta'
[0.184s] Level 1:colcon.colcon_core.package_identification:_identify(src/my_package) by extensions ['ros']
[0.184s] Level 1:colcon.colcon_core.package_identification:_identify(src/my_package) by extension 'ros'
[0.186s] DEBUG:colcon.colcon_core.package_identification:Package 'src/my_package' with type 'ros.ament_cmake' and name 'my_package'
[0.186s] Level 1:colcon.colcon_core.package_discovery:discover_packages(recursive) using defaults
[0.186s] Level 1:colcon.colcon_core.package_discovery:discover_packages(ignore) discover
[0.186s] Level 1:colcon.colcon_core.package_discovery:discover_packages(ignore) using defaults
[0.186s] Level 1:colcon.colcon_core.package_discovery:discover_packages(path) discover
[0.186s] Level 1:colcon.colcon_core.package_discovery:discover_packages(path) using defaults
[0.206s] Level 1:colcon.colcon_core.package_discovery:discover_packages(prefix_path) check parameters
[0.206s] Level 1:colcon.colcon_core.package_discovery:discover_packages(prefix_path) discover
[0.207s] DEBUG:colcon.colcon_installed_package_information.package_discovery:Found 0 installed packages in /home/b/transporter_realsense/install
[0.208s] DEBUG:colcon.colcon_installed_package_information.package_discovery:Found 2 installed packages in /home/b/ros2_ws/install
[0.209s] DEBUG:colcon.colcon_installed_package_information.package_discovery:Found 302 installed packages in /opt/ros/humble
[0.210s] Level 1:colcon.colcon_core.package_discovery:discover_packages(prefix_path) using defaults
[0.235s] Level 5:colcon.colcon_core.verb:set package 'my_package' build argument 'cmake_args' from command line to 'None'
[0.235s] Level 5:colcon.colcon_core.verb:set package 'my_package' build argument 'cmake_target' from command line to 'None'
[0.235s] Level 5:colcon.colcon_core.verb:set package 'my_package' build argument 'cmake_target_skip_unavailable' from command line to 'False'
[0.235s] Level 5:colcon.colcon_core.verb:set package 'my_package' build argument 'cmake_clean_cache' from command line to 'False'
[0.235s] Level 5:colcon.colcon_core.verb:set package 'my_package' build argument 'cmake_clean_first' from command line to 'False'
[0.235s] Level 5:colcon.colcon_core.verb:set package 'my_package' build argument 'cmake_force_configure' from command line to 'False'
[0.235s] Level 5:colcon.colcon_core.verb:set package 'my_package' build argument 'ament_cmake_args' from command line to 'None'
[0.235s] Level 5:colcon.colcon_core.verb:set package 'my_package' build argument 'catkin_cmake_args' from command line to 'None'
[0.235s] Level 5:colcon.colcon_core.verb:set package 'my_package' build argument 'catkin_skip_building_tests' from command line to 'False'
[0.235s] DEBUG:colcon.colcon_core.verb:Building package 'my_package' with the following arguments: {'ament_cmake_args': None, 'build_base': '/home/b/transporter_realsense/build/my_package', 'catkin_cmake_args': None, 'catkin_skip_building_tests': False, 'cmake_args': None, 'cmake_clean_cache': False, 'cmake_clean_first': False, 'cmake_force_configure': False, 'cmake_target': None, 'cmake_target_skip_unavailable': False, 'install_base': '/home/b/transporter_realsense/install/my_package', 'merge_install': False, 'path': '/home/b/transporter_realsense/src/my_package', 'symlink_install': False, 'test_result_base': None}
[0.235s] INFO:colcon.colcon_core.executor:Executing jobs using 'parallel' executor
[0.236s] DEBUG:colcon.colcon_parallel_executor.executor.parallel:run_until_complete
[0.236s] INFO:colcon.colcon_ros.task.ament_cmake.build:Building ROS package in '/home/b/transporter_realsense/src/my_package' with build type 'ament_cmake'
[0.236s] INFO:colcon.colcon_cmake.task.cmake.build:Building CMake package in '/home/b/transporter_realsense/src/my_package'
[0.238s] INFO:colcon.colcon_core.plugin_system:Skipping extension 'colcon_core.shell.bat': Not used on non-Windows systems
[0.238s] INFO:colcon.colcon_core.shell:Skip shell extension 'powershell' for command environment: Not usable outside of PowerShell
[0.238s] DEBUG:colcon.colcon_core.shell:Skip shell extension 'dsv' for command environment
[0.245s] DEBUG:colcon.colcon_core.event_handler.log_command:Invoking command in '/home/b/transporter_realsense/build/my_package': CMAKE_PREFIX_PATH=${CMAKE_PREFIX_PATH}:/opt/ros/humble /usr/bin/cmake /home/b/transporter_realsense/src/my_package -DCMAKE_INSTALL_PREFIX=/home/b/transporter_realsense/install/my_package
[0.770s] DEBUG:colcon.colcon_core.event_handler.log_command:Invoked command in '/home/b/transporter_realsense/build/my_package' returned '0': CMAKE_PREFIX_PATH=${CMAKE_PREFIX_PATH}:/opt/ros/humble /usr/bin/cmake /home/b/transporter_realsense/src/my_package -DCMAKE_INSTALL_PREFIX=/home/b/transporter_realsense/install/my_package
[0.772s] DEBUG:colcon.colcon_core.event_handler.log_command:Invoking command in '/home/b/transporter_realsense/build/my_package': CMAKE_PREFIX_PATH=${CMAKE_PREFIX_PATH}:/opt/ros/humble /usr/bin/cmake --build /home/b/transporter_realsense/build/my_package -- -j12 -l12
[0.919s] DEBUG:colcon.colcon_core.event_handler.log_command:Invoked command in '/home/b/transporter_realsense/build/my_package' returned '0': CMAKE_PREFIX_PATH=${CMAKE_PREFIX_PATH}:/opt/ros/humble /usr/bin/cmake --build /home/b/transporter_realsense/build/my_package -- -j12 -l12
[0.934s] DEBUG:colcon.colcon_core.event_handler.log_command:Invoking command in '/home/b/transporter_realsense/build/my_package': CMAKE_PREFIX_PATH=${CMAKE_PREFIX_PATH}:/opt/ros/humble /usr/bin/cmake --install /home/b/transporter_realsense/build/my_package
[0.948s] Level 1:colcon.colcon_core.environment:create_environment_scripts_only(my_package)
[0.949s] DEBUG:colcon.colcon_core.event_handler.log_command:Invoked command in '/home/b/transporter_realsense/build/my_package' returned '0': CMAKE_PREFIX_PATH=${CMAKE_PREFIX_PATH}:/opt/ros/humble /usr/bin/cmake --install /home/b/transporter_realsense/build/my_package
[0.950s] Level 1:colcon.colcon_core.environment:checking '/home/b/transporter_realsense/install/my_package' for CMake module files
[0.951s] Level 1:colcon.colcon_core.environment:checking '/home/b/transporter_realsense/install/my_package' for CMake config files
[0.951s] Level 1:colcon.colcon_core.shell:create_environment_hook('my_package', 'cmake_prefix_path')
[0.951s] INFO:colcon.colcon_core.shell:Creating environment hook '/home/b/transporter_realsense/install/my_package/share/my_package/hook/cmake_prefix_path.ps1'
[0.952s] INFO:colcon.colcon_core.shell:Creating environment descriptor '/home/b/transporter_realsense/install/my_package/share/my_package/hook/cmake_prefix_path.dsv'
[0.952s] INFO:colcon.colcon_core.shell:Creating environment hook '/home/b/transporter_realsense/install/my_package/share/my_package/hook/cmake_prefix_path.sh'
[0.953s] Level 1:colcon.colcon_core.environment:checking '/home/b/transporter_realsense/install/my_package/lib'
[0.953s] Level 1:colcon.colcon_core.environment:checking '/home/b/transporter_realsense/install/my_package/bin'
[0.953s] Level 1:colcon.colcon_core.environment:checking '/home/b/transporter_realsense/install/my_package/lib/pkgconfig/my_package.pc'
[0.953s] Level 1:colcon.colcon_core.environment:checking '/home/b/transporter_realsense/install/my_package/lib/python3.10/site-packages'
[0.953s] Level 1:colcon.colcon_core.environment:checking '/home/b/transporter_realsense/install/my_package/bin'
[0.954s] INFO:colcon.colcon_core.shell:Creating package script '/home/b/transporter_realsense/install/my_package/share/my_package/package.ps1'
[0.954s] INFO:colcon.colcon_core.shell:Creating package descriptor '/home/b/transporter_realsense/install/my_package/share/my_package/package.dsv'
[0.955s] INFO:colcon.colcon_core.shell:Creating package script '/home/b/transporter_realsense/install/my_package/share/my_package/package.sh'
[0.955s] INFO:colcon.colcon_core.shell:Creating package script '/home/b/transporter_realsense/install/my_package/share/my_package/package.bash'
[0.956s] INFO:colcon.colcon_core.shell:Creating package script '/home/b/transporter_realsense/install/my_package/share/my_package/package.zsh'
[0.956s] Level 1:colcon.colcon_core.environment:create_file_with_runtime_dependencies(/home/b/transporter_realsense/install/my_package/share/colcon-core/packages/my_package)
[0.957s] Level 1:colcon.colcon_core.environment:create_environment_scripts_only(my_package)
[0.957s] Level 1:colcon.colcon_core.environment:checking '/home/b/transporter_realsense/install/my_package' for CMake module files
[0.957s] Level 1:colcon.colcon_core.environment:checking '/home/b/transporter_realsense/install/my_package' for CMake config files
[0.957s] Level 1:colcon.colcon_core.shell:create_environment_hook('my_package', 'cmake_prefix_path')
[0.958s] INFO:colcon.colcon_core.shell:Creating environment hook '/home/b/transporter_realsense/install/my_package/share/my_package/hook/cmake_prefix_path.ps1'
[0.958s] INFO:colcon.colcon_core.shell:Creating environment descriptor '/home/b/transporter_realsense/install/my_package/share/my_package/hook/cmake_prefix_path.dsv'
[0.958s] INFO:colcon.colcon_core.shell:Creating environment hook '/home/b/transporter_realsense/install/my_package/share/my_package/hook/cmake_prefix_path.sh'
[0.958s] Level 1:colcon.colcon_core.environment:checking '/home/b/transporter_realsense/install/my_package/lib'
[0.959s] Level 1:colcon.colcon_core.environment:checking '/home/b/transporter_realsense/install/my_package/bin'
[0.959s] Level 1:colcon.colcon_core.environment:checking '/home/b/transporter_realsense/install/my_package/lib/pkgconfig/my_package.pc'
[0.959s] Level 1:colcon.colcon_core.environment:checking '/home/b/transporter_realsense/install/my_package/lib/python3.10/site-packages'
[0.959s] Level 1:colcon.colcon_core.environment:checking '/home/b/transporter_realsense/install/my_package/bin'
[0.959s] INFO:colcon.colcon_core.shell:Creating package script '/home/b/transporter_realsense/install/my_package/share/my_package/package.ps1'
[0.960s] INFO:colcon.colcon_core.shell:Creating package descriptor '/home/b/transporter_realsense/install/my_package/share/my_package/package.dsv'
[0.960s] INFO:colcon.colcon_core.shell:Creating package script '/home/b/transporter_realsense/install/my_package/share/my_package/package.sh'
[0.960s] INFO:colcon.colcon_core.shell:Creating package script '/home/b/transporter_realsense/install/my_package/share/my_package/package.bash'
[0.961s] INFO:colcon.colcon_core.shell:Creating package script '/home/b/transporter_realsense/install/my_package/share/my_package/package.zsh'
[0.961s] Level 1:colcon.colcon_core.environment:create_file_with_runtime_dependencies(/home/b/transporter_realsense/install/my_package/share/colcon-core/packages/my_package)
[0.961s] DEBUG:colcon.colcon_parallel_executor.executor.parallel:closing loop
[0.961s] DEBUG:colcon.colcon_parallel_executor.executor.parallel:loop closed
[0.962s] DEBUG:colcon.colcon_parallel_executor.executor.parallel:run_until_complete finished with '0'
[0.962s] DEBUG:colcon.colcon_core.event_reactor:joining thread
[0.966s] INFO:colcon.colcon_core.plugin_system:Skipping extension 'colcon_notification.desktop_notification.terminal_notifier': Not used on non-Darwin systems
[0.966s] INFO:colcon.colcon_core.plugin_system:Skipping extension 'colcon_notification.desktop_notification.win32': Not used on non-Windows systems
[0.966s] INFO:colcon.colcon_notification.desktop_notification:Sending desktop notification using 'notify2'
[0.976s] DEBUG:colcon.colcon_core.event_reactor:joined thread
[0.977s] INFO:colcon.colcon_core.shell:Creating prefix script '/home/b/transporter_realsense/install/local_setup.ps1'
[0.978s] INFO:colcon.colcon_core.shell:Creating prefix util module '/home/b/transporter_realsense/install/_local_setup_util_ps1.py'
[0.979s] INFO:colcon.colcon_core.shell:Creating prefix chain script '/home/b/transporter_realsense/install/setup.ps1'
[0.980s] INFO:colcon.colcon_core.shell:Creating prefix script '/home/b/transporter_realsense/install/local_setup.sh'
[0.981s] INFO:colcon.colcon_core.shell:Creating prefix util module '/home/b/transporter_realsense/install/_local_setup_util_sh.py'
[0.981s] INFO:colcon.colcon_core.shell:Creating prefix chain script '/home/b/transporter_realsense/install/setup.sh'
[0.982s] INFO:colcon.colcon_core.shell:Creating prefix script '/home/b/transporter_realsense/install/local_setup.bash'
[0.983s] INFO:colcon.colcon_core.shell:Creating prefix chain script '/home/b/transporter_realsense/install/setup.bash'
[0.984s] INFO:colcon.colcon_core.shell:Creating prefix script '/home/b/transporter_realsense/install/local_setup.zsh'
[0.984s] INFO:colcon.colcon_core.shell:Creating prefix chain script '/home/b/transporter_realsense/install/setup.zsh'
