[0.014s] Invoking command in '/home/b/transporter_realsense/build/interfaces': CMAKE_PREFIX_PATH=${CMAKE_PREFIX_PATH}:/opt/ros/humble /usr/bin/cmake --build /home/b/transporter_realsense/build/interfaces -- -j12 -l12
[0.065s] [35m[1mConsolidate compiler generated dependencies of target interfaces__rosidl_generator_c[0m
[0.074s] [  3%] Built target interfaces__cpp
[0.076s] [ 12%] Built target interfaces__rosidl_generator_c
[0.083s] [ 12%] Built target ament_cmake_python_copy_interfaces
[0.085s] [35m[1mConsolidate compiler generated dependencies of target interfaces__rosidl_typesupport_cpp[0m
[0.085s] [35m[1mConsolidate compiler generated dependencies of target interfaces__rosidl_typesupport_introspection_cpp[0m
[0.086s] [35m[1mConsolidate compiler generated dependencies of target interfaces__rosidl_typesupport_fastrtps_cpp[0m
[0.087s] [35m[1mConsolidate compiler generated dependencies of target interfaces__rosidl_typesupport_fastrtps_c[0m
[0.089s] [35m[1mConsolidate compiler generated dependencies of target interfaces__rosidl_typesupport_introspection_c[0m
[0.089s] [35m[1mConsolidate compiler generated dependencies of target interfaces__rosidl_typesupport_c[0m
[0.098s] [ 22%] Built target interfaces__rosidl_typesupport_introspection_cpp
[0.099s] [ 32%] Built target interfaces__rosidl_typesupport_fastrtps_cpp
[0.100s] [ 41%] Built target interfaces__rosidl_typesupport_cpp
[0.101s] [ 51%] Built target interfaces__rosidl_typesupport_introspection_c
[0.103s] [ 61%] Built target interfaces__rosidl_typesupport_fastrtps_c
[0.104s] [ 70%] Built target interfaces__rosidl_typesupport_c
[0.128s] [ 70%] Built target interfaces
[0.151s] [ 74%] Built target interfaces__py
[0.161s] [35m[1mConsolidate compiler generated dependencies of target interfaces__rosidl_generator_py[0m
[0.173s] [ 80%] Built target interfaces__rosidl_generator_py
[0.185s] [35m[1mConsolidate compiler generated dependencies of target interfaces__rosidl_typesupport_introspection_c__pyext[0m
[0.185s] [35m[1mConsolidate compiler generated dependencies of target interfaces__rosidl_typesupport_fastrtps_c__pyext[0m
[0.185s] [35m[1mConsolidate compiler generated dependencies of target interfaces__rosidl_typesupport_c__pyext[0m
[0.197s] [100%] Built target interfaces__rosidl_typesupport_introspection_c__pyext
[0.197s] [100%] Built target interfaces__rosidl_typesupport_c__pyext
[0.197s] [100%] Built target interfaces__rosidl_typesupport_fastrtps_c__pyext
[0.326s] running egg_info
[0.327s] writing interfaces.egg-info/PKG-INFO
[0.327s] writing dependency_links to interfaces.egg-info/dependency_links.txt
[0.328s] writing top-level names to interfaces.egg-info/top_level.txt
[0.329s] reading manifest file 'interfaces.egg-info/SOURCES.txt'
[0.331s] writing manifest file 'interfaces.egg-info/SOURCES.txt'
[0.355s] [100%] Built target ament_cmake_python_build_interfaces_egg
[0.365s] Invoked command in '/home/b/transporter_realsense/build/interfaces' returned '0': CMAKE_PREFIX_PATH=${CMAKE_PREFIX_PATH}:/opt/ros/humble /usr/bin/cmake --build /home/b/transporter_realsense/build/interfaces -- -j12 -l12
[0.373s] Invoking command in '/home/b/transporter_realsense/build/interfaces': CMAKE_PREFIX_PATH=${CMAKE_PREFIX_PATH}:/opt/ros/humble /usr/bin/cmake --install /home/b/transporter_realsense/build/interfaces
[0.380s] -- Install configuration: ""
[0.381s] -- Up-to-date: /home/b/transporter_realsense/install/interfaces/share/ament_index/resource_index/rosidl_interfaces/interfaces
[0.381s] -- Up-to-date: /home/b/transporter_realsense/install/interfaces/include/interfaces/interfaces
[0.381s] -- Up-to-date: /home/b/transporter_realsense/install/interfaces/include/interfaces/interfaces/srv
[0.381s] -- Up-to-date: /home/b/transporter_realsense/install/interfaces/include/interfaces/interfaces/srv/detail
[0.382s] -- Installing: /home/b/transporter_realsense/install/interfaces/include/interfaces/interfaces/srv/detail/set_target__functions.c
[0.382s] -- Installing: /home/b/transporter_realsense/install/interfaces/include/interfaces/interfaces/srv/detail/set_target__type_support.h
[0.382s] -- Installing: /home/b/transporter_realsense/install/interfaces/include/interfaces/interfaces/srv/detail/set_target__functions.h
[0.382s] -- Installing: /home/b/transporter_realsense/install/interfaces/include/interfaces/interfaces/srv/detail/set_target__struct.h
[0.382s] -- Installing: /home/b/transporter_realsense/install/interfaces/include/interfaces/interfaces/srv/set_target.h
[0.382s] -- Up-to-date: /home/b/transporter_realsense/install/interfaces/include/interfaces/interfaces/msg
[0.383s] -- Up-to-date: /home/b/transporter_realsense/install/interfaces/include/interfaces/interfaces/msg/rosidl_generator_c__visibility_control.h
[0.383s] -- Up-to-date: /home/b/transporter_realsense/install/interfaces/share/interfaces/environment/library_path.sh
[0.383s] -- Installing: /home/b/transporter_realsense/install/interfaces/share/interfaces/environment/library_path.dsv
[0.383s] -- Installing: /home/b/transporter_realsense/install/interfaces/lib/libinterfaces__rosidl_generator_c.so
[0.383s] -- Set runtime path of "/home/b/transporter_realsense/install/interfaces/lib/libinterfaces__rosidl_generator_c.so" to ""
[0.384s] -- Up-to-date: /home/b/transporter_realsense/install/interfaces/include/interfaces/interfaces
[0.384s] -- Up-to-date: /home/b/transporter_realsense/install/interfaces/include/interfaces/interfaces/srv
[0.384s] -- Up-to-date: /home/b/transporter_realsense/install/interfaces/include/interfaces/interfaces/srv/detail
[0.384s] -- Installing: /home/b/transporter_realsense/install/interfaces/include/interfaces/interfaces/srv/detail/set_target__rosidl_typesupport_fastrtps_c.h
[0.384s] -- Up-to-date: /home/b/transporter_realsense/install/interfaces/include/interfaces/interfaces/msg
[0.384s] -- Up-to-date: /home/b/transporter_realsense/install/interfaces/include/interfaces/interfaces/msg/rosidl_typesupport_fastrtps_c__visibility_control.h
[0.384s] -- Installing: /home/b/transporter_realsense/install/interfaces/lib/libinterfaces__rosidl_typesupport_fastrtps_c.so
[0.384s] -- Set runtime path of "/home/b/transporter_realsense/install/interfaces/lib/libinterfaces__rosidl_typesupport_fastrtps_c.so" to ""
[0.384s] -- Up-to-date: /home/b/transporter_realsense/install/interfaces/include/interfaces/interfaces
[0.385s] -- Up-to-date: /home/b/transporter_realsense/install/interfaces/include/interfaces/interfaces/srv
[0.385s] -- Up-to-date: /home/b/transporter_realsense/install/interfaces/include/interfaces/interfaces/srv/detail
[0.385s] -- Installing: /home/b/transporter_realsense/install/interfaces/include/interfaces/interfaces/srv/detail/set_target__type_support.hpp
[0.385s] -- Installing: /home/b/transporter_realsense/install/interfaces/include/interfaces/interfaces/srv/detail/set_target__builder.hpp
[0.385s] -- Installing: /home/b/transporter_realsense/install/interfaces/include/interfaces/interfaces/srv/detail/set_target__traits.hpp
[0.385s] -- Installing: /home/b/transporter_realsense/install/interfaces/include/interfaces/interfaces/srv/detail/set_target__struct.hpp
[0.385s] -- Installing: /home/b/transporter_realsense/install/interfaces/include/interfaces/interfaces/srv/set_target.hpp
[0.385s] -- Up-to-date: /home/b/transporter_realsense/install/interfaces/include/interfaces/interfaces/msg
[0.385s] -- Up-to-date: /home/b/transporter_realsense/install/interfaces/include/interfaces/interfaces/msg/rosidl_generator_cpp__visibility_control.hpp
[0.385s] -- Up-to-date: /home/b/transporter_realsense/install/interfaces/include/interfaces/interfaces
[0.385s] -- Up-to-date: /home/b/transporter_realsense/install/interfaces/include/interfaces/interfaces/srv
[0.385s] -- Up-to-date: /home/b/transporter_realsense/install/interfaces/include/interfaces/interfaces/srv/detail
[0.385s] -- Up-to-date: /home/b/transporter_realsense/install/interfaces/include/interfaces/interfaces/srv/detail/dds_fastrtps
[0.385s] -- Installing: /home/b/transporter_realsense/install/interfaces/include/interfaces/interfaces/srv/detail/set_target__rosidl_typesupport_fastrtps_cpp.hpp
[0.385s] -- Up-to-date: /home/b/transporter_realsense/install/interfaces/include/interfaces/interfaces/msg
[0.385s] -- Up-to-date: /home/b/transporter_realsense/install/interfaces/include/interfaces/interfaces/msg/rosidl_typesupport_fastrtps_cpp__visibility_control.h
[0.385s] -- Installing: /home/b/transporter_realsense/install/interfaces/lib/libinterfaces__rosidl_typesupport_fastrtps_cpp.so
[0.386s] -- Set runtime path of "/home/b/transporter_realsense/install/interfaces/lib/libinterfaces__rosidl_typesupport_fastrtps_cpp.so" to ""
[0.386s] -- Up-to-date: /home/b/transporter_realsense/install/interfaces/include/interfaces/interfaces
[0.386s] -- Up-to-date: /home/b/transporter_realsense/install/interfaces/include/interfaces/interfaces/srv
[0.386s] -- Up-to-date: /home/b/transporter_realsense/install/interfaces/include/interfaces/interfaces/srv/detail
[0.386s] -- Installing: /home/b/transporter_realsense/install/interfaces/include/interfaces/interfaces/srv/detail/set_target__type_support.c
[0.386s] -- Installing: /home/b/transporter_realsense/install/interfaces/include/interfaces/interfaces/srv/detail/set_target__rosidl_typesupport_introspection_c.h
[0.386s] -- Up-to-date: /home/b/transporter_realsense/install/interfaces/include/interfaces/interfaces/msg
[0.386s] -- Up-to-date: /home/b/transporter_realsense/install/interfaces/include/interfaces/interfaces/msg/rosidl_typesupport_introspection_c__visibility_control.h
[0.386s] -- Installing: /home/b/transporter_realsense/install/interfaces/lib/libinterfaces__rosidl_typesupport_introspection_c.so
[0.387s] -- Set runtime path of "/home/b/transporter_realsense/install/interfaces/lib/libinterfaces__rosidl_typesupport_introspection_c.so" to ""
[0.387s] -- Installing: /home/b/transporter_realsense/install/interfaces/lib/libinterfaces__rosidl_typesupport_c.so
[0.387s] -- Set runtime path of "/home/b/transporter_realsense/install/interfaces/lib/libinterfaces__rosidl_typesupport_c.so" to ""
[0.387s] -- Up-to-date: /home/b/transporter_realsense/install/interfaces/include/interfaces/interfaces
[0.387s] -- Up-to-date: /home/b/transporter_realsense/install/interfaces/include/interfaces/interfaces/srv
[0.387s] -- Up-to-date: /home/b/transporter_realsense/install/interfaces/include/interfaces/interfaces/srv/detail
[0.387s] -- Installing: /home/b/transporter_realsense/install/interfaces/include/interfaces/interfaces/srv/detail/set_target__type_support.cpp
[0.388s] -- Installing: /home/b/transporter_realsense/install/interfaces/include/interfaces/interfaces/srv/detail/set_target__rosidl_typesupport_introspection_cpp.hpp
[0.388s] -- Installing: /home/b/transporter_realsense/install/interfaces/lib/libinterfaces__rosidl_typesupport_introspection_cpp.so
[0.388s] -- Set runtime path of "/home/b/transporter_realsense/install/interfaces/lib/libinterfaces__rosidl_typesupport_introspection_cpp.so" to ""
[0.389s] -- Installing: /home/b/transporter_realsense/install/interfaces/lib/libinterfaces__rosidl_typesupport_cpp.so
[0.389s] -- Set runtime path of "/home/b/transporter_realsense/install/interfaces/lib/libinterfaces__rosidl_typesupport_cpp.so" to ""
[0.389s] -- Up-to-date: /home/b/transporter_realsense/install/interfaces/share/interfaces/environment/pythonpath.sh
[0.389s] -- Installing: /home/b/transporter_realsense/install/interfaces/share/interfaces/environment/pythonpath.dsv
[0.389s] -- Up-to-date: /home/b/transporter_realsense/install/interfaces/local/lib/python3.10/dist-packages/interfaces-0.0.0-py3.10.egg-info
[0.389s] -- Installing: /home/b/transporter_realsense/install/interfaces/local/lib/python3.10/dist-packages/interfaces-0.0.0-py3.10.egg-info/SOURCES.txt
[0.389s] -- Installing: /home/b/transporter_realsense/install/interfaces/local/lib/python3.10/dist-packages/interfaces-0.0.0-py3.10.egg-info/dependency_links.txt
[0.389s] -- Installing: /home/b/transporter_realsense/install/interfaces/local/lib/python3.10/dist-packages/interfaces-0.0.0-py3.10.egg-info/top_level.txt
[0.390s] -- Installing: /home/b/transporter_realsense/install/interfaces/local/lib/python3.10/dist-packages/interfaces-0.0.0-py3.10.egg-info/PKG-INFO
[0.390s] -- Up-to-date: /home/b/transporter_realsense/install/interfaces/local/lib/python3.10/dist-packages/interfaces
[0.390s] -- Installing: /home/b/transporter_realsense/install/interfaces/local/lib/python3.10/dist-packages/interfaces/_interfaces_s.ep.rosidl_typesupport_fastrtps_c.c
[0.390s] -- Installing: /home/b/transporter_realsense/install/interfaces/local/lib/python3.10/dist-packages/interfaces/interfaces_s__rosidl_typesupport_fastrtps_c.cpython-310-x86_64-linux-gnu.so
[0.390s] -- Up-to-date: /home/b/transporter_realsense/install/interfaces/local/lib/python3.10/dist-packages/interfaces/srv
[0.390s] -- Installing: /home/b/transporter_realsense/install/interfaces/local/lib/python3.10/dist-packages/interfaces/srv/_set_target.py
[0.390s] -- Installing: /home/b/transporter_realsense/install/interfaces/local/lib/python3.10/dist-packages/interfaces/srv/_set_target_s.c
[0.390s] -- Installing: /home/b/transporter_realsense/install/interfaces/local/lib/python3.10/dist-packages/interfaces/srv/__init__.py
[0.390s] -- Installing: /home/b/transporter_realsense/install/interfaces/local/lib/python3.10/dist-packages/interfaces/libinterfaces__rosidl_generator_py.so
[0.391s] -- Installing: /home/b/transporter_realsense/install/interfaces/local/lib/python3.10/dist-packages/interfaces/_interfaces_s.ep.rosidl_typesupport_c.c
[0.391s] -- Installing: /home/b/transporter_realsense/install/interfaces/local/lib/python3.10/dist-packages/interfaces/_interfaces_s.ep.rosidl_typesupport_introspection_c.c
[0.391s] -- Installing: /home/b/transporter_realsense/install/interfaces/local/lib/python3.10/dist-packages/interfaces/__init__.py
[0.391s] -- Installing: /home/b/transporter_realsense/install/interfaces/local/lib/python3.10/dist-packages/interfaces/interfaces_s__rosidl_typesupport_introspection_c.cpython-310-x86_64-linux-gnu.so
[0.391s] -- Installing: /home/b/transporter_realsense/install/interfaces/local/lib/python3.10/dist-packages/interfaces/interfaces_s__rosidl_typesupport_c.cpython-310-x86_64-linux-gnu.so
[0.432s] Listing '/home/b/transporter_realsense/install/interfaces/local/lib/python3.10/dist-packages/interfaces'...
[0.432s] Compiling '/home/b/transporter_realsense/install/interfaces/local/lib/python3.10/dist-packages/interfaces/__init__.py'...
[0.432s] Listing '/home/b/transporter_realsense/install/interfaces/local/lib/python3.10/dist-packages/interfaces/srv'...
[0.432s] Compiling '/home/b/transporter_realsense/install/interfaces/local/lib/python3.10/dist-packages/interfaces/srv/__init__.py'...
[0.432s] Compiling '/home/b/transporter_realsense/install/interfaces/local/lib/python3.10/dist-packages/interfaces/srv/_set_target.py'...
[0.436s] -- Installing: /home/b/transporter_realsense/install/interfaces/local/lib/python3.10/dist-packages/interfaces/interfaces_s__rosidl_typesupport_fastrtps_c.cpython-310-x86_64-linux-gnu.so
[0.436s] -- Set runtime path of "/home/b/transporter_realsense/install/interfaces/local/lib/python3.10/dist-packages/interfaces/interfaces_s__rosidl_typesupport_fastrtps_c.cpython-310-x86_64-linux-gnu.so" to ""
[0.436s] -- Installing: /home/b/transporter_realsense/install/interfaces/local/lib/python3.10/dist-packages/interfaces/interfaces_s__rosidl_typesupport_introspection_c.cpython-310-x86_64-linux-gnu.so
[0.436s] -- Set runtime path of "/home/b/transporter_realsense/install/interfaces/local/lib/python3.10/dist-packages/interfaces/interfaces_s__rosidl_typesupport_introspection_c.cpython-310-x86_64-linux-gnu.so" to ""
[0.437s] -- Installing: /home/b/transporter_realsense/install/interfaces/local/lib/python3.10/dist-packages/interfaces/interfaces_s__rosidl_typesupport_c.cpython-310-x86_64-linux-gnu.so
[0.437s] -- Set runtime path of "/home/b/transporter_realsense/install/interfaces/local/lib/python3.10/dist-packages/interfaces/interfaces_s__rosidl_typesupport_c.cpython-310-x86_64-linux-gnu.so" to ""
[0.437s] -- Installing: /home/b/transporter_realsense/install/interfaces/lib/libinterfaces__rosidl_generator_py.so
[0.438s] -- Set runtime path of "/home/b/transporter_realsense/install/interfaces/lib/libinterfaces__rosidl_generator_py.so" to ""
[0.438s] -- Installing: /home/b/transporter_realsense/install/interfaces/share/interfaces/srv/SetTarget.idl
[0.438s] -- Installing: /home/b/transporter_realsense/install/interfaces/share/interfaces/srv/SetTarget.srv
[0.438s] -- Installing: /home/b/transporter_realsense/install/interfaces/share/interfaces/srv/SetTarget_Request.msg
[0.438s] -- Up-to-date: /home/b/transporter_realsense/install/interfaces/share/interfaces/srv/SetTarget_Response.msg
[0.438s] -- Up-to-date: /home/b/transporter_realsense/install/interfaces/share/ament_index/resource_index/package_run_dependencies/interfaces
[0.439s] -- Installing: /home/b/transporter_realsense/install/interfaces/share/ament_index/resource_index/parent_prefix_path/interfaces
[0.439s] -- Up-to-date: /home/b/transporter_realsense/install/interfaces/share/interfaces/environment/ament_prefix_path.sh
[0.439s] -- Installing: /home/b/transporter_realsense/install/interfaces/share/interfaces/environment/ament_prefix_path.dsv
[0.439s] -- Up-to-date: /home/b/transporter_realsense/install/interfaces/share/interfaces/environment/path.sh
[0.439s] -- Installing: /home/b/transporter_realsense/install/interfaces/share/interfaces/environment/path.dsv
[0.439s] -- Up-to-date: /home/b/transporter_realsense/install/interfaces/share/interfaces/local_setup.bash
[0.439s] -- Up-to-date: /home/b/transporter_realsense/install/interfaces/share/interfaces/local_setup.sh
[0.439s] -- Up-to-date: /home/b/transporter_realsense/install/interfaces/share/interfaces/local_setup.zsh
[0.439s] -- Installing: /home/b/transporter_realsense/install/interfaces/share/interfaces/local_setup.dsv
[0.439s] -- Installing: /home/b/transporter_realsense/install/interfaces/share/interfaces/package.dsv
[0.439s] -- Up-to-date: /home/b/transporter_realsense/install/interfaces/share/ament_index/resource_index/packages/interfaces
[0.440s] -- Up-to-date: /home/b/transporter_realsense/install/interfaces/share/interfaces/cmake/export_interfaces__rosidl_generator_cExport.cmake
[0.440s] -- Up-to-date: /home/b/transporter_realsense/install/interfaces/share/interfaces/cmake/export_interfaces__rosidl_generator_cExport-noconfig.cmake
[0.440s] -- Up-to-date: /home/b/transporter_realsense/install/interfaces/share/interfaces/cmake/export_interfaces__rosidl_typesupport_fastrtps_cExport.cmake
[0.440s] -- Up-to-date: /home/b/transporter_realsense/install/interfaces/share/interfaces/cmake/export_interfaces__rosidl_typesupport_fastrtps_cExport-noconfig.cmake
[0.440s] -- Up-to-date: /home/b/transporter_realsense/install/interfaces/share/interfaces/cmake/export_interfaces__rosidl_generator_cppExport.cmake
[0.440s] -- Up-to-date: /home/b/transporter_realsense/install/interfaces/share/interfaces/cmake/export_interfaces__rosidl_typesupport_fastrtps_cppExport.cmake
[0.440s] -- Up-to-date: /home/b/transporter_realsense/install/interfaces/share/interfaces/cmake/export_interfaces__rosidl_typesupport_fastrtps_cppExport-noconfig.cmake
[0.441s] -- Up-to-date: /home/b/transporter_realsense/install/interfaces/share/interfaces/cmake/interfaces__rosidl_typesupport_introspection_cExport.cmake
[0.441s] -- Up-to-date: /home/b/transporter_realsense/install/interfaces/share/interfaces/cmake/interfaces__rosidl_typesupport_introspection_cExport-noconfig.cmake
[0.441s] -- Up-to-date: /home/b/transporter_realsense/install/interfaces/share/interfaces/cmake/interfaces__rosidl_typesupport_cExport.cmake
[0.441s] -- Up-to-date: /home/b/transporter_realsense/install/interfaces/share/interfaces/cmake/interfaces__rosidl_typesupport_cExport-noconfig.cmake
[0.441s] -- Up-to-date: /home/b/transporter_realsense/install/interfaces/share/interfaces/cmake/interfaces__rosidl_typesupport_introspection_cppExport.cmake
[0.441s] -- Up-to-date: /home/b/transporter_realsense/install/interfaces/share/interfaces/cmake/interfaces__rosidl_typesupport_introspection_cppExport-noconfig.cmake
[0.441s] -- Up-to-date: /home/b/transporter_realsense/install/interfaces/share/interfaces/cmake/interfaces__rosidl_typesupport_cppExport.cmake
[0.441s] -- Up-to-date: /home/b/transporter_realsense/install/interfaces/share/interfaces/cmake/interfaces__rosidl_typesupport_cppExport-noconfig.cmake
[0.442s] -- Up-to-date: /home/b/transporter_realsense/install/interfaces/share/interfaces/cmake/export_interfaces__rosidl_generator_pyExport.cmake
[0.443s] -- Up-to-date: /home/b/transporter_realsense/install/interfaces/share/interfaces/cmake/export_interfaces__rosidl_generator_pyExport-noconfig.cmake
[0.443s] -- Up-to-date: /home/b/transporter_realsense/install/interfaces/share/interfaces/cmake/rosidl_cmake-extras.cmake
[0.443s] -- Up-to-date: /home/b/transporter_realsense/install/interfaces/share/interfaces/cmake/ament_cmake_export_dependencies-extras.cmake
[0.443s] -- Up-to-date: /home/b/transporter_realsense/install/interfaces/share/interfaces/cmake/ament_cmake_export_include_directories-extras.cmake
[0.443s] -- Up-to-date: /home/b/transporter_realsense/install/interfaces/share/interfaces/cmake/ament_cmake_export_libraries-extras.cmake
[0.443s] -- Up-to-date: /home/b/transporter_realsense/install/interfaces/share/interfaces/cmake/ament_cmake_export_targets-extras.cmake
[0.443s] -- Up-to-date: /home/b/transporter_realsense/install/interfaces/share/interfaces/cmake/rosidl_cmake_export_typesupport_targets-extras.cmake
[0.443s] -- Up-to-date: /home/b/transporter_realsense/install/interfaces/share/interfaces/cmake/rosidl_cmake_export_typesupport_libraries-extras.cmake
[0.443s] -- Up-to-date: /home/b/transporter_realsense/install/interfaces/share/interfaces/cmake/interfacesConfig.cmake
[0.443s] -- Up-to-date: /home/b/transporter_realsense/install/interfaces/share/interfaces/cmake/interfacesConfig-version.cmake
[0.443s] -- Up-to-date: /home/b/transporter_realsense/install/interfaces/share/interfaces/package.xml
[0.446s] Invoked command in '/home/b/transporter_realsense/build/interfaces' returned '0': CMAKE_PREFIX_PATH=${CMAKE_PREFIX_PATH}:/opt/ros/humble /usr/bin/cmake --install /home/b/transporter_realsense/build/interfaces
