[0.012s] Invoking command in '/home/b/transporter_realsense/build/interfaces': CMAKE_PREFIX_PATH=${CMAKE_PREFIX_PATH}:/opt/ros/humble /usr/bin/cmake --build /home/b/transporter_realsense/build/interfaces -- -j12 -l12
[0.066s] [  3%] Built target interfaces__cpp
[0.068s] [ 12%] Built target interfaces__rosidl_generator_c
[0.076s] [ 12%] Built target ament_cmake_python_copy_interfaces
[0.090s] [ 22%] Built target interfaces__rosidl_typesupport_fastrtps_cpp
[0.090s] [ 32%] Built target interfaces__rosidl_typesupport_cpp
[0.092s] [ 41%] Built target interfaces__rosidl_typesupport_fastrtps_c
[0.093s] [ 51%] Built target interfaces__rosidl_typesupport_introspection_c
[0.093s] [ 61%] Built target interfaces__rosidl_typesupport_c
[0.094s] [ 70%] Built target interfaces__rosidl_typesupport_introspection_cpp
[0.117s] [ 70%] Built target interfaces
[0.142s] [ 74%] Built target interfaces__py
[0.163s] [ 80%] Built target interfaces__rosidl_generator_py
[0.185s] [ 93%] Built target interfaces__rosidl_typesupport_introspection_c__pyext
[0.185s] [ 93%] Built target interfaces__rosidl_typesupport_fastrtps_c__pyext
[0.189s] [100%] Built target interfaces__rosidl_typesupport_c__pyext
[0.329s] running egg_info
[0.330s] writing interfaces.egg-info/PKG-INFO
[0.331s] writing dependency_links to interfaces.egg-info/dependency_links.txt
[0.331s] writing top-level names to interfaces.egg-info/top_level.txt
[0.333s] reading manifest file 'interfaces.egg-info/SOURCES.txt'
[0.334s] writing manifest file 'interfaces.egg-info/SOURCES.txt'
[0.363s] [100%] Built target ament_cmake_python_build_interfaces_egg
[0.374s] Invoked command in '/home/b/transporter_realsense/build/interfaces' returned '0': CMAKE_PREFIX_PATH=${CMAKE_PREFIX_PATH}:/opt/ros/humble /usr/bin/cmake --build /home/b/transporter_realsense/build/interfaces -- -j12 -l12
[0.384s] Invoking command in '/home/b/transporter_realsense/build/interfaces': CMAKE_PREFIX_PATH=${CMAKE_PREFIX_PATH}:/opt/ros/humble /usr/bin/cmake --install /home/b/transporter_realsense/build/interfaces
[0.390s] -- Install configuration: ""
[0.391s] -- Up-to-date: /home/b/transporter_realsense/install/interfaces/share/ament_index/resource_index/rosidl_interfaces/interfaces
[0.391s] -- Up-to-date: /home/b/transporter_realsense/install/interfaces/include/interfaces/interfaces
[0.391s] -- Up-to-date: /home/b/transporter_realsense/install/interfaces/include/interfaces/interfaces/srv
[0.391s] -- Up-to-date: /home/b/transporter_realsense/install/interfaces/include/interfaces/interfaces/srv/detail
[0.391s] -- Up-to-date: /home/b/transporter_realsense/install/interfaces/include/interfaces/interfaces/srv/detail/set_target__functions.c
[0.391s] -- Up-to-date: /home/b/transporter_realsense/install/interfaces/include/interfaces/interfaces/srv/detail/set_target__type_support.h
[0.391s] -- Up-to-date: /home/b/transporter_realsense/install/interfaces/include/interfaces/interfaces/srv/detail/set_target__functions.h
[0.391s] -- Up-to-date: /home/b/transporter_realsense/install/interfaces/include/interfaces/interfaces/srv/detail/set_target__struct.h
[0.391s] -- Up-to-date: /home/b/transporter_realsense/install/interfaces/include/interfaces/interfaces/srv/set_target.h
[0.391s] -- Up-to-date: /home/b/transporter_realsense/install/interfaces/include/interfaces/interfaces/msg
[0.391s] -- Up-to-date: /home/b/transporter_realsense/install/interfaces/include/interfaces/interfaces/msg/rosidl_generator_c__visibility_control.h
[0.391s] -- Up-to-date: /home/b/transporter_realsense/install/interfaces/share/interfaces/environment/library_path.sh
[0.391s] -- Up-to-date: /home/b/transporter_realsense/install/interfaces/share/interfaces/environment/library_path.dsv
[0.392s] -- Up-to-date: /home/b/transporter_realsense/install/interfaces/lib/libinterfaces__rosidl_generator_c.so
[0.392s] -- Up-to-date: /home/b/transporter_realsense/install/interfaces/include/interfaces/interfaces
[0.392s] -- Up-to-date: /home/b/transporter_realsense/install/interfaces/include/interfaces/interfaces/srv
[0.392s] -- Up-to-date: /home/b/transporter_realsense/install/interfaces/include/interfaces/interfaces/srv/detail
[0.392s] -- Up-to-date: /home/b/transporter_realsense/install/interfaces/include/interfaces/interfaces/srv/detail/set_target__rosidl_typesupport_fastrtps_c.h
[0.392s] -- Up-to-date: /home/b/transporter_realsense/install/interfaces/include/interfaces/interfaces/msg
[0.392s] -- Up-to-date: /home/b/transporter_realsense/install/interfaces/include/interfaces/interfaces/msg/rosidl_typesupport_fastrtps_c__visibility_control.h
[0.392s] -- Up-to-date: /home/b/transporter_realsense/install/interfaces/lib/libinterfaces__rosidl_typesupport_fastrtps_c.so
[0.392s] -- Up-to-date: /home/b/transporter_realsense/install/interfaces/include/interfaces/interfaces
[0.392s] -- Up-to-date: /home/b/transporter_realsense/install/interfaces/include/interfaces/interfaces/srv
[0.393s] -- Up-to-date: /home/b/transporter_realsense/install/interfaces/include/interfaces/interfaces/srv/detail
[0.393s] -- Up-to-date: /home/b/transporter_realsense/install/interfaces/include/interfaces/interfaces/srv/detail/set_target__type_support.hpp
[0.393s] -- Up-to-date: /home/b/transporter_realsense/install/interfaces/include/interfaces/interfaces/srv/detail/set_target__builder.hpp
[0.393s] -- Up-to-date: /home/b/transporter_realsense/install/interfaces/include/interfaces/interfaces/srv/detail/set_target__traits.hpp
[0.393s] -- Up-to-date: /home/b/transporter_realsense/install/interfaces/include/interfaces/interfaces/srv/detail/set_target__struct.hpp
[0.393s] -- Up-to-date: /home/b/transporter_realsense/install/interfaces/include/interfaces/interfaces/srv/set_target.hpp
[0.393s] -- Up-to-date: /home/b/transporter_realsense/install/interfaces/include/interfaces/interfaces/msg
[0.393s] -- Up-to-date: /home/b/transporter_realsense/install/interfaces/include/interfaces/interfaces/msg/rosidl_generator_cpp__visibility_control.hpp
[0.393s] -- Up-to-date: /home/b/transporter_realsense/install/interfaces/include/interfaces/interfaces
[0.393s] -- Up-to-date: /home/b/transporter_realsense/install/interfaces/include/interfaces/interfaces/srv
[0.393s] -- Up-to-date: /home/b/transporter_realsense/install/interfaces/include/interfaces/interfaces/srv/detail
[0.393s] -- Up-to-date: /home/b/transporter_realsense/install/interfaces/include/interfaces/interfaces/srv/detail/dds_fastrtps
[0.393s] -- Up-to-date: /home/b/transporter_realsense/install/interfaces/include/interfaces/interfaces/srv/detail/set_target__rosidl_typesupport_fastrtps_cpp.hpp
[0.394s] -- Up-to-date: /home/b/transporter_realsense/install/interfaces/include/interfaces/interfaces/msg
[0.394s] -- Up-to-date: /home/b/transporter_realsense/install/interfaces/include/interfaces/interfaces/msg/rosidl_typesupport_fastrtps_cpp__visibility_control.h
[0.394s] -- Up-to-date: /home/b/transporter_realsense/install/interfaces/lib/libinterfaces__rosidl_typesupport_fastrtps_cpp.so
[0.394s] -- Up-to-date: /home/b/transporter_realsense/install/interfaces/include/interfaces/interfaces
[0.394s] -- Up-to-date: /home/b/transporter_realsense/install/interfaces/include/interfaces/interfaces/srv
[0.394s] -- Up-to-date: /home/b/transporter_realsense/install/interfaces/include/interfaces/interfaces/srv/detail
[0.394s] -- Up-to-date: /home/b/transporter_realsense/install/interfaces/include/interfaces/interfaces/srv/detail/set_target__type_support.c
[0.394s] -- Up-to-date: /home/b/transporter_realsense/install/interfaces/include/interfaces/interfaces/srv/detail/set_target__rosidl_typesupport_introspection_c.h
[0.394s] -- Up-to-date: /home/b/transporter_realsense/install/interfaces/include/interfaces/interfaces/msg
[0.394s] -- Up-to-date: /home/b/transporter_realsense/install/interfaces/include/interfaces/interfaces/msg/rosidl_typesupport_introspection_c__visibility_control.h
[0.394s] -- Up-to-date: /home/b/transporter_realsense/install/interfaces/lib/libinterfaces__rosidl_typesupport_introspection_c.so
[0.394s] -- Up-to-date: /home/b/transporter_realsense/install/interfaces/lib/libinterfaces__rosidl_typesupport_c.so
[0.394s] -- Up-to-date: /home/b/transporter_realsense/install/interfaces/include/interfaces/interfaces
[0.394s] -- Up-to-date: /home/b/transporter_realsense/install/interfaces/include/interfaces/interfaces/srv
[0.395s] -- Up-to-date: /home/b/transporter_realsense/install/interfaces/include/interfaces/interfaces/srv/detail
[0.395s] -- Up-to-date: /home/b/transporter_realsense/install/interfaces/include/interfaces/interfaces/srv/detail/set_target__type_support.cpp
[0.395s] -- Up-to-date: /home/b/transporter_realsense/install/interfaces/include/interfaces/interfaces/srv/detail/set_target__rosidl_typesupport_introspection_cpp.hpp
[0.395s] -- Up-to-date: /home/b/transporter_realsense/install/interfaces/lib/libinterfaces__rosidl_typesupport_introspection_cpp.so
[0.395s] -- Up-to-date: /home/b/transporter_realsense/install/interfaces/lib/libinterfaces__rosidl_typesupport_cpp.so
[0.395s] -- Up-to-date: /home/b/transporter_realsense/install/interfaces/share/interfaces/environment/pythonpath.sh
[0.395s] -- Up-to-date: /home/b/transporter_realsense/install/interfaces/share/interfaces/environment/pythonpath.dsv
[0.395s] -- Up-to-date: /home/b/transporter_realsense/install/interfaces/local/lib/python3.10/dist-packages/interfaces-0.0.0-py3.10.egg-info
[0.395s] -- Installing: /home/b/transporter_realsense/install/interfaces/local/lib/python3.10/dist-packages/interfaces-0.0.0-py3.10.egg-info/SOURCES.txt
[0.395s] -- Installing: /home/b/transporter_realsense/install/interfaces/local/lib/python3.10/dist-packages/interfaces-0.0.0-py3.10.egg-info/dependency_links.txt
[0.395s] -- Installing: /home/b/transporter_realsense/install/interfaces/local/lib/python3.10/dist-packages/interfaces-0.0.0-py3.10.egg-info/top_level.txt
[0.395s] -- Installing: /home/b/transporter_realsense/install/interfaces/local/lib/python3.10/dist-packages/interfaces-0.0.0-py3.10.egg-info/PKG-INFO
[0.395s] -- Up-to-date: /home/b/transporter_realsense/install/interfaces/local/lib/python3.10/dist-packages/interfaces
[0.395s] -- Up-to-date: /home/b/transporter_realsense/install/interfaces/local/lib/python3.10/dist-packages/interfaces/_interfaces_s.ep.rosidl_typesupport_fastrtps_c.c
[0.395s] -- Up-to-date: /home/b/transporter_realsense/install/interfaces/local/lib/python3.10/dist-packages/interfaces/interfaces_s__rosidl_typesupport_fastrtps_c.cpython-310-x86_64-linux-gnu.so
[0.396s] -- Up-to-date: /home/b/transporter_realsense/install/interfaces/local/lib/python3.10/dist-packages/interfaces/srv
[0.396s] -- Up-to-date: /home/b/transporter_realsense/install/interfaces/local/lib/python3.10/dist-packages/interfaces/srv/_set_target.py
[0.396s] -- Up-to-date: /home/b/transporter_realsense/install/interfaces/local/lib/python3.10/dist-packages/interfaces/srv/_set_target_s.c
[0.396s] -- Up-to-date: /home/b/transporter_realsense/install/interfaces/local/lib/python3.10/dist-packages/interfaces/srv/__init__.py
[0.396s] -- Up-to-date: /home/b/transporter_realsense/install/interfaces/local/lib/python3.10/dist-packages/interfaces/libinterfaces__rosidl_generator_py.so
[0.396s] -- Up-to-date: /home/b/transporter_realsense/install/interfaces/local/lib/python3.10/dist-packages/interfaces/_interfaces_s.ep.rosidl_typesupport_c.c
[0.396s] -- Up-to-date: /home/b/transporter_realsense/install/interfaces/local/lib/python3.10/dist-packages/interfaces/_interfaces_s.ep.rosidl_typesupport_introspection_c.c
[0.396s] -- Up-to-date: /home/b/transporter_realsense/install/interfaces/local/lib/python3.10/dist-packages/interfaces/__init__.py
[0.396s] -- Up-to-date: /home/b/transporter_realsense/install/interfaces/local/lib/python3.10/dist-packages/interfaces/interfaces_s__rosidl_typesupport_introspection_c.cpython-310-x86_64-linux-gnu.so
[0.396s] -- Up-to-date: /home/b/transporter_realsense/install/interfaces/local/lib/python3.10/dist-packages/interfaces/interfaces_s__rosidl_typesupport_c.cpython-310-x86_64-linux-gnu.so
[0.433s] Listing '/home/b/transporter_realsense/install/interfaces/local/lib/python3.10/dist-packages/interfaces'...
[0.433s] Listing '/home/b/transporter_realsense/install/interfaces/local/lib/python3.10/dist-packages/interfaces/srv'...
[0.439s] -- Up-to-date: /home/b/transporter_realsense/install/interfaces/local/lib/python3.10/dist-packages/interfaces/interfaces_s__rosidl_typesupport_fastrtps_c.cpython-310-x86_64-linux-gnu.so
[0.439s] -- Up-to-date: /home/b/transporter_realsense/install/interfaces/local/lib/python3.10/dist-packages/interfaces/interfaces_s__rosidl_typesupport_introspection_c.cpython-310-x86_64-linux-gnu.so
[0.440s] -- Up-to-date: /home/b/transporter_realsense/install/interfaces/local/lib/python3.10/dist-packages/interfaces/interfaces_s__rosidl_typesupport_c.cpython-310-x86_64-linux-gnu.so
[0.440s] -- Up-to-date: /home/b/transporter_realsense/install/interfaces/lib/libinterfaces__rosidl_generator_py.so
[0.443s] -- Up-to-date: /home/b/transporter_realsense/install/interfaces/share/interfaces/srv/SetTarget.idl
[0.443s] -- Up-to-date: /home/b/transporter_realsense/install/interfaces/share/interfaces/srv/SetTarget.srv
[0.443s] -- Up-to-date: /home/b/transporter_realsense/install/interfaces/share/interfaces/srv/SetTarget_Request.msg
[0.443s] -- Up-to-date: /home/b/transporter_realsense/install/interfaces/share/interfaces/srv/SetTarget_Response.msg
[0.444s] -- Up-to-date: /home/b/transporter_realsense/install/interfaces/share/ament_index/resource_index/package_run_dependencies/interfaces
[0.444s] -- Up-to-date: /home/b/transporter_realsense/install/interfaces/share/ament_index/resource_index/parent_prefix_path/interfaces
[0.444s] -- Up-to-date: /home/b/transporter_realsense/install/interfaces/share/interfaces/environment/ament_prefix_path.sh
[0.444s] -- Up-to-date: /home/b/transporter_realsense/install/interfaces/share/interfaces/environment/ament_prefix_path.dsv
[0.444s] -- Up-to-date: /home/b/transporter_realsense/install/interfaces/share/interfaces/environment/path.sh
[0.444s] -- Up-to-date: /home/b/transporter_realsense/install/interfaces/share/interfaces/environment/path.dsv
[0.444s] -- Up-to-date: /home/b/transporter_realsense/install/interfaces/share/interfaces/local_setup.bash
[0.444s] -- Up-to-date: /home/b/transporter_realsense/install/interfaces/share/interfaces/local_setup.sh
[0.444s] -- Up-to-date: /home/b/transporter_realsense/install/interfaces/share/interfaces/local_setup.zsh
[0.444s] -- Up-to-date: /home/b/transporter_realsense/install/interfaces/share/interfaces/local_setup.dsv
[0.445s] -- Installing: /home/b/transporter_realsense/install/interfaces/share/interfaces/package.dsv
[0.445s] -- Up-to-date: /home/b/transporter_realsense/install/interfaces/share/ament_index/resource_index/packages/interfaces
[0.445s] -- Up-to-date: /home/b/transporter_realsense/install/interfaces/share/interfaces/cmake/export_interfaces__rosidl_generator_cExport.cmake
[0.445s] -- Up-to-date: /home/b/transporter_realsense/install/interfaces/share/interfaces/cmake/export_interfaces__rosidl_generator_cExport-noconfig.cmake
[0.445s] -- Up-to-date: /home/b/transporter_realsense/install/interfaces/share/interfaces/cmake/export_interfaces__rosidl_typesupport_fastrtps_cExport.cmake
[0.445s] -- Up-to-date: /home/b/transporter_realsense/install/interfaces/share/interfaces/cmake/export_interfaces__rosidl_typesupport_fastrtps_cExport-noconfig.cmake
[0.445s] -- Up-to-date: /home/b/transporter_realsense/install/interfaces/share/interfaces/cmake/export_interfaces__rosidl_generator_cppExport.cmake
[0.445s] -- Up-to-date: /home/b/transporter_realsense/install/interfaces/share/interfaces/cmake/export_interfaces__rosidl_typesupport_fastrtps_cppExport.cmake
[0.445s] -- Up-to-date: /home/b/transporter_realsense/install/interfaces/share/interfaces/cmake/export_interfaces__rosidl_typesupport_fastrtps_cppExport-noconfig.cmake
[0.445s] -- Up-to-date: /home/b/transporter_realsense/install/interfaces/share/interfaces/cmake/interfaces__rosidl_typesupport_introspection_cExport.cmake
[0.445s] -- Up-to-date: /home/b/transporter_realsense/install/interfaces/share/interfaces/cmake/interfaces__rosidl_typesupport_introspection_cExport-noconfig.cmake
[0.446s] -- Up-to-date: /home/b/transporter_realsense/install/interfaces/share/interfaces/cmake/interfaces__rosidl_typesupport_cExport.cmake
[0.446s] -- Up-to-date: /home/b/transporter_realsense/install/interfaces/share/interfaces/cmake/interfaces__rosidl_typesupport_cExport-noconfig.cmake
[0.446s] -- Up-to-date: /home/b/transporter_realsense/install/interfaces/share/interfaces/cmake/interfaces__rosidl_typesupport_introspection_cppExport.cmake
[0.446s] -- Up-to-date: /home/b/transporter_realsense/install/interfaces/share/interfaces/cmake/interfaces__rosidl_typesupport_introspection_cppExport-noconfig.cmake
[0.446s] -- Up-to-date: /home/b/transporter_realsense/install/interfaces/share/interfaces/cmake/interfaces__rosidl_typesupport_cppExport.cmake
[0.446s] -- Up-to-date: /home/b/transporter_realsense/install/interfaces/share/interfaces/cmake/interfaces__rosidl_typesupport_cppExport-noconfig.cmake
[0.446s] -- Up-to-date: /home/b/transporter_realsense/install/interfaces/share/interfaces/cmake/export_interfaces__rosidl_generator_pyExport.cmake
[0.446s] -- Up-to-date: /home/b/transporter_realsense/install/interfaces/share/interfaces/cmake/export_interfaces__rosidl_generator_pyExport-noconfig.cmake
[0.446s] -- Up-to-date: /home/b/transporter_realsense/install/interfaces/share/interfaces/cmake/rosidl_cmake-extras.cmake
[0.446s] -- Up-to-date: /home/b/transporter_realsense/install/interfaces/share/interfaces/cmake/ament_cmake_export_dependencies-extras.cmake
[0.447s] -- Up-to-date: /home/b/transporter_realsense/install/interfaces/share/interfaces/cmake/ament_cmake_export_include_directories-extras.cmake
[0.447s] -- Up-to-date: /home/b/transporter_realsense/install/interfaces/share/interfaces/cmake/ament_cmake_export_libraries-extras.cmake
[0.447s] -- Up-to-date: /home/b/transporter_realsense/install/interfaces/share/interfaces/cmake/ament_cmake_export_targets-extras.cmake
[0.447s] -- Up-to-date: /home/b/transporter_realsense/install/interfaces/share/interfaces/cmake/rosidl_cmake_export_typesupport_targets-extras.cmake
[0.447s] -- Up-to-date: /home/b/transporter_realsense/install/interfaces/share/interfaces/cmake/rosidl_cmake_export_typesupport_libraries-extras.cmake
[0.447s] -- Up-to-date: /home/b/transporter_realsense/install/interfaces/share/interfaces/cmake/interfacesConfig.cmake
[0.447s] -- Up-to-date: /home/b/transporter_realsense/install/interfaces/share/interfaces/cmake/interfacesConfig-version.cmake
[0.447s] -- Up-to-date: /home/b/transporter_realsense/install/interfaces/share/interfaces/package.xml
[0.464s] Invoked command in '/home/b/transporter_realsense/build/interfaces' returned '0': CMAKE_PREFIX_PATH=${CMAKE_PREFIX_PATH}:/opt/ros/humble /usr/bin/cmake --install /home/b/transporter_realsense/build/interfaces
