[0.017s] Invoking command in '/home/b/transporter_realsense/build/interfaces': CMAKE_PREFIX_PATH=${CMAKE_PREFIX_PATH}:/opt/ros/humble /usr/bin/cmake --build /home/b/transporter_realsense/build/interfaces -- -j12 -l12
[0.046s] -- Found ament_cmake: 1.3.11 (/opt/ros/humble/share/ament_cmake/cmake)
[0.171s] -- Found geometry_msgs: 4.8.0 (/opt/ros/humble/share/geometry_msgs/cmake)
[0.191s] -- Found rosidl_generator_c: 3.1.6 (/opt/ros/humble/share/rosidl_generator_c/cmake)
[0.193s] -- Found rosidl_adapter: 3.1.6 (/opt/ros/humble/share/rosidl_adapter/cmake)
[0.198s] -- Found rosidl_generator_cpp: 3.1.6 (/opt/ros/humble/share/rosidl_generator_cpp/cmake)
[0.208s] -- Using all available rosidl_typesupport_c: rosidl_typesupport_fastrtps_c;rosidl_typesupport_introspection_c
[0.225s] -- Using all available rosidl_typesupport_cpp: rosidl_typesupport_fastrtps_cpp;rosidl_typesupport_introspection_cpp
[0.259s] -- Found rosidl_default_generators: 1.2.0 (/opt/ros/humble/share/rosidl_default_generators/cmake)
[0.265s] -- Found ament_lint_auto: 0.12.12 (/opt/ros/humble/share/ament_lint_auto/cmake)
[0.546s] -- Found ament_cmake_ros: 0.10.0 (/opt/ros/humble/share/ament_cmake_ros/cmake)
[0.912s] -- Using all available rosidl_typesupport_c: rosidl_typesupport_fastrtps_c;rosidl_typesupport_introspection_c
[1.062s] -- Using all available rosidl_typesupport_cpp: rosidl_typesupport_fastrtps_cpp;rosidl_typesupport_introspection_cpp
[1.081s] -- Found python_cmake_module: 0.10.0 (/opt/ros/humble/share/python_cmake_module/cmake)
[1.099s] -- Using PYTHON_EXECUTABLE: /usr/bin/python3
[1.099s] -- Using PYTHON_INCLUDE_DIRS: /usr/include/python3.10
[1.099s] -- Using PYTHON_LIBRARIES: /usr/lib/x86_64-linux-gnu/libpython3.10.so
[1.140s] -- Added test 'lint_cmake' to check CMake code style
[1.141s] -- Added test 'xmllint' to check XML markup files
[1.143s] -- Configuring done
[1.169s] -- Generating done
[1.180s] -- Build files have been written to: /home/b/transporter_realsense/build/interfaces
[1.204s] [  3%] [34m[1mGenerating C code for ROS interfaces[0m
[1.216s] [  6%] [34m[1mGenerating C++ code for ROS interfaces[0m
[1.229s] [  6%] Built target ament_cmake_python_copy_interfaces
[1.533s] running egg_info
[1.534s] writing interfaces.egg-info/PKG-INFO
[1.534s] writing dependency_links to interfaces.egg-info/dependency_links.txt
[1.534s] writing top-level names to interfaces.egg-info/top_level.txt
[1.538s] reading manifest file 'interfaces.egg-info/SOURCES.txt'
[1.538s] writing manifest file 'interfaces.egg-info/SOURCES.txt'
[1.573s] [  6%] Built target ament_cmake_python_build_interfaces_egg
[1.578s] [  6%] Built target interfaces__cpp
[1.590s] [ 16%] [34m[1mGenerating C++ introspection for ROS interfaces[0m
[1.590s] [ 16%] [34m[1mGenerating C++ type support dispatch for ROS interfaces[0m
[1.590s] [ 16%] [34m[1mGenerating C++ type support for eProsima Fast-RTPS[0m
[1.591s] [35m[1mConsolidate compiler generated dependencies of target interfaces__rosidl_generator_c[0m
[1.606s] [ 19%] [32mBuilding C object CMakeFiles/interfaces__rosidl_generator_c.dir/rosidl_generator_c/interfaces/srv/detail/set_target__functions.c.o[0m
[1.680s] [ 22%] [32m[1mLinking C shared library libinterfaces__rosidl_generator_c.so[0m
[1.732s] [ 22%] Built target interfaces__rosidl_generator_c
[1.747s] [ 25%] [34m[1mGenerating C type support dispatch for ROS interfaces[0m
[1.748s] [ 29%] [34m[1mGenerating C type support for eProsima Fast-RTPS[0m
[1.749s] [ 32%] [34m[1mGenerating C introspection for ROS interfaces[0m
[1.881s] [35m[1mConsolidate compiler generated dependencies of target interfaces__rosidl_typesupport_cpp[0m
[1.895s] [ 35%] [32mBuilding CXX object CMakeFiles/interfaces__rosidl_typesupport_cpp.dir/rosidl_typesupport_cpp/interfaces/srv/set_target__type_support.cpp.o[0m
[1.931s] [35m[1mConsolidate compiler generated dependencies of target interfaces__rosidl_typesupport_introspection_cpp[0m
[1.952s] [ 38%] [32mBuilding CXX object CMakeFiles/interfaces__rosidl_typesupport_introspection_cpp.dir/rosidl_typesupport_introspection_cpp/interfaces/srv/detail/set_target__type_support.cpp.o[0m
[1.953s] [35m[1mConsolidate compiler generated dependencies of target interfaces__rosidl_typesupport_fastrtps_cpp[0m
[1.970s] [ 41%] [32mBuilding CXX object CMakeFiles/interfaces__rosidl_typesupport_fastrtps_cpp.dir/rosidl_typesupport_fastrtps_cpp/interfaces/srv/detail/dds_fastrtps/set_target__type_support.cpp.o[0m
[2.048s] [35m[1mConsolidate compiler generated dependencies of target interfaces__rosidl_typesupport_c[0m
[2.062s] [ 45%] [32mBuilding CXX object CMakeFiles/interfaces__rosidl_typesupport_c.dir/rosidl_typesupport_c/interfaces/srv/set_target__type_support.cpp.o[0m
[2.076s] [35m[1mConsolidate compiler generated dependencies of target interfaces__rosidl_typesupport_introspection_c[0m
[2.076s] [35m[1mConsolidate compiler generated dependencies of target interfaces__rosidl_typesupport_fastrtps_c[0m
[2.088s] [ 48%] [32mBuilding C object CMakeFiles/interfaces__rosidl_typesupport_introspection_c.dir/rosidl_typesupport_introspection_c/interfaces/srv/detail/set_target__type_support.c.o[0m
[2.089s] [ 51%] [32mBuilding CXX object CMakeFiles/interfaces__rosidl_typesupport_fastrtps_c.dir/rosidl_typesupport_fastrtps_c/interfaces/srv/detail/set_target__type_support_c.cpp.o[0m
[2.092s] [ 54%] [32m[1mLinking CXX shared library libinterfaces__rosidl_typesupport_c.so[0m
[2.128s] [ 58%] [32m[1mLinking C shared library libinterfaces__rosidl_typesupport_introspection_c.so[0m
[2.143s] [ 58%] Built target interfaces__rosidl_typesupport_c
[2.164s] [ 58%] Built target interfaces__rosidl_typesupport_introspection_c
[2.232s] [ 61%] [32m[1mLinking CXX shared library libinterfaces__rosidl_typesupport_cpp.so[0m
[2.277s] [ 61%] Built target interfaces__rosidl_typesupport_cpp
[2.420s] [ 64%] [32m[1mLinking CXX shared library libinterfaces__rosidl_typesupport_introspection_cpp.so[0m
[2.433s] [ 67%] [32m[1mLinking CXX shared library libinterfaces__rosidl_typesupport_fastrtps_cpp.so[0m
[2.494s] [ 67%] Built target interfaces__rosidl_typesupport_introspection_cpp
[2.518s] [ 70%] [32m[1mLinking CXX shared library libinterfaces__rosidl_typesupport_fastrtps_c.so[0m
[2.519s] [ 70%] Built target interfaces__rosidl_typesupport_fastrtps_cpp
[2.593s] [ 70%] Built target interfaces__rosidl_typesupport_fastrtps_c
[2.612s] [ 70%] Built target interfaces
[2.641s] [ 74%] [34m[1mGenerating Python code for ROS interfaces[0m
[2.958s] [ 74%] Built target interfaces__py
[2.968s] [35m[1mConsolidate compiler generated dependencies of target interfaces__rosidl_generator_py[0m
[2.980s] [ 77%] [32mBuilding C object CMakeFiles/interfaces__rosidl_generator_py.dir/rosidl_generator_py/interfaces/srv/_set_target_s.c.o[0m
[3.072s] [ 80%] [32m[1mLinking C shared library rosidl_generator_py/interfaces/libinterfaces__rosidl_generator_py.so[0m
[3.108s] [ 80%] Built target interfaces__rosidl_generator_py
[3.123s] [35m[1mConsolidate compiler generated dependencies of target interfaces__rosidl_typesupport_fastrtps_c__pyext[0m
[3.123s] [35m[1mConsolidate compiler generated dependencies of target interfaces__rosidl_typesupport_introspection_c__pyext[0m
[3.123s] [35m[1mConsolidate compiler generated dependencies of target interfaces__rosidl_typesupport_c__pyext[0m
[3.136s] [ 83%] [32mBuilding C object CMakeFiles/interfaces__rosidl_typesupport_fastrtps_c__pyext.dir/rosidl_generator_py/interfaces/_interfaces_s.ep.rosidl_typesupport_fastrtps_c.c.o[0m
[3.137s] [ 87%] [32mBuilding C object CMakeFiles/interfaces__rosidl_typesupport_introspection_c__pyext.dir/rosidl_generator_py/interfaces/_interfaces_s.ep.rosidl_typesupport_introspection_c.c.o[0m
[3.138s] [ 90%] [32mBuilding C object CMakeFiles/interfaces__rosidl_typesupport_c__pyext.dir/rosidl_generator_py/interfaces/_interfaces_s.ep.rosidl_typesupport_c.c.o[0m
[3.235s] [ 93%] [32m[1mLinking C shared library rosidl_generator_py/interfaces/interfaces_s__rosidl_typesupport_introspection_c.cpython-310-x86_64-linux-gnu.so[0m
[3.237s] [ 96%] [32m[1mLinking C shared library rosidl_generator_py/interfaces/interfaces_s__rosidl_typesupport_c.cpython-310-x86_64-linux-gnu.so[0m
[3.237s] [100%] [32m[1mLinking C shared library rosidl_generator_py/interfaces/interfaces_s__rosidl_typesupport_fastrtps_c.cpython-310-x86_64-linux-gnu.so[0m
[3.274s] [100%] Built target interfaces__rosidl_typesupport_c__pyext
[3.274s] [100%] Built target interfaces__rosidl_typesupport_fastrtps_c__pyext
[3.274s] [100%] Built target interfaces__rosidl_typesupport_introspection_c__pyext
[3.284s] Invoked command in '/home/b/transporter_realsense/build/interfaces' returned '0': CMAKE_PREFIX_PATH=${CMAKE_PREFIX_PATH}:/opt/ros/humble /usr/bin/cmake --build /home/b/transporter_realsense/build/interfaces -- -j12 -l12
[3.286s] Invoking command in '/home/b/transporter_realsense/build/interfaces': CMAKE_PREFIX_PATH=${CMAKE_PREFIX_PATH}:/opt/ros/humble /usr/bin/cmake --install /home/b/transporter_realsense/build/interfaces
[3.292s] -- Install configuration: ""
[3.292s] -- Up-to-date: /home/b/transporter_realsense/install/interfaces/share/ament_index/resource_index/rosidl_interfaces/interfaces
[3.292s] -- Up-to-date: /home/b/transporter_realsense/install/interfaces/include/interfaces/interfaces
[3.293s] -- Up-to-date: /home/b/transporter_realsense/install/interfaces/include/interfaces/interfaces/srv
[3.293s] -- Up-to-date: /home/b/transporter_realsense/install/interfaces/include/interfaces/interfaces/srv/detail
[3.293s] -- Installing: /home/b/transporter_realsense/install/interfaces/include/interfaces/interfaces/srv/detail/set_target__functions.c
[3.293s] -- Installing: /home/b/transporter_realsense/install/interfaces/include/interfaces/interfaces/srv/detail/set_target__type_support.h
[3.293s] -- Installing: /home/b/transporter_realsense/install/interfaces/include/interfaces/interfaces/srv/detail/set_target__functions.h
[3.293s] -- Installing: /home/b/transporter_realsense/install/interfaces/include/interfaces/interfaces/srv/detail/set_target__struct.h
[3.293s] -- Installing: /home/b/transporter_realsense/install/interfaces/include/interfaces/interfaces/srv/set_target.h
[3.293s] -- Up-to-date: /home/b/transporter_realsense/install/interfaces/include/interfaces/interfaces/msg
[3.293s] -- Up-to-date: /home/b/transporter_realsense/install/interfaces/include/interfaces/interfaces/msg/rosidl_generator_c__visibility_control.h
[3.293s] -- Up-to-date: /home/b/transporter_realsense/install/interfaces/share/interfaces/environment/library_path.sh
[3.293s] -- Installing: /home/b/transporter_realsense/install/interfaces/share/interfaces/environment/library_path.dsv
[3.293s] -- Installing: /home/b/transporter_realsense/install/interfaces/lib/libinterfaces__rosidl_generator_c.so
[3.293s] -- Set runtime path of "/home/b/transporter_realsense/install/interfaces/lib/libinterfaces__rosidl_generator_c.so" to ""
[3.294s] -- Up-to-date: /home/b/transporter_realsense/install/interfaces/include/interfaces/interfaces
[3.294s] -- Up-to-date: /home/b/transporter_realsense/install/interfaces/include/interfaces/interfaces/srv
[3.294s] -- Up-to-date: /home/b/transporter_realsense/install/interfaces/include/interfaces/interfaces/srv/detail
[3.294s] -- Installing: /home/b/transporter_realsense/install/interfaces/include/interfaces/interfaces/srv/detail/set_target__rosidl_typesupport_fastrtps_c.h
[3.294s] -- Up-to-date: /home/b/transporter_realsense/install/interfaces/include/interfaces/interfaces/msg
[3.294s] -- Up-to-date: /home/b/transporter_realsense/install/interfaces/include/interfaces/interfaces/msg/rosidl_typesupport_fastrtps_c__visibility_control.h
[3.294s] -- Installing: /home/b/transporter_realsense/install/interfaces/lib/libinterfaces__rosidl_typesupport_fastrtps_c.so
[3.294s] -- Set runtime path of "/home/b/transporter_realsense/install/interfaces/lib/libinterfaces__rosidl_typesupport_fastrtps_c.so" to ""
[3.294s] -- Up-to-date: /home/b/transporter_realsense/install/interfaces/include/interfaces/interfaces
[3.294s] -- Up-to-date: /home/b/transporter_realsense/install/interfaces/include/interfaces/interfaces/srv
[3.294s] -- Up-to-date: /home/b/transporter_realsense/install/interfaces/include/interfaces/interfaces/srv/detail
[3.295s] -- Installing: /home/b/transporter_realsense/install/interfaces/include/interfaces/interfaces/srv/detail/set_target__type_support.hpp
[3.295s] -- Installing: /home/b/transporter_realsense/install/interfaces/include/interfaces/interfaces/srv/detail/set_target__builder.hpp
[3.295s] -- Installing: /home/b/transporter_realsense/install/interfaces/include/interfaces/interfaces/srv/detail/set_target__traits.hpp
[3.295s] -- Installing: /home/b/transporter_realsense/install/interfaces/include/interfaces/interfaces/srv/detail/set_target__struct.hpp
[3.295s] -- Installing: /home/b/transporter_realsense/install/interfaces/include/interfaces/interfaces/srv/set_target.hpp
[3.295s] -- Up-to-date: /home/b/transporter_realsense/install/interfaces/include/interfaces/interfaces/msg
[3.295s] -- Up-to-date: /home/b/transporter_realsense/install/interfaces/include/interfaces/interfaces/msg/rosidl_generator_cpp__visibility_control.hpp
[3.295s] -- Up-to-date: /home/b/transporter_realsense/install/interfaces/include/interfaces/interfaces
[3.295s] -- Up-to-date: /home/b/transporter_realsense/install/interfaces/include/interfaces/interfaces/srv
[3.295s] -- Up-to-date: /home/b/transporter_realsense/install/interfaces/include/interfaces/interfaces/srv/detail
[3.295s] -- Up-to-date: /home/b/transporter_realsense/install/interfaces/include/interfaces/interfaces/srv/detail/dds_fastrtps
[3.295s] -- Installing: /home/b/transporter_realsense/install/interfaces/include/interfaces/interfaces/srv/detail/set_target__rosidl_typesupport_fastrtps_cpp.hpp
[3.295s] -- Up-to-date: /home/b/transporter_realsense/install/interfaces/include/interfaces/interfaces/msg
[3.295s] -- Up-to-date: /home/b/transporter_realsense/install/interfaces/include/interfaces/interfaces/msg/rosidl_typesupport_fastrtps_cpp__visibility_control.h
[3.296s] -- Installing: /home/b/transporter_realsense/install/interfaces/lib/libinterfaces__rosidl_typesupport_fastrtps_cpp.so
[3.296s] -- Set runtime path of "/home/b/transporter_realsense/install/interfaces/lib/libinterfaces__rosidl_typesupport_fastrtps_cpp.so" to ""
[3.296s] -- Up-to-date: /home/b/transporter_realsense/install/interfaces/include/interfaces/interfaces
[3.296s] -- Up-to-date: /home/b/transporter_realsense/install/interfaces/include/interfaces/interfaces/srv
[3.296s] -- Up-to-date: /home/b/transporter_realsense/install/interfaces/include/interfaces/interfaces/srv/detail
[3.296s] -- Installing: /home/b/transporter_realsense/install/interfaces/include/interfaces/interfaces/srv/detail/set_target__type_support.c
[3.296s] -- Installing: /home/b/transporter_realsense/install/interfaces/include/interfaces/interfaces/srv/detail/set_target__rosidl_typesupport_introspection_c.h
[3.296s] -- Up-to-date: /home/b/transporter_realsense/install/interfaces/include/interfaces/interfaces/msg
[3.296s] -- Up-to-date: /home/b/transporter_realsense/install/interfaces/include/interfaces/interfaces/msg/rosidl_typesupport_introspection_c__visibility_control.h
[3.296s] -- Installing: /home/b/transporter_realsense/install/interfaces/lib/libinterfaces__rosidl_typesupport_introspection_c.so
[3.296s] -- Set runtime path of "/home/b/transporter_realsense/install/interfaces/lib/libinterfaces__rosidl_typesupport_introspection_c.so" to ""
[3.296s] -- Installing: /home/b/transporter_realsense/install/interfaces/lib/libinterfaces__rosidl_typesupport_c.so
[3.296s] -- Set runtime path of "/home/b/transporter_realsense/install/interfaces/lib/libinterfaces__rosidl_typesupport_c.so" to ""
[3.297s] -- Up-to-date: /home/b/transporter_realsense/install/interfaces/include/interfaces/interfaces
[3.297s] -- Up-to-date: /home/b/transporter_realsense/install/interfaces/include/interfaces/interfaces/srv
[3.297s] -- Up-to-date: /home/b/transporter_realsense/install/interfaces/include/interfaces/interfaces/srv/detail
[3.297s] -- Installing: /home/b/transporter_realsense/install/interfaces/include/interfaces/interfaces/srv/detail/set_target__type_support.cpp
[3.297s] -- Installing: /home/b/transporter_realsense/install/interfaces/include/interfaces/interfaces/srv/detail/set_target__rosidl_typesupport_introspection_cpp.hpp
[3.297s] -- Installing: /home/b/transporter_realsense/install/interfaces/lib/libinterfaces__rosidl_typesupport_introspection_cpp.so
[3.297s] -- Set runtime path of "/home/b/transporter_realsense/install/interfaces/lib/libinterfaces__rosidl_typesupport_introspection_cpp.so" to ""
[3.297s] -- Installing: /home/b/transporter_realsense/install/interfaces/lib/libinterfaces__rosidl_typesupport_cpp.so
[3.298s] -- Set runtime path of "/home/b/transporter_realsense/install/interfaces/lib/libinterfaces__rosidl_typesupport_cpp.so" to ""
[3.298s] -- Up-to-date: /home/b/transporter_realsense/install/interfaces/share/interfaces/environment/pythonpath.sh
[3.298s] -- Installing: /home/b/transporter_realsense/install/interfaces/share/interfaces/environment/pythonpath.dsv
[3.298s] -- Up-to-date: /home/b/transporter_realsense/install/interfaces/local/lib/python3.10/dist-packages/interfaces-0.0.0-py3.10.egg-info
[3.298s] -- Installing: /home/b/transporter_realsense/install/interfaces/local/lib/python3.10/dist-packages/interfaces-0.0.0-py3.10.egg-info/SOURCES.txt
[3.298s] -- Installing: /home/b/transporter_realsense/install/interfaces/local/lib/python3.10/dist-packages/interfaces-0.0.0-py3.10.egg-info/dependency_links.txt
[3.298s] -- Installing: /home/b/transporter_realsense/install/interfaces/local/lib/python3.10/dist-packages/interfaces-0.0.0-py3.10.egg-info/top_level.txt
[3.298s] -- Installing: /home/b/transporter_realsense/install/interfaces/local/lib/python3.10/dist-packages/interfaces-0.0.0-py3.10.egg-info/PKG-INFO
[3.298s] -- Up-to-date: /home/b/transporter_realsense/install/interfaces/local/lib/python3.10/dist-packages/interfaces
[3.298s] -- Installing: /home/b/transporter_realsense/install/interfaces/local/lib/python3.10/dist-packages/interfaces/_interfaces_s.ep.rosidl_typesupport_fastrtps_c.c
[3.298s] -- Installing: /home/b/transporter_realsense/install/interfaces/local/lib/python3.10/dist-packages/interfaces/interfaces_s__rosidl_typesupport_fastrtps_c.cpython-310-x86_64-linux-gnu.so
[3.299s] -- Up-to-date: /home/b/transporter_realsense/install/interfaces/local/lib/python3.10/dist-packages/interfaces/srv
[3.299s] -- Installing: /home/b/transporter_realsense/install/interfaces/local/lib/python3.10/dist-packages/interfaces/srv/_set_target.py
[3.299s] -- Installing: /home/b/transporter_realsense/install/interfaces/local/lib/python3.10/dist-packages/interfaces/srv/_set_target_s.c
[3.299s] -- Installing: /home/b/transporter_realsense/install/interfaces/local/lib/python3.10/dist-packages/interfaces/srv/__init__.py
[3.299s] -- Installing: /home/b/transporter_realsense/install/interfaces/local/lib/python3.10/dist-packages/interfaces/libinterfaces__rosidl_generator_py.so
[3.299s] -- Installing: /home/b/transporter_realsense/install/interfaces/local/lib/python3.10/dist-packages/interfaces/_interfaces_s.ep.rosidl_typesupport_c.c
[3.299s] -- Installing: /home/b/transporter_realsense/install/interfaces/local/lib/python3.10/dist-packages/interfaces/_interfaces_s.ep.rosidl_typesupport_introspection_c.c
[3.299s] -- Installing: /home/b/transporter_realsense/install/interfaces/local/lib/python3.10/dist-packages/interfaces/__init__.py
[3.299s] -- Installing: /home/b/transporter_realsense/install/interfaces/local/lib/python3.10/dist-packages/interfaces/interfaces_s__rosidl_typesupport_introspection_c.cpython-310-x86_64-linux-gnu.so
[3.300s] -- Installing: /home/b/transporter_realsense/install/interfaces/local/lib/python3.10/dist-packages/interfaces/interfaces_s__rosidl_typesupport_c.cpython-310-x86_64-linux-gnu.so
[3.339s] Listing '/home/b/transporter_realsense/install/interfaces/local/lib/python3.10/dist-packages/interfaces'...
[3.339s] Compiling '/home/b/transporter_realsense/install/interfaces/local/lib/python3.10/dist-packages/interfaces/__init__.py'...
[3.339s] Listing '/home/b/transporter_realsense/install/interfaces/local/lib/python3.10/dist-packages/interfaces/srv'...
[3.339s] Compiling '/home/b/transporter_realsense/install/interfaces/local/lib/python3.10/dist-packages/interfaces/srv/__init__.py'...
[3.339s] Compiling '/home/b/transporter_realsense/install/interfaces/local/lib/python3.10/dist-packages/interfaces/srv/_set_target.py'...
[3.344s] -- Installing: /home/b/transporter_realsense/install/interfaces/local/lib/python3.10/dist-packages/interfaces/interfaces_s__rosidl_typesupport_fastrtps_c.cpython-310-x86_64-linux-gnu.so
[3.345s] -- Set runtime path of "/home/b/transporter_realsense/install/interfaces/local/lib/python3.10/dist-packages/interfaces/interfaces_s__rosidl_typesupport_fastrtps_c.cpython-310-x86_64-linux-gnu.so" to ""
[3.345s] -- Installing: /home/b/transporter_realsense/install/interfaces/local/lib/python3.10/dist-packages/interfaces/interfaces_s__rosidl_typesupport_introspection_c.cpython-310-x86_64-linux-gnu.so
[3.345s] -- Set runtime path of "/home/b/transporter_realsense/install/interfaces/local/lib/python3.10/dist-packages/interfaces/interfaces_s__rosidl_typesupport_introspection_c.cpython-310-x86_64-linux-gnu.so" to ""
[3.345s] -- Installing: /home/b/transporter_realsense/install/interfaces/local/lib/python3.10/dist-packages/interfaces/interfaces_s__rosidl_typesupport_c.cpython-310-x86_64-linux-gnu.so
[3.345s] -- Set runtime path of "/home/b/transporter_realsense/install/interfaces/local/lib/python3.10/dist-packages/interfaces/interfaces_s__rosidl_typesupport_c.cpython-310-x86_64-linux-gnu.so" to ""
[3.345s] -- Installing: /home/b/transporter_realsense/install/interfaces/lib/libinterfaces__rosidl_generator_py.so
[3.346s] -- Set runtime path of "/home/b/transporter_realsense/install/interfaces/lib/libinterfaces__rosidl_generator_py.so" to ""
[3.346s] -- Installing: /home/b/transporter_realsense/install/interfaces/share/interfaces/srv/SetTarget.idl
[3.346s] -- Installing: /home/b/transporter_realsense/install/interfaces/share/interfaces/srv/SetTarget.srv
[3.346s] -- Installing: /home/b/transporter_realsense/install/interfaces/share/interfaces/srv/SetTarget_Request.msg
[3.346s] -- Up-to-date: /home/b/transporter_realsense/install/interfaces/share/interfaces/srv/SetTarget_Response.msg
[3.346s] -- Up-to-date: /home/b/transporter_realsense/install/interfaces/share/ament_index/resource_index/package_run_dependencies/interfaces
[3.346s] -- Up-to-date: /home/b/transporter_realsense/install/interfaces/share/ament_index/resource_index/parent_prefix_path/interfaces
[3.347s] -- Up-to-date: /home/b/transporter_realsense/install/interfaces/share/interfaces/environment/ament_prefix_path.sh
[3.347s] -- Installing: /home/b/transporter_realsense/install/interfaces/share/interfaces/environment/ament_prefix_path.dsv
[3.347s] -- Up-to-date: /home/b/transporter_realsense/install/interfaces/share/interfaces/environment/path.sh
[3.347s] -- Installing: /home/b/transporter_realsense/install/interfaces/share/interfaces/environment/path.dsv
[3.347s] -- Up-to-date: /home/b/transporter_realsense/install/interfaces/share/interfaces/local_setup.bash
[3.347s] -- Up-to-date: /home/b/transporter_realsense/install/interfaces/share/interfaces/local_setup.sh
[3.347s] -- Up-to-date: /home/b/transporter_realsense/install/interfaces/share/interfaces/local_setup.zsh
[3.347s] -- Installing: /home/b/transporter_realsense/install/interfaces/share/interfaces/local_setup.dsv
[3.347s] -- Installing: /home/b/transporter_realsense/install/interfaces/share/interfaces/package.dsv
[3.347s] -- Up-to-date: /home/b/transporter_realsense/install/interfaces/share/ament_index/resource_index/packages/interfaces
[3.347s] -- Up-to-date: /home/b/transporter_realsense/install/interfaces/share/interfaces/cmake/export_interfaces__rosidl_generator_cExport.cmake
[3.347s] -- Up-to-date: /home/b/transporter_realsense/install/interfaces/share/interfaces/cmake/export_interfaces__rosidl_generator_cExport-noconfig.cmake
[3.348s] -- Up-to-date: /home/b/transporter_realsense/install/interfaces/share/interfaces/cmake/export_interfaces__rosidl_typesupport_fastrtps_cExport.cmake
[3.348s] -- Up-to-date: /home/b/transporter_realsense/install/interfaces/share/interfaces/cmake/export_interfaces__rosidl_typesupport_fastrtps_cExport-noconfig.cmake
[3.348s] -- Up-to-date: /home/b/transporter_realsense/install/interfaces/share/interfaces/cmake/export_interfaces__rosidl_generator_cppExport.cmake
[3.348s] -- Up-to-date: /home/b/transporter_realsense/install/interfaces/share/interfaces/cmake/export_interfaces__rosidl_typesupport_fastrtps_cppExport.cmake
[3.348s] -- Up-to-date: /home/b/transporter_realsense/install/interfaces/share/interfaces/cmake/export_interfaces__rosidl_typesupport_fastrtps_cppExport-noconfig.cmake
[3.348s] -- Up-to-date: /home/b/transporter_realsense/install/interfaces/share/interfaces/cmake/interfaces__rosidl_typesupport_introspection_cExport.cmake
[3.348s] -- Up-to-date: /home/b/transporter_realsense/install/interfaces/share/interfaces/cmake/interfaces__rosidl_typesupport_introspection_cExport-noconfig.cmake
[3.348s] -- Up-to-date: /home/b/transporter_realsense/install/interfaces/share/interfaces/cmake/interfaces__rosidl_typesupport_cExport.cmake
[3.348s] -- Up-to-date: /home/b/transporter_realsense/install/interfaces/share/interfaces/cmake/interfaces__rosidl_typesupport_cExport-noconfig.cmake
[3.348s] -- Up-to-date: /home/b/transporter_realsense/install/interfaces/share/interfaces/cmake/interfaces__rosidl_typesupport_introspection_cppExport.cmake
[3.348s] -- Up-to-date: /home/b/transporter_realsense/install/interfaces/share/interfaces/cmake/interfaces__rosidl_typesupport_introspection_cppExport-noconfig.cmake
[3.348s] -- Up-to-date: /home/b/transporter_realsense/install/interfaces/share/interfaces/cmake/interfaces__rosidl_typesupport_cppExport.cmake
[3.349s] -- Up-to-date: /home/b/transporter_realsense/install/interfaces/share/interfaces/cmake/interfaces__rosidl_typesupport_cppExport-noconfig.cmake
[3.349s] -- Up-to-date: /home/b/transporter_realsense/install/interfaces/share/interfaces/cmake/export_interfaces__rosidl_generator_pyExport.cmake
[3.349s] -- Up-to-date: /home/b/transporter_realsense/install/interfaces/share/interfaces/cmake/export_interfaces__rosidl_generator_pyExport-noconfig.cmake
[3.349s] -- Up-to-date: /home/b/transporter_realsense/install/interfaces/share/interfaces/cmake/rosidl_cmake-extras.cmake
[3.349s] -- Up-to-date: /home/b/transporter_realsense/install/interfaces/share/interfaces/cmake/ament_cmake_export_dependencies-extras.cmake
[3.349s] -- Up-to-date: /home/b/transporter_realsense/install/interfaces/share/interfaces/cmake/ament_cmake_export_include_directories-extras.cmake
[3.349s] -- Up-to-date: /home/b/transporter_realsense/install/interfaces/share/interfaces/cmake/ament_cmake_export_libraries-extras.cmake
[3.349s] -- Up-to-date: /home/b/transporter_realsense/install/interfaces/share/interfaces/cmake/ament_cmake_export_targets-extras.cmake
[3.349s] -- Up-to-date: /home/b/transporter_realsense/install/interfaces/share/interfaces/cmake/rosidl_cmake_export_typesupport_targets-extras.cmake
[3.349s] -- Up-to-date: /home/b/transporter_realsense/install/interfaces/share/interfaces/cmake/rosidl_cmake_export_typesupport_libraries-extras.cmake
[3.349s] -- Up-to-date: /home/b/transporter_realsense/install/interfaces/share/interfaces/cmake/interfacesConfig.cmake
[3.349s] -- Up-to-date: /home/b/transporter_realsense/install/interfaces/share/interfaces/cmake/interfacesConfig-version.cmake
[3.349s] -- Up-to-date: /home/b/transporter_realsense/install/interfaces/share/interfaces/package.xml
[3.351s] Invoked command in '/home/b/transporter_realsense/build/interfaces' returned '0': CMAKE_PREFIX_PATH=${CMAKE_PREFIX_PATH}:/opt/ros/humble /usr/bin/cmake --install /home/b/transporter_realsense/build/interfaces
