[0.017s] Invoking command in '/home/b/transporter_realsense/build/realsense': CMAKE_PREFIX_PATH=${CMAKE_PREFIX_PATH}:/opt/ros/humble /usr/bin/cmake --build /home/b/transporter_realsense/build/realsense -- -j12 -l12
[0.046s] -- Found ament_cmake: 1.3.11 (/opt/ros/humble/share/ament_cmake/cmake)
[0.182s] -- Found rclcpp: 16.0.12 (/opt/ros/humble/share/rclcpp/cmake)
[0.213s] -- Found rosidl_generator_c: 3.1.6 (/opt/ros/humble/share/rosidl_generator_c/cmake)
[0.215s] -- Found rosidl_adapter: 3.1.6 (/opt/ros/humble/share/rosidl_adapter/cmake)
[0.221s] -- Found rosidl_generator_cpp: 3.1.6 (/opt/ros/humble/share/rosidl_generator_cpp/cmake)
[0.231s] -- Using all available rosidl_typesupport_c: rosidl_typesupport_fastrtps_c;rosidl_typesupport_introspection_c
[0.243s] -- Using all available rosidl_typesupport_cpp: rosidl_typesupport_fastrtps_cpp;rosidl_typesupport_introspection_cpp
[0.273s] -- Found rmw_implementation_cmake: 6.1.2 (/opt/ros/humble/share/rmw_implementation_cmake/cmake)
[0.274s] -- Found rmw_fastrtps_cpp: 6.2.7 (/opt/ros/humble/share/rmw_fastrtps_cpp/cmake)
[0.374s] -- Using RMW implementation 'rmw_fastrtps_cpp' as default
[0.428s] -- Found rclpy: 3.3.16 (/opt/ros/humble/share/rclpy/cmake)
[0.562s] -- Configuring done
[0.570s] -- Generating done
[0.573s] -- Build files have been written to: /home/b/transporter_realsense/build/realsense
[0.600s] [35m[1mConsolidate compiler generated dependencies of target cpp_node_test[0m
[0.619s] [100%] Built target cpp_node_test
[0.623s] [100%] Built target ament_cmake_python_copy_realsense
[0.903s] running egg_info
[0.903s] writing realsense.egg-info/PKG-INFO
[0.904s] writing dependency_links to realsense.egg-info/dependency_links.txt
[0.904s] writing top-level names to realsense.egg-info/top_level.txt
[0.906s] reading manifest file 'realsense.egg-info/SOURCES.txt'
[0.906s] writing manifest file 'realsense.egg-info/SOURCES.txt'
[0.939s] [100%] Built target ament_cmake_python_build_realsense_egg
[0.952s] Invoked command in '/home/b/transporter_realsense/build/realsense' returned '0': CMAKE_PREFIX_PATH=${CMAKE_PREFIX_PATH}:/opt/ros/humble /usr/bin/cmake --build /home/b/transporter_realsense/build/realsense -- -j12 -l12
[0.963s] Invoking command in '/home/b/transporter_realsense/build/realsense': CMAKE_PREFIX_PATH=${CMAKE_PREFIX_PATH}:/opt/ros/humble /usr/bin/cmake --install /home/b/transporter_realsense/build/realsense
[0.970s] -- Install configuration: ""
[0.970s] -- Up-to-date: /home/b/transporter_realsense/install/realsense/share/realsense/environment/pythonpath.sh
[0.970s] -- Installing: /home/b/transporter_realsense/install/realsense/share/realsense/environment/pythonpath.dsv
[0.970s] -- Up-to-date: /home/b/transporter_realsense/install/realsense/local/lib/python3.10/dist-packages/realsense-0.0.0-py3.10.egg-info
[0.970s] -- Installing: /home/b/transporter_realsense/install/realsense/local/lib/python3.10/dist-packages/realsense-0.0.0-py3.10.egg-info/SOURCES.txt
[0.970s] -- Installing: /home/b/transporter_realsense/install/realsense/local/lib/python3.10/dist-packages/realsense-0.0.0-py3.10.egg-info/dependency_links.txt
[0.970s] -- Installing: /home/b/transporter_realsense/install/realsense/local/lib/python3.10/dist-packages/realsense-0.0.0-py3.10.egg-info/top_level.txt
[0.970s] -- Installing: /home/b/transporter_realsense/install/realsense/local/lib/python3.10/dist-packages/realsense-0.0.0-py3.10.egg-info/PKG-INFO
[0.970s] -- Up-to-date: /home/b/transporter_realsense/install/realsense/local/lib/python3.10/dist-packages/realsense
[0.970s] -- Up-to-date: /home/b/transporter_realsense/install/realsense/local/lib/python3.10/dist-packages/realsense/dummy_module.py
[0.971s] -- Up-to-date: /home/b/transporter_realsense/install/realsense/local/lib/python3.10/dist-packages/realsense/__init__.py
[1.005s] Listing '/home/b/transporter_realsense/install/realsense/local/lib/python3.10/dist-packages/realsense'...
[1.012s] -- Installing: /home/b/transporter_realsense/install/realsense/lib/realsense/realsense.py
[1.012s] -- Up-to-date: /home/b/transporter_realsense/install/realsense/lib/realsense/dummy_script.py
[1.013s] -- Up-to-date: /home/b/transporter_realsense/install/realsense/lib/realsense/cpp_node_test
[1.013s] -- Up-to-date: /home/b/transporter_realsense/install/realsense/share/realsense
[1.013s] -- Up-to-date: /home/b/transporter_realsense/install/realsense/share/ament_index/resource_index/package_run_dependencies/realsense
[1.013s] -- Installing: /home/b/transporter_realsense/install/realsense/share/ament_index/resource_index/parent_prefix_path/realsense
[1.013s] -- Up-to-date: /home/b/transporter_realsense/install/realsense/share/realsense/environment/ament_prefix_path.sh
[1.013s] -- Installing: /home/b/transporter_realsense/install/realsense/share/realsense/environment/ament_prefix_path.dsv
[1.014s] -- Up-to-date: /home/b/transporter_realsense/install/realsense/share/realsense/environment/path.sh
[1.014s] -- Installing: /home/b/transporter_realsense/install/realsense/share/realsense/environment/path.dsv
[1.015s] -- Up-to-date: /home/b/transporter_realsense/install/realsense/share/realsense/local_setup.bash
[1.015s] -- Up-to-date: /home/b/transporter_realsense/install/realsense/share/realsense/local_setup.sh
[1.015s] -- Up-to-date: /home/b/transporter_realsense/install/realsense/share/realsense/local_setup.zsh
[1.015s] -- Installing: /home/b/transporter_realsense/install/realsense/share/realsense/local_setup.dsv
[1.015s] -- Installing: /home/b/transporter_realsense/install/realsense/share/realsense/package.dsv
[1.015s] -- Up-to-date: /home/b/transporter_realsense/install/realsense/share/ament_index/resource_index/packages/realsense
[1.015s] -- Up-to-date: /home/b/transporter_realsense/install/realsense/share/realsense/cmake/realsenseConfig.cmake
[1.015s] -- Up-to-date: /home/b/transporter_realsense/install/realsense/share/realsense/cmake/realsenseConfig-version.cmake
[1.015s] -- Up-to-date: /home/b/transporter_realsense/install/realsense/share/realsense/package.xml
[1.017s] Invoked command in '/home/b/transporter_realsense/build/realsense' returned '0': CMAKE_PREFIX_PATH=${CMAKE_PREFIX_PATH}:/opt/ros/humble /usr/bin/cmake --install /home/b/transporter_realsense/build/realsense
