[0.092s] DEBUG:colcon:Command line arguments: ['/usr/bin/colcon', 'build']
[0.092s] DEBUG:colcon:Parsed command line arguments: Namespace(log_base=None, log_level=None, verb_name='build', build_base='build', install_base='install', merge_install=False, symlink_install=False, test_result_base=None, continue_on_error=False, executor='parallel', parallel_workers=12, event_handlers=None, ignore_user_meta=False, metas=['./colcon.meta'], base_paths=['.'], packages_ignore=None, packages_ignore_regex=None, paths=None, packages_up_to=None, packages_up_to_regex=None, packages_above=None, packages_above_and_dependencies=None, packages_above_depth=None, packages_select_by_dep=None, packages_skip_by_dep=None, packages_skip_up_to=None, packages_select_build_failed=False, packages_skip_build_finished=False, packages_select_test_failures=False, packages_skip_test_passed=False, packages_select=None, packages_skip=None, packages_select_regex=None, packages_skip_regex=None, packages_start=None, packages_end=None, allow_overriding=[], cmake_args=None, cmake_target=None, cmake_target_skip_unavailable=False, cmake_clean_cache=False, cmake_clean_first=False, cmake_force_configure=False, ament_cmake_args=None, catkin_cmake_args=None, catkin_skip_building_tests=False, mixin_files=None, mixin=None, verb_parser=<colcon_mixin.mixin.mixin_argument.MixinArgumentDecorator object at 0x76cb65656ad0>, verb_extension=<colcon_core.verb.build.BuildVerb object at 0x76cb65610940>, main=<bound method BuildVerb.main of <colcon_core.verb.build.BuildVerb object at 0x76cb65610940>>, mixin_verb=('build',))
[0.222s] Level 1:colcon.colcon_core.package_discovery:discover_packages(colcon_meta) check parameters
[0.222s] Level 1:colcon.colcon_core.package_discovery:discover_packages(recursive) check parameters
[0.222s] Level 1:colcon.colcon_core.package_discovery:discover_packages(ignore) check parameters
[0.222s] Level 1:colcon.colcon_core.package_discovery:discover_packages(path) check parameters
[0.222s] Level 1:colcon.colcon_core.package_discovery:discover_packages(colcon_meta) discover
[0.222s] Level 1:colcon.colcon_core.package_discovery:discover_packages(recursive) discover
[0.222s] INFO:colcon.colcon_core.package_discovery:Crawling recursively for packages in '/home/b/transporter_realsense'
[0.222s] Level 1:colcon.colcon_core.package_identification:_identify(.) by extensions ['ignore', 'ignore_ament_install']
[0.222s] Level 1:colcon.colcon_core.package_identification:_identify(.) by extension 'ignore'
[0.222s] Level 1:colcon.colcon_core.package_identification:_identify(.) by extension 'ignore_ament_install'
[0.222s] Level 1:colcon.colcon_core.package_identification:_identify(.) by extensions ['colcon_pkg']
[0.222s] Level 1:colcon.colcon_core.package_identification:_identify(.) by extension 'colcon_pkg'
[0.222s] Level 1:colcon.colcon_core.package_identification:_identify(.) by extensions ['colcon_meta']
[0.222s] Level 1:colcon.colcon_core.package_identification:_identify(.) by extension 'colcon_meta'
[0.222s] Level 1:colcon.colcon_core.package_identification:_identify(.) by extensions ['ros']
[0.222s] Level 1:colcon.colcon_core.package_identification:_identify(.) by extension 'ros'
[0.231s] Level 1:colcon.colcon_core.package_identification:_identify(.) by extensions ['cmake', 'python']
[0.231s] Level 1:colcon.colcon_core.package_identification:_identify(.) by extension 'cmake'
[0.231s] Level 1:colcon.colcon_core.package_identification:_identify(.) by extension 'python'
[0.231s] Level 1:colcon.colcon_core.package_identification:_identify(.) by extensions ['python_setup_py']
[0.231s] Level 1:colcon.colcon_core.package_identification:_identify(.) by extension 'python_setup_py'
[0.231s] Level 1:colcon.colcon_core.package_identification:_identify(build) by extensions ['ignore', 'ignore_ament_install']
[0.231s] Level 1:colcon.colcon_core.package_identification:_identify(build) by extension 'ignore'
[0.231s] Level 1:colcon.colcon_core.package_identification:_identify(build) ignored
[0.231s] Level 1:colcon.colcon_core.package_identification:_identify(install) by extensions ['ignore', 'ignore_ament_install']
[0.231s] Level 1:colcon.colcon_core.package_identification:_identify(install) by extension 'ignore'
[0.231s] Level 1:colcon.colcon_core.package_identification:_identify(install) ignored
[0.231s] Level 1:colcon.colcon_core.package_identification:_identify(log) by extensions ['ignore', 'ignore_ament_install']
[0.231s] Level 1:colcon.colcon_core.package_identification:_identify(log) by extension 'ignore'
[0.232s] Level 1:colcon.colcon_core.package_identification:_identify(log) ignored
[0.232s] Level 1:colcon.colcon_core.package_identification:_identify(src) by extensions ['ignore', 'ignore_ament_install']
[0.232s] Level 1:colcon.colcon_core.package_identification:_identify(src) by extension 'ignore'
[0.232s] Level 1:colcon.colcon_core.package_identification:_identify(src) by extension 'ignore_ament_install'
[0.232s] Level 1:colcon.colcon_core.package_identification:_identify(src) by extensions ['colcon_pkg']
[0.232s] Level 1:colcon.colcon_core.package_identification:_identify(src) by extension 'colcon_pkg'
[0.232s] Level 1:colcon.colcon_core.package_identification:_identify(src) by extensions ['colcon_meta']
[0.232s] Level 1:colcon.colcon_core.package_identification:_identify(src) by extension 'colcon_meta'
[0.232s] Level 1:colcon.colcon_core.package_identification:_identify(src) by extensions ['ros']
[0.232s] Level 1:colcon.colcon_core.package_identification:_identify(src) by extension 'ros'
[0.232s] Level 1:colcon.colcon_core.package_identification:_identify(src) by extensions ['cmake', 'python']
[0.232s] Level 1:colcon.colcon_core.package_identification:_identify(src) by extension 'cmake'
[0.232s] Level 1:colcon.colcon_core.package_identification:_identify(src) by extension 'python'
[0.232s] Level 1:colcon.colcon_core.package_identification:_identify(src) by extensions ['python_setup_py']
[0.232s] Level 1:colcon.colcon_core.package_identification:_identify(src) by extension 'python_setup_py'
[0.232s] Level 1:colcon.colcon_core.package_identification:_identify(src/interfaces) by extensions ['ignore', 'ignore_ament_install']
[0.232s] Level 1:colcon.colcon_core.package_identification:_identify(src/interfaces) by extension 'ignore'
[0.232s] Level 1:colcon.colcon_core.package_identification:_identify(src/interfaces) by extension 'ignore_ament_install'
[0.232s] Level 1:colcon.colcon_core.package_identification:_identify(src/interfaces) by extensions ['colcon_pkg']
[0.232s] Level 1:colcon.colcon_core.package_identification:_identify(src/interfaces) by extension 'colcon_pkg'
[0.232s] Level 1:colcon.colcon_core.package_identification:_identify(src/interfaces) by extensions ['colcon_meta']
[0.232s] Level 1:colcon.colcon_core.package_identification:_identify(src/interfaces) by extension 'colcon_meta'
[0.232s] Level 1:colcon.colcon_core.package_identification:_identify(src/interfaces) by extensions ['ros']
[0.232s] Level 1:colcon.colcon_core.package_identification:_identify(src/interfaces) by extension 'ros'
[0.234s] DEBUG:colcon.colcon_core.package_identification:Package 'src/interfaces' with type 'ros.ament_cmake' and name 'interfaces'
[0.234s] Level 1:colcon.colcon_core.package_identification:_identify(src/msg) by extensions ['ignore', 'ignore_ament_install']
[0.234s] Level 1:colcon.colcon_core.package_identification:_identify(src/msg) by extension 'ignore'
[0.235s] Level 1:colcon.colcon_core.package_identification:_identify(src/msg) by extension 'ignore_ament_install'
[0.235s] Level 1:colcon.colcon_core.package_identification:_identify(src/msg) by extensions ['colcon_pkg']
[0.235s] Level 1:colcon.colcon_core.package_identification:_identify(src/msg) by extension 'colcon_pkg'
[0.235s] Level 1:colcon.colcon_core.package_identification:_identify(src/msg) by extensions ['colcon_meta']
[0.235s] Level 1:colcon.colcon_core.package_identification:_identify(src/msg) by extension 'colcon_meta'
[0.235s] Level 1:colcon.colcon_core.package_identification:_identify(src/msg) by extensions ['ros']
[0.235s] Level 1:colcon.colcon_core.package_identification:_identify(src/msg) by extension 'ros'
[0.235s] Level 1:colcon.colcon_core.package_identification:_identify(src/msg) by extensions ['cmake', 'python']
[0.235s] Level 1:colcon.colcon_core.package_identification:_identify(src/msg) by extension 'cmake'
[0.235s] Level 1:colcon.colcon_core.package_identification:_identify(src/msg) by extension 'python'
[0.235s] Level 1:colcon.colcon_core.package_identification:_identify(src/msg) by extensions ['python_setup_py']
[0.235s] Level 1:colcon.colcon_core.package_identification:_identify(src/msg) by extension 'python_setup_py'
[0.235s] Level 1:colcon.colcon_core.package_identification:_identify(src/realsense) by extensions ['ignore', 'ignore_ament_install']
[0.235s] Level 1:colcon.colcon_core.package_identification:_identify(src/realsense) by extension 'ignore'
[0.235s] Level 1:colcon.colcon_core.package_identification:_identify(src/realsense) by extension 'ignore_ament_install'
[0.235s] Level 1:colcon.colcon_core.package_identification:_identify(src/realsense) by extensions ['colcon_pkg']
[0.235s] Level 1:colcon.colcon_core.package_identification:_identify(src/realsense) by extension 'colcon_pkg'
[0.235s] Level 1:colcon.colcon_core.package_identification:_identify(src/realsense) by extensions ['colcon_meta']
[0.235s] Level 1:colcon.colcon_core.package_identification:_identify(src/realsense) by extension 'colcon_meta'
[0.235s] Level 1:colcon.colcon_core.package_identification:_identify(src/realsense) by extensions ['ros']
[0.235s] Level 1:colcon.colcon_core.package_identification:_identify(src/realsense) by extension 'ros'
[0.236s] DEBUG:colcon.colcon_core.package_identification:Package 'src/realsense' with type 'ros.ament_cmake' and name 'realsense'
[0.236s] Level 1:colcon.colcon_core.package_discovery:discover_packages(recursive) using defaults
[0.236s] Level 1:colcon.colcon_core.package_discovery:discover_packages(ignore) discover
[0.236s] Level 1:colcon.colcon_core.package_discovery:discover_packages(ignore) using defaults
[0.236s] Level 1:colcon.colcon_core.package_discovery:discover_packages(path) discover
[0.236s] Level 1:colcon.colcon_core.package_discovery:discover_packages(path) using defaults
[0.260s] Level 1:colcon.colcon_core.package_discovery:discover_packages(prefix_path) check parameters
[0.260s] Level 1:colcon.colcon_core.package_discovery:discover_packages(prefix_path) discover
[0.261s] DEBUG:colcon.colcon_installed_package_information.package_discovery:Found 3 installed packages in /home/b/transporter_realsense/install
[0.261s] DEBUG:colcon.colcon_installed_package_information.package_discovery:Found 2 installed packages in /home/b/ros2_ws/install
[0.262s] DEBUG:colcon.colcon_installed_package_information.package_discovery:Found 302 installed packages in /opt/ros/humble
[0.264s] Level 1:colcon.colcon_core.package_discovery:discover_packages(prefix_path) using defaults
[0.295s] Level 5:colcon.colcon_core.verb:set package 'interfaces' build argument 'cmake_args' from command line to 'None'
[0.295s] Level 5:colcon.colcon_core.verb:set package 'interfaces' build argument 'cmake_target' from command line to 'None'
[0.295s] Level 5:colcon.colcon_core.verb:set package 'interfaces' build argument 'cmake_target_skip_unavailable' from command line to 'False'
[0.295s] Level 5:colcon.colcon_core.verb:set package 'interfaces' build argument 'cmake_clean_cache' from command line to 'False'
[0.295s] Level 5:colcon.colcon_core.verb:set package 'interfaces' build argument 'cmake_clean_first' from command line to 'False'
[0.295s] Level 5:colcon.colcon_core.verb:set package 'interfaces' build argument 'cmake_force_configure' from command line to 'False'
[0.295s] Level 5:colcon.colcon_core.verb:set package 'interfaces' build argument 'ament_cmake_args' from command line to 'None'
[0.295s] Level 5:colcon.colcon_core.verb:set package 'interfaces' build argument 'catkin_cmake_args' from command line to 'None'
[0.295s] Level 5:colcon.colcon_core.verb:set package 'interfaces' build argument 'catkin_skip_building_tests' from command line to 'False'
[0.295s] DEBUG:colcon.colcon_core.verb:Building package 'interfaces' with the following arguments: {'ament_cmake_args': None, 'build_base': '/home/b/transporter_realsense/build/interfaces', 'catkin_cmake_args': None, 'catkin_skip_building_tests': False, 'cmake_args': None, 'cmake_clean_cache': False, 'cmake_clean_first': False, 'cmake_force_configure': False, 'cmake_target': None, 'cmake_target_skip_unavailable': False, 'install_base': '/home/b/transporter_realsense/install/interfaces', 'merge_install': False, 'path': '/home/b/transporter_realsense/src/interfaces', 'symlink_install': False, 'test_result_base': None}
[0.295s] Level 5:colcon.colcon_core.verb:set package 'realsense' build argument 'cmake_args' from command line to 'None'
[0.295s] Level 5:colcon.colcon_core.verb:set package 'realsense' build argument 'cmake_target' from command line to 'None'
[0.295s] Level 5:colcon.colcon_core.verb:set package 'realsense' build argument 'cmake_target_skip_unavailable' from command line to 'False'
[0.295s] Level 5:colcon.colcon_core.verb:set package 'realsense' build argument 'cmake_clean_cache' from command line to 'False'
[0.295s] Level 5:colcon.colcon_core.verb:set package 'realsense' build argument 'cmake_clean_first' from command line to 'False'
[0.296s] Level 5:colcon.colcon_core.verb:set package 'realsense' build argument 'cmake_force_configure' from command line to 'False'
[0.296s] Level 5:colcon.colcon_core.verb:set package 'realsense' build argument 'ament_cmake_args' from command line to 'None'
[0.296s] Level 5:colcon.colcon_core.verb:set package 'realsense' build argument 'catkin_cmake_args' from command line to 'None'
[0.296s] Level 5:colcon.colcon_core.verb:set package 'realsense' build argument 'catkin_skip_building_tests' from command line to 'False'
[0.296s] DEBUG:colcon.colcon_core.verb:Building package 'realsense' with the following arguments: {'ament_cmake_args': None, 'build_base': '/home/b/transporter_realsense/build/realsense', 'catkin_cmake_args': None, 'catkin_skip_building_tests': False, 'cmake_args': None, 'cmake_clean_cache': False, 'cmake_clean_first': False, 'cmake_force_configure': False, 'cmake_target': None, 'cmake_target_skip_unavailable': False, 'install_base': '/home/b/transporter_realsense/install/realsense', 'merge_install': False, 'path': '/home/b/transporter_realsense/src/realsense', 'symlink_install': False, 'test_result_base': None}
[0.296s] INFO:colcon.colcon_core.executor:Executing jobs using 'parallel' executor
[0.297s] DEBUG:colcon.colcon_parallel_executor.executor.parallel:run_until_complete
[0.297s] INFO:colcon.colcon_ros.task.ament_cmake.build:Building ROS package in '/home/b/transporter_realsense/src/interfaces' with build type 'ament_cmake'
[0.297s] INFO:colcon.colcon_cmake.task.cmake.build:Building CMake package in '/home/b/transporter_realsense/src/interfaces'
[0.299s] INFO:colcon.colcon_core.plugin_system:Skipping extension 'colcon_core.shell.bat': Not used on non-Windows systems
[0.299s] INFO:colcon.colcon_core.shell:Skip shell extension 'powershell' for command environment: Not usable outside of PowerShell
[0.299s] DEBUG:colcon.colcon_core.shell:Skip shell extension 'dsv' for command environment
[0.302s] INFO:colcon.colcon_ros.task.ament_cmake.build:Building ROS package in '/home/b/transporter_realsense/src/realsense' with build type 'ament_cmake'
[0.302s] INFO:colcon.colcon_cmake.task.cmake.build:Building CMake package in '/home/b/transporter_realsense/src/realsense'
[0.302s] INFO:colcon.colcon_core.shell:Skip shell extension 'powershell' for command environment: Not usable outside of PowerShell
[0.302s] DEBUG:colcon.colcon_core.shell:Skip shell extension 'dsv' for command environment
[0.309s] DEBUG:colcon.colcon_core.event_handler.log_command:Invoking command in '/home/b/transporter_realsense/build/interfaces': CMAKE_PREFIX_PATH=${CMAKE_PREFIX_PATH}:/opt/ros/humble /usr/bin/cmake --build /home/b/transporter_realsense/build/interfaces -- -j12 -l12
[0.317s] DEBUG:colcon.colcon_core.event_handler.log_command:Invoking command in '/home/b/transporter_realsense/build/realsense': CMAKE_PREFIX_PATH=${CMAKE_PREFIX_PATH}:/opt/ros/humble /usr/bin/cmake --build /home/b/transporter_realsense/build/realsense -- -j12 -l12
[0.671s] DEBUG:colcon.colcon_core.event_handler.log_command:Invoked command in '/home/b/transporter_realsense/build/interfaces' returned '0': CMAKE_PREFIX_PATH=${CMAKE_PREFIX_PATH}:/opt/ros/humble /usr/bin/cmake --build /home/b/transporter_realsense/build/interfaces -- -j12 -l12
[0.681s] DEBUG:colcon.colcon_core.event_handler.log_command:Invoking command in '/home/b/transporter_realsense/build/interfaces': CMAKE_PREFIX_PATH=${CMAKE_PREFIX_PATH}:/opt/ros/humble /usr/bin/cmake --install /home/b/transporter_realsense/build/interfaces
[0.681s] DEBUG:colcon.colcon_core.event_handler.log_command:Invoked command in '/home/b/transporter_realsense/build/realsense' returned '0': CMAKE_PREFIX_PATH=${CMAKE_PREFIX_PATH}:/opt/ros/humble /usr/bin/cmake --build /home/b/transporter_realsense/build/realsense -- -j12 -l12
[0.683s] DEBUG:colcon.colcon_core.event_handler.log_command:Invoking command in '/home/b/transporter_realsense/build/realsense': CMAKE_PREFIX_PATH=${CMAKE_PREFIX_PATH}:/opt/ros/humble /usr/bin/cmake --install /home/b/transporter_realsense/build/realsense
[0.740s] Level 1:colcon.colcon_core.environment:create_environment_scripts_only(realsense)
[0.744s] DEBUG:colcon.colcon_core.event_handler.log_command:Invoked command in '/home/b/transporter_realsense/build/realsense' returned '0': CMAKE_PREFIX_PATH=${CMAKE_PREFIX_PATH}:/opt/ros/humble /usr/bin/cmake --install /home/b/transporter_realsense/build/realsense
[0.746s] Level 1:colcon.colcon_core.environment:checking '/home/b/transporter_realsense/install/realsense' for CMake module files
[0.746s] Level 1:colcon.colcon_core.environment:checking '/home/b/transporter_realsense/install/realsense' for CMake config files
[0.747s] Level 1:colcon.colcon_core.shell:create_environment_hook('realsense', 'cmake_prefix_path')
[0.747s] INFO:colcon.colcon_core.shell:Creating environment hook '/home/b/transporter_realsense/install/realsense/share/realsense/hook/cmake_prefix_path.ps1'
[0.748s] INFO:colcon.colcon_core.shell:Creating environment descriptor '/home/b/transporter_realsense/install/realsense/share/realsense/hook/cmake_prefix_path.dsv'
[0.748s] INFO:colcon.colcon_core.shell:Creating environment hook '/home/b/transporter_realsense/install/realsense/share/realsense/hook/cmake_prefix_path.sh'
[0.749s] Level 1:colcon.colcon_core.environment:checking '/home/b/transporter_realsense/install/realsense/lib'
[0.749s] Level 1:colcon.colcon_core.environment:checking '/home/b/transporter_realsense/install/realsense/bin'
[0.749s] Level 1:colcon.colcon_core.environment:checking '/home/b/transporter_realsense/install/realsense/lib/pkgconfig/realsense.pc'
[0.749s] Level 1:colcon.colcon_core.environment:checking '/home/b/transporter_realsense/install/realsense/lib/python3.10/site-packages'
[0.749s] Level 1:colcon.colcon_core.environment:checking '/home/b/transporter_realsense/install/realsense/bin'
[0.750s] INFO:colcon.colcon_core.shell:Creating package script '/home/b/transporter_realsense/install/realsense/share/realsense/package.ps1'
[0.750s] INFO:colcon.colcon_core.shell:Creating package descriptor '/home/b/transporter_realsense/install/realsense/share/realsense/package.dsv'
[0.751s] INFO:colcon.colcon_core.shell:Creating package script '/home/b/transporter_realsense/install/realsense/share/realsense/package.sh'
[0.751s] INFO:colcon.colcon_core.shell:Creating package script '/home/b/transporter_realsense/install/realsense/share/realsense/package.bash'
[0.752s] INFO:colcon.colcon_core.shell:Creating package script '/home/b/transporter_realsense/install/realsense/share/realsense/package.zsh'
[0.753s] Level 1:colcon.colcon_core.environment:create_file_with_runtime_dependencies(/home/b/transporter_realsense/install/realsense/share/colcon-core/packages/realsense)
[0.753s] Level 1:colcon.colcon_core.environment:create_environment_scripts_only(realsense)
[0.754s] Level 1:colcon.colcon_core.environment:checking '/home/b/transporter_realsense/install/realsense' for CMake module files
[0.754s] Level 1:colcon.colcon_core.environment:checking '/home/b/transporter_realsense/install/realsense' for CMake config files
[0.754s] Level 1:colcon.colcon_core.shell:create_environment_hook('realsense', 'cmake_prefix_path')
[0.754s] INFO:colcon.colcon_core.shell:Creating environment hook '/home/b/transporter_realsense/install/realsense/share/realsense/hook/cmake_prefix_path.ps1'
[0.755s] INFO:colcon.colcon_core.shell:Creating environment descriptor '/home/b/transporter_realsense/install/realsense/share/realsense/hook/cmake_prefix_path.dsv'
[0.755s] INFO:colcon.colcon_core.shell:Creating environment hook '/home/b/transporter_realsense/install/realsense/share/realsense/hook/cmake_prefix_path.sh'
[0.756s] Level 1:colcon.colcon_core.environment:checking '/home/b/transporter_realsense/install/realsense/lib'
[0.756s] Level 1:colcon.colcon_core.environment:checking '/home/b/transporter_realsense/install/realsense/bin'
[0.756s] Level 1:colcon.colcon_core.environment:checking '/home/b/transporter_realsense/install/realsense/lib/pkgconfig/realsense.pc'
[0.756s] Level 1:colcon.colcon_core.environment:checking '/home/b/transporter_realsense/install/realsense/lib/python3.10/site-packages'
[0.756s] Level 1:colcon.colcon_core.environment:checking '/home/b/transporter_realsense/install/realsense/bin'
[0.757s] INFO:colcon.colcon_core.shell:Creating package script '/home/b/transporter_realsense/install/realsense/share/realsense/package.ps1'
[0.757s] INFO:colcon.colcon_core.shell:Creating package descriptor '/home/b/transporter_realsense/install/realsense/share/realsense/package.dsv'
[0.757s] INFO:colcon.colcon_core.shell:Creating package script '/home/b/transporter_realsense/install/realsense/share/realsense/package.sh'
[0.758s] INFO:colcon.colcon_core.shell:Creating package script '/home/b/transporter_realsense/install/realsense/share/realsense/package.bash'
[0.758s] INFO:colcon.colcon_core.shell:Creating package script '/home/b/transporter_realsense/install/realsense/share/realsense/package.zsh'
[0.758s] Level 1:colcon.colcon_core.environment:create_file_with_runtime_dependencies(/home/b/transporter_realsense/install/realsense/share/colcon-core/packages/realsense)
[0.759s] Level 1:colcon.colcon_core.environment:create_environment_scripts_only(interfaces)
[0.760s] Level 1:colcon.colcon_core.environment:checking '/home/b/transporter_realsense/install/interfaces' for CMake module files
[0.761s] DEBUG:colcon.colcon_core.event_handler.log_command:Invoked command in '/home/b/transporter_realsense/build/interfaces' returned '0': CMAKE_PREFIX_PATH=${CMAKE_PREFIX_PATH}:/opt/ros/humble /usr/bin/cmake --install /home/b/transporter_realsense/build/interfaces
[0.762s] Level 1:colcon.colcon_core.environment:checking '/home/b/transporter_realsense/install/interfaces' for CMake config files
[0.762s] Level 1:colcon.colcon_core.shell:create_environment_hook('interfaces', 'cmake_prefix_path')
[0.762s] INFO:colcon.colcon_core.shell:Creating environment hook '/home/b/transporter_realsense/install/interfaces/share/interfaces/hook/cmake_prefix_path.ps1'
[0.763s] INFO:colcon.colcon_core.shell:Creating environment descriptor '/home/b/transporter_realsense/install/interfaces/share/interfaces/hook/cmake_prefix_path.dsv'
[0.763s] INFO:colcon.colcon_core.shell:Creating environment hook '/home/b/transporter_realsense/install/interfaces/share/interfaces/hook/cmake_prefix_path.sh'
[0.764s] Level 1:colcon.colcon_core.environment:checking '/home/b/transporter_realsense/install/interfaces/lib'
[0.764s] Level 1:colcon.colcon_core.shell:create_environment_hook('interfaces', 'ld_library_path_lib')
[0.764s] INFO:colcon.colcon_core.shell:Creating environment hook '/home/b/transporter_realsense/install/interfaces/share/interfaces/hook/ld_library_path_lib.ps1'
[0.764s] INFO:colcon.colcon_core.shell:Creating environment descriptor '/home/b/transporter_realsense/install/interfaces/share/interfaces/hook/ld_library_path_lib.dsv'
[0.765s] INFO:colcon.colcon_core.shell:Creating environment hook '/home/b/transporter_realsense/install/interfaces/share/interfaces/hook/ld_library_path_lib.sh'
[0.765s] Level 1:colcon.colcon_core.environment:checking '/home/b/transporter_realsense/install/interfaces/bin'
[0.765s] Level 1:colcon.colcon_core.environment:checking '/home/b/transporter_realsense/install/interfaces/lib/pkgconfig/interfaces.pc'
[0.765s] Level 1:colcon.colcon_core.environment:checking '/home/b/transporter_realsense/install/interfaces/lib/python3.10/site-packages'
[0.766s] Level 1:colcon.colcon_core.environment:checking '/home/b/transporter_realsense/install/interfaces/bin'
[0.766s] INFO:colcon.colcon_core.shell:Creating package script '/home/b/transporter_realsense/install/interfaces/share/interfaces/package.ps1'
[0.767s] INFO:colcon.colcon_core.shell:Creating package descriptor '/home/b/transporter_realsense/install/interfaces/share/interfaces/package.dsv'
[0.767s] INFO:colcon.colcon_core.shell:Creating package script '/home/b/transporter_realsense/install/interfaces/share/interfaces/package.sh'
[0.767s] INFO:colcon.colcon_core.shell:Creating package script '/home/b/transporter_realsense/install/interfaces/share/interfaces/package.bash'
[0.768s] INFO:colcon.colcon_core.shell:Creating package script '/home/b/transporter_realsense/install/interfaces/share/interfaces/package.zsh'
[0.768s] Level 1:colcon.colcon_core.environment:create_file_with_runtime_dependencies(/home/b/transporter_realsense/install/interfaces/share/colcon-core/packages/interfaces)
[0.769s] Level 1:colcon.colcon_core.environment:create_environment_scripts_only(interfaces)
[0.769s] Level 1:colcon.colcon_core.environment:checking '/home/b/transporter_realsense/install/interfaces' for CMake module files
[0.770s] Level 1:colcon.colcon_core.environment:checking '/home/b/transporter_realsense/install/interfaces' for CMake config files
[0.770s] Level 1:colcon.colcon_core.shell:create_environment_hook('interfaces', 'cmake_prefix_path')
[0.771s] INFO:colcon.colcon_core.shell:Creating environment hook '/home/b/transporter_realsense/install/interfaces/share/interfaces/hook/cmake_prefix_path.ps1'
[0.771s] INFO:colcon.colcon_core.shell:Creating environment descriptor '/home/b/transporter_realsense/install/interfaces/share/interfaces/hook/cmake_prefix_path.dsv'
[0.771s] INFO:colcon.colcon_core.shell:Creating environment hook '/home/b/transporter_realsense/install/interfaces/share/interfaces/hook/cmake_prefix_path.sh'
[0.772s] Level 1:colcon.colcon_core.environment:checking '/home/b/transporter_realsense/install/interfaces/lib'
[0.772s] Level 1:colcon.colcon_core.shell:create_environment_hook('interfaces', 'ld_library_path_lib')
[0.772s] INFO:colcon.colcon_core.shell:Creating environment hook '/home/b/transporter_realsense/install/interfaces/share/interfaces/hook/ld_library_path_lib.ps1'
[0.772s] INFO:colcon.colcon_core.shell:Creating environment descriptor '/home/b/transporter_realsense/install/interfaces/share/interfaces/hook/ld_library_path_lib.dsv'
[0.772s] INFO:colcon.colcon_core.shell:Creating environment hook '/home/b/transporter_realsense/install/interfaces/share/interfaces/hook/ld_library_path_lib.sh'
[0.773s] Level 1:colcon.colcon_core.environment:checking '/home/b/transporter_realsense/install/interfaces/bin'
[0.773s] Level 1:colcon.colcon_core.environment:checking '/home/b/transporter_realsense/install/interfaces/lib/pkgconfig/interfaces.pc'
[0.773s] Level 1:colcon.colcon_core.environment:checking '/home/b/transporter_realsense/install/interfaces/lib/python3.10/site-packages'
[0.773s] Level 1:colcon.colcon_core.environment:checking '/home/b/transporter_realsense/install/interfaces/bin'
[0.773s] INFO:colcon.colcon_core.shell:Creating package script '/home/b/transporter_realsense/install/interfaces/share/interfaces/package.ps1'
[0.774s] INFO:colcon.colcon_core.shell:Creating package descriptor '/home/b/transporter_realsense/install/interfaces/share/interfaces/package.dsv'
[0.775s] INFO:colcon.colcon_core.shell:Creating package script '/home/b/transporter_realsense/install/interfaces/share/interfaces/package.sh'
[0.775s] INFO:colcon.colcon_core.shell:Creating package script '/home/b/transporter_realsense/install/interfaces/share/interfaces/package.bash'
[0.776s] INFO:colcon.colcon_core.shell:Creating package script '/home/b/transporter_realsense/install/interfaces/share/interfaces/package.zsh'
[0.776s] Level 1:colcon.colcon_core.environment:create_file_with_runtime_dependencies(/home/b/transporter_realsense/install/interfaces/share/colcon-core/packages/interfaces)
[0.776s] DEBUG:colcon.colcon_parallel_executor.executor.parallel:closing loop
[0.777s] DEBUG:colcon.colcon_parallel_executor.executor.parallel:loop closed
[0.777s] DEBUG:colcon.colcon_parallel_executor.executor.parallel:run_until_complete finished with '0'
[0.777s] DEBUG:colcon.colcon_core.event_reactor:joining thread
[0.784s] INFO:colcon.colcon_core.plugin_system:Skipping extension 'colcon_notification.desktop_notification.terminal_notifier': Not used on non-Darwin systems
[0.784s] INFO:colcon.colcon_core.plugin_system:Skipping extension 'colcon_notification.desktop_notification.win32': Not used on non-Windows systems
[0.784s] INFO:colcon.colcon_notification.desktop_notification:Sending desktop notification using 'notify2'
[0.801s] DEBUG:colcon.colcon_core.event_reactor:joined thread
[0.801s] INFO:colcon.colcon_core.shell:Creating prefix script '/home/b/transporter_realsense/install/local_setup.ps1'
[0.803s] INFO:colcon.colcon_core.shell:Creating prefix util module '/home/b/transporter_realsense/install/_local_setup_util_ps1.py'
[0.804s] INFO:colcon.colcon_core.shell:Creating prefix chain script '/home/b/transporter_realsense/install/setup.ps1'
[0.806s] INFO:colcon.colcon_core.shell:Creating prefix script '/home/b/transporter_realsense/install/local_setup.sh'
[0.807s] INFO:colcon.colcon_core.shell:Creating prefix util module '/home/b/transporter_realsense/install/_local_setup_util_sh.py'
[0.807s] INFO:colcon.colcon_core.shell:Creating prefix chain script '/home/b/transporter_realsense/install/setup.sh'
[0.808s] INFO:colcon.colcon_core.shell:Creating prefix script '/home/b/transporter_realsense/install/local_setup.bash'
[0.809s] INFO:colcon.colcon_core.shell:Creating prefix chain script '/home/b/transporter_realsense/install/setup.bash'
[0.810s] INFO:colcon.colcon_core.shell:Creating prefix script '/home/b/transporter_realsense/install/local_setup.zsh'
[0.811s] INFO:colcon.colcon_core.shell:Creating prefix chain script '/home/b/transporter_realsense/install/setup.zsh'
