[0.008s] Invoking command in '/home/b/transporter_realsense/build/my_package': CMAKE_PREFIX_PATH=${CMAKE_PREFIX_PATH}:/opt/ros/humble /usr/bin/cmake /home/b/transporter_realsense/src/my_package -DCMAKE_INSTALL_PREFIX=/home/b/transporter_realsense/install/my_package
[0.055s] -- The C compiler identification is GNU 11.4.0
[0.101s] -- The CXX compiler identification is GNU 11.4.0
[0.108s] -- Detecting C compiler ABI info
[0.190s] -- Detecting C compiler ABI info - done
[0.196s] -- Check for working C compiler: /usr/bin/cc - skipped
[0.196s] -- Detecting C compile features
[0.196s] -- Detecting C compile features - done
[0.198s] -- Detecting CXX compiler ABI info
[0.275s] -- Detecting CXX compiler ABI info - done
[0.283s] -- Check for working CXX compiler: /usr/bin/c++ - skipped
[0.283s] -- Detecting CXX compile features
[0.283s] -- Detecting CXX compile features - done
[0.286s] -- Found ament_cmake: 1.3.11 (/opt/ros/humble/share/ament_cmake/cmake)
[0.399s] -- Found Python3: /usr/bin/python3 (found version "3.10.12") found components: Interpreter 
[0.463s] -- Found ament_lint_auto: 0.12.12 (/opt/ros/humble/share/ament_lint_auto/cmake)
[0.517s] -- Added test 'cppcheck' to perform static code analysis on C / C++ code
[0.518s] -- Configured cppcheck include dirs: $<BUILD_INTERFACE:/home/b/transporter_realsense/src/my_package/include>
[0.518s] -- Configured cppcheck exclude dirs and/or files: 
[0.518s] -- Added test 'lint_cmake' to check CMake code style
[0.519s] -- Added test 'uncrustify' to check C / C++ code style
[0.519s] -- Configured uncrustify additional arguments: 
[0.520s] -- Added test 'xmllint' to check XML markup files
[0.521s] -- Configuring done
[0.525s] -- Generating done
[0.528s] -- Build files have been written to: /home/b/transporter_realsense/build/my_package
[0.533s] Invoked command in '/home/b/transporter_realsense/build/my_package' returned '0': CMAKE_PREFIX_PATH=${CMAKE_PREFIX_PATH}:/opt/ros/humble /usr/bin/cmake /home/b/transporter_realsense/src/my_package -DCMAKE_INSTALL_PREFIX=/home/b/transporter_realsense/install/my_package
[0.535s] Invoking command in '/home/b/transporter_realsense/build/my_package': CMAKE_PREFIX_PATH=${CMAKE_PREFIX_PATH}:/opt/ros/humble /usr/bin/cmake --build /home/b/transporter_realsense/build/my_package -- -j12 -l12
[0.587s] [ 50%] [32mBuilding CXX object CMakeFiles/my_node.dir/src/my_node.cpp.o[0m
[0.621s] [100%] [32m[1mLinking CXX executable my_node[0m
[0.672s] [100%] Built target my_node
[0.682s] Invoked command in '/home/b/transporter_realsense/build/my_package' returned '0': CMAKE_PREFIX_PATH=${CMAKE_PREFIX_PATH}:/opt/ros/humble /usr/bin/cmake --build /home/b/transporter_realsense/build/my_package -- -j12 -l12
[0.697s] Invoking command in '/home/b/transporter_realsense/build/my_package': CMAKE_PREFIX_PATH=${CMAKE_PREFIX_PATH}:/opt/ros/humble /usr/bin/cmake --install /home/b/transporter_realsense/build/my_package
[0.707s] -- Install configuration: ""
[0.707s] -- Installing: /home/b/transporter_realsense/install/my_package/lib/my_package/my_node
[0.708s] -- Installing: /home/b/transporter_realsense/install/my_package/share/ament_index/resource_index/package_run_dependencies/my_package
[0.708s] -- Installing: /home/b/transporter_realsense/install/my_package/share/ament_index/resource_index/parent_prefix_path/my_package
[0.708s] -- Installing: /home/b/transporter_realsense/install/my_package/share/my_package/environment/ament_prefix_path.sh
[0.708s] -- Installing: /home/b/transporter_realsense/install/my_package/share/my_package/environment/ament_prefix_path.dsv
[0.708s] -- Installing: /home/b/transporter_realsense/install/my_package/share/my_package/environment/path.sh
[0.708s] -- Installing: /home/b/transporter_realsense/install/my_package/share/my_package/environment/path.dsv
[0.709s] -- Installing: /home/b/transporter_realsense/install/my_package/share/my_package/local_setup.bash
[0.709s] -- Installing: /home/b/transporter_realsense/install/my_package/share/my_package/local_setup.sh
[0.709s] -- Installing: /home/b/transporter_realsense/install/my_package/share/my_package/local_setup.zsh
[0.709s] -- Installing: /home/b/transporter_realsense/install/my_package/share/my_package/local_setup.dsv
[0.709s] -- Installing: /home/b/transporter_realsense/install/my_package/share/my_package/package.dsv
[0.709s] -- Installing: /home/b/transporter_realsense/install/my_package/share/ament_index/resource_index/packages/my_package
[0.709s] -- Installing: /home/b/transporter_realsense/install/my_package/share/my_package/cmake/my_packageConfig.cmake
[0.709s] -- Installing: /home/b/transporter_realsense/install/my_package/share/my_package/cmake/my_packageConfig-version.cmake
[0.710s] -- Installing: /home/b/transporter_realsense/install/my_package/share/my_package/package.xml
[0.712s] Invoked command in '/home/b/transporter_realsense/build/my_package' returned '0': CMAKE_PREFIX_PATH=${CMAKE_PREFIX_PATH}:/opt/ros/humble /usr/bin/cmake --install /home/b/transporter_realsense/build/my_package
