[0.102s] DEBUG:colcon:Command line arguments: ['/usr/bin/colcon', 'build']
[0.102s] DEBUG:colcon:Parsed command line arguments: Namespace(log_base=None, log_level=None, verb_name='build', build_base='build', install_base='install', merge_install=False, symlink_install=False, test_result_base=None, continue_on_error=False, executor='parallel', parallel_workers=12, event_handlers=None, ignore_user_meta=False, metas=['./colcon.meta'], base_paths=['.'], packages_ignore=None, packages_ignore_regex=None, paths=None, packages_up_to=None, packages_up_to_regex=None, packages_above=None, packages_above_and_dependencies=None, packages_above_depth=None, packages_select_by_dep=None, packages_skip_by_dep=None, packages_skip_up_to=None, packages_select_build_failed=False, packages_skip_build_finished=False, packages_select_test_failures=False, packages_skip_test_passed=False, packages_select=None, packages_skip=None, packages_select_regex=None, packages_skip_regex=None, packages_start=None, packages_end=None, allow_overriding=[], cmake_args=None, cmake_target=None, cmake_target_skip_unavailable=False, cmake_clean_cache=False, cmake_clean_first=False, cmake_force_configure=False, ament_cmake_args=None, catkin_cmake_args=None, catkin_skip_building_tests=False, mixin_files=None, mixin=None, verb_parser=<colcon_mixin.mixin.mixin_argument.MixinArgumentDecorator object at 0x72a2d3c127a0>, verb_extension=<colcon_core.verb.build.BuildVerb object at 0x72a2d3ddb370>, main=<bound method BuildVerb.main of <colcon_core.verb.build.BuildVerb object at 0x72a2d3ddb370>>, mixin_verb=('build',))
[0.251s] Level 1:colcon.colcon_core.package_discovery:discover_packages(colcon_meta) check parameters
[0.251s] Level 1:colcon.colcon_core.package_discovery:discover_packages(recursive) check parameters
[0.251s] Level 1:colcon.colcon_core.package_discovery:discover_packages(ignore) check parameters
[0.251s] Level 1:colcon.colcon_core.package_discovery:discover_packages(path) check parameters
[0.251s] Level 1:colcon.colcon_core.package_discovery:discover_packages(colcon_meta) discover
[0.251s] Level 1:colcon.colcon_core.package_discovery:discover_packages(recursive) discover
[0.251s] INFO:colcon.colcon_core.package_discovery:Crawling recursively for packages in '/home/b/transporter_realsense'
[0.251s] Level 1:colcon.colcon_core.package_identification:_identify(.) by extensions ['ignore', 'ignore_ament_install']
[0.251s] Level 1:colcon.colcon_core.package_identification:_identify(.) by extension 'ignore'
[0.251s] Level 1:colcon.colcon_core.package_identification:_identify(.) by extension 'ignore_ament_install'
[0.251s] Level 1:colcon.colcon_core.package_identification:_identify(.) by extensions ['colcon_pkg']
[0.251s] Level 1:colcon.colcon_core.package_identification:_identify(.) by extension 'colcon_pkg'
[0.251s] Level 1:colcon.colcon_core.package_identification:_identify(.) by extensions ['colcon_meta']
[0.252s] Level 1:colcon.colcon_core.package_identification:_identify(.) by extension 'colcon_meta'
[0.252s] Level 1:colcon.colcon_core.package_identification:_identify(.) by extensions ['ros']
[0.252s] Level 1:colcon.colcon_core.package_identification:_identify(.) by extension 'ros'
[0.261s] Level 1:colcon.colcon_core.package_identification:_identify(.) by extensions ['cmake', 'python']
[0.261s] Level 1:colcon.colcon_core.package_identification:_identify(.) by extension 'cmake'
[0.261s] Level 1:colcon.colcon_core.package_identification:_identify(.) by extension 'python'
[0.261s] Level 1:colcon.colcon_core.package_identification:_identify(.) by extensions ['python_setup_py']
[0.261s] Level 1:colcon.colcon_core.package_identification:_identify(.) by extension 'python_setup_py'
[0.261s] Level 1:colcon.colcon_core.package_identification:_identify(build) by extensions ['ignore', 'ignore_ament_install']
[0.261s] Level 1:colcon.colcon_core.package_identification:_identify(build) by extension 'ignore'
[0.261s] Level 1:colcon.colcon_core.package_identification:_identify(build) ignored
[0.261s] Level 1:colcon.colcon_core.package_identification:_identify(install) by extensions ['ignore', 'ignore_ament_install']
[0.261s] Level 1:colcon.colcon_core.package_identification:_identify(install) by extension 'ignore'
[0.262s] Level 1:colcon.colcon_core.package_identification:_identify(install) ignored
[0.262s] Level 1:colcon.colcon_core.package_identification:_identify(log) by extensions ['ignore', 'ignore_ament_install']
[0.262s] Level 1:colcon.colcon_core.package_identification:_identify(log) by extension 'ignore'
[0.262s] Level 1:colcon.colcon_core.package_identification:_identify(log) ignored
[0.262s] Level 1:colcon.colcon_core.package_identification:_identify(src) by extensions ['ignore', 'ignore_ament_install']
[0.262s] Level 1:colcon.colcon_core.package_identification:_identify(src) by extension 'ignore'
[0.262s] Level 1:colcon.colcon_core.package_identification:_identify(src) by extension 'ignore_ament_install'
[0.262s] Level 1:colcon.colcon_core.package_identification:_identify(src) by extensions ['colcon_pkg']
[0.262s] Level 1:colcon.colcon_core.package_identification:_identify(src) by extension 'colcon_pkg'
[0.262s] Level 1:colcon.colcon_core.package_identification:_identify(src) by extensions ['colcon_meta']
[0.262s] Level 1:colcon.colcon_core.package_identification:_identify(src) by extension 'colcon_meta'
[0.262s] Level 1:colcon.colcon_core.package_identification:_identify(src) by extensions ['ros']
[0.263s] Level 1:colcon.colcon_core.package_identification:_identify(src) by extension 'ros'
[0.263s] Level 1:colcon.colcon_core.package_identification:_identify(src) by extensions ['cmake', 'python']
[0.263s] Level 1:colcon.colcon_core.package_identification:_identify(src) by extension 'cmake'
[0.263s] Level 1:colcon.colcon_core.package_identification:_identify(src) by extension 'python'
[0.263s] Level 1:colcon.colcon_core.package_identification:_identify(src) by extensions ['python_setup_py']
[0.263s] Level 1:colcon.colcon_core.package_identification:_identify(src) by extension 'python_setup_py'
[0.263s] Level 1:colcon.colcon_core.package_identification:_identify(src/interfaces) by extensions ['ignore', 'ignore_ament_install']
[0.263s] Level 1:colcon.colcon_core.package_identification:_identify(src/interfaces) by extension 'ignore'
[0.263s] Level 1:colcon.colcon_core.package_identification:_identify(src/interfaces) by extension 'ignore_ament_install'
[0.263s] Level 1:colcon.colcon_core.package_identification:_identify(src/interfaces) by extensions ['colcon_pkg']
[0.263s] Level 1:colcon.colcon_core.package_identification:_identify(src/interfaces) by extension 'colcon_pkg'
[0.263s] Level 1:colcon.colcon_core.package_identification:_identify(src/interfaces) by extensions ['colcon_meta']
[0.263s] Level 1:colcon.colcon_core.package_identification:_identify(src/interfaces) by extension 'colcon_meta'
[0.263s] Level 1:colcon.colcon_core.package_identification:_identify(src/interfaces) by extensions ['ros']
[0.263s] Level 1:colcon.colcon_core.package_identification:_identify(src/interfaces) by extension 'ros'
[0.265s] DEBUG:colcon.colcon_core.package_identification:Package 'src/interfaces' with type 'ros.ament_cmake' and name 'interfaces'
[0.265s] Level 1:colcon.colcon_core.package_identification:_identify(src/msg) by extensions ['ignore', 'ignore_ament_install']
[0.265s] Level 1:colcon.colcon_core.package_identification:_identify(src/msg) by extension 'ignore'
[0.265s] Level 1:colcon.colcon_core.package_identification:_identify(src/msg) by extension 'ignore_ament_install'
[0.265s] Level 1:colcon.colcon_core.package_identification:_identify(src/msg) by extensions ['colcon_pkg']
[0.265s] Level 1:colcon.colcon_core.package_identification:_identify(src/msg) by extension 'colcon_pkg'
[0.265s] Level 1:colcon.colcon_core.package_identification:_identify(src/msg) by extensions ['colcon_meta']
[0.265s] Level 1:colcon.colcon_core.package_identification:_identify(src/msg) by extension 'colcon_meta'
[0.265s] Level 1:colcon.colcon_core.package_identification:_identify(src/msg) by extensions ['ros']
[0.265s] Level 1:colcon.colcon_core.package_identification:_identify(src/msg) by extension 'ros'
[0.266s] Level 1:colcon.colcon_core.package_identification:_identify(src/msg) by extensions ['cmake', 'python']
[0.266s] Level 1:colcon.colcon_core.package_identification:_identify(src/msg) by extension 'cmake'
[0.266s] Level 1:colcon.colcon_core.package_identification:_identify(src/msg) by extension 'python'
[0.266s] Level 1:colcon.colcon_core.package_identification:_identify(src/msg) by extensions ['python_setup_py']
[0.266s] Level 1:colcon.colcon_core.package_identification:_identify(src/msg) by extension 'python_setup_py'
[0.266s] Level 1:colcon.colcon_core.package_identification:_identify(src/realsense) by extensions ['ignore', 'ignore_ament_install']
[0.266s] Level 1:colcon.colcon_core.package_identification:_identify(src/realsense) by extension 'ignore'
[0.266s] Level 1:colcon.colcon_core.package_identification:_identify(src/realsense) by extension 'ignore_ament_install'
[0.266s] Level 1:colcon.colcon_core.package_identification:_identify(src/realsense) by extensions ['colcon_pkg']
[0.266s] Level 1:colcon.colcon_core.package_identification:_identify(src/realsense) by extension 'colcon_pkg'
[0.266s] Level 1:colcon.colcon_core.package_identification:_identify(src/realsense) by extensions ['colcon_meta']
[0.266s] Level 1:colcon.colcon_core.package_identification:_identify(src/realsense) by extension 'colcon_meta'
[0.266s] Level 1:colcon.colcon_core.package_identification:_identify(src/realsense) by extensions ['ros']
[0.266s] Level 1:colcon.colcon_core.package_identification:_identify(src/realsense) by extension 'ros'
[0.267s] DEBUG:colcon.colcon_core.package_identification:Package 'src/realsense' with type 'ros.ament_cmake' and name 'realsense'
[0.267s] Level 1:colcon.colcon_core.package_discovery:discover_packages(recursive) using defaults
[0.267s] Level 1:colcon.colcon_core.package_discovery:discover_packages(ignore) discover
[0.267s] Level 1:colcon.colcon_core.package_discovery:discover_packages(ignore) using defaults
[0.267s] Level 1:colcon.colcon_core.package_discovery:discover_packages(path) discover
[0.267s] Level 1:colcon.colcon_core.package_discovery:discover_packages(path) using defaults
[0.293s] Level 1:colcon.colcon_core.package_discovery:discover_packages(prefix_path) check parameters
[0.293s] Level 1:colcon.colcon_core.package_discovery:discover_packages(prefix_path) discover
[0.294s] DEBUG:colcon.colcon_installed_package_information.package_discovery:Found 2 installed packages in /home/b/transporter_realsense/install
[0.295s] DEBUG:colcon.colcon_installed_package_information.package_discovery:Found 2 installed packages in /home/b/ros2_ws/install
[0.296s] DEBUG:colcon.colcon_installed_package_information.package_discovery:Found 302 installed packages in /opt/ros/humble
[0.298s] Level 1:colcon.colcon_core.package_discovery:discover_packages(prefix_path) using defaults
[0.332s] Level 5:colcon.colcon_core.verb:set package 'interfaces' build argument 'cmake_args' from command line to 'None'
[0.332s] Level 5:colcon.colcon_core.verb:set package 'interfaces' build argument 'cmake_target' from command line to 'None'
[0.332s] Level 5:colcon.colcon_core.verb:set package 'interfaces' build argument 'cmake_target_skip_unavailable' from command line to 'False'
[0.332s] Level 5:colcon.colcon_core.verb:set package 'interfaces' build argument 'cmake_clean_cache' from command line to 'False'
[0.332s] Level 5:colcon.colcon_core.verb:set package 'interfaces' build argument 'cmake_clean_first' from command line to 'False'
[0.332s] Level 5:colcon.colcon_core.verb:set package 'interfaces' build argument 'cmake_force_configure' from command line to 'False'
[0.332s] Level 5:colcon.colcon_core.verb:set package 'interfaces' build argument 'ament_cmake_args' from command line to 'None'
[0.332s] Level 5:colcon.colcon_core.verb:set package 'interfaces' build argument 'catkin_cmake_args' from command line to 'None'
[0.332s] Level 5:colcon.colcon_core.verb:set package 'interfaces' build argument 'catkin_skip_building_tests' from command line to 'False'
[0.332s] DEBUG:colcon.colcon_core.verb:Building package 'interfaces' with the following arguments: {'ament_cmake_args': None, 'build_base': '/home/b/transporter_realsense/build/interfaces', 'catkin_cmake_args': None, 'catkin_skip_building_tests': False, 'cmake_args': None, 'cmake_clean_cache': False, 'cmake_clean_first': False, 'cmake_force_configure': False, 'cmake_target': None, 'cmake_target_skip_unavailable': False, 'install_base': '/home/b/transporter_realsense/install/interfaces', 'merge_install': False, 'path': '/home/b/transporter_realsense/src/interfaces', 'symlink_install': False, 'test_result_base': None}
[0.332s] Level 5:colcon.colcon_core.verb:set package 'realsense' build argument 'cmake_args' from command line to 'None'
[0.332s] Level 5:colcon.colcon_core.verb:set package 'realsense' build argument 'cmake_target' from command line to 'None'
[0.332s] Level 5:colcon.colcon_core.verb:set package 'realsense' build argument 'cmake_target_skip_unavailable' from command line to 'False'
[0.332s] Level 5:colcon.colcon_core.verb:set package 'realsense' build argument 'cmake_clean_cache' from command line to 'False'
[0.332s] Level 5:colcon.colcon_core.verb:set package 'realsense' build argument 'cmake_clean_first' from command line to 'False'
[0.332s] Level 5:colcon.colcon_core.verb:set package 'realsense' build argument 'cmake_force_configure' from command line to 'False'
[0.332s] Level 5:colcon.colcon_core.verb:set package 'realsense' build argument 'ament_cmake_args' from command line to 'None'
[0.332s] Level 5:colcon.colcon_core.verb:set package 'realsense' build argument 'catkin_cmake_args' from command line to 'None'
[0.332s] Level 5:colcon.colcon_core.verb:set package 'realsense' build argument 'catkin_skip_building_tests' from command line to 'False'
[0.333s] DEBUG:colcon.colcon_core.verb:Building package 'realsense' with the following arguments: {'ament_cmake_args': None, 'build_base': '/home/b/transporter_realsense/build/realsense', 'catkin_cmake_args': None, 'catkin_skip_building_tests': False, 'cmake_args': None, 'cmake_clean_cache': False, 'cmake_clean_first': False, 'cmake_force_configure': False, 'cmake_target': None, 'cmake_target_skip_unavailable': False, 'install_base': '/home/b/transporter_realsense/install/realsense', 'merge_install': False, 'path': '/home/b/transporter_realsense/src/realsense', 'symlink_install': False, 'test_result_base': None}
[0.333s] INFO:colcon.colcon_core.executor:Executing jobs using 'parallel' executor
[0.334s] DEBUG:colcon.colcon_parallel_executor.executor.parallel:run_until_complete
[0.334s] INFO:colcon.colcon_ros.task.ament_cmake.build:Building ROS package in '/home/b/transporter_realsense/src/interfaces' with build type 'ament_cmake'
[0.334s] INFO:colcon.colcon_cmake.task.cmake.build:Building CMake package in '/home/b/transporter_realsense/src/interfaces'
[0.336s] INFO:colcon.colcon_core.plugin_system:Skipping extension 'colcon_core.shell.bat': Not used on non-Windows systems
[0.336s] INFO:colcon.colcon_core.shell:Skip shell extension 'powershell' for command environment: Not usable outside of PowerShell
[0.336s] DEBUG:colcon.colcon_core.shell:Skip shell extension 'dsv' for command environment
[0.339s] INFO:colcon.colcon_ros.task.ament_cmake.build:Building ROS package in '/home/b/transporter_realsense/src/realsense' with build type 'ament_cmake'
[0.339s] INFO:colcon.colcon_cmake.task.cmake.build:Building CMake package in '/home/b/transporter_realsense/src/realsense'
[0.340s] INFO:colcon.colcon_core.shell:Skip shell extension 'powershell' for command environment: Not usable outside of PowerShell
[0.340s] DEBUG:colcon.colcon_core.shell:Skip shell extension 'dsv' for command environment
[0.351s] DEBUG:colcon.colcon_core.event_handler.log_command:Invoking command in '/home/b/transporter_realsense/build/interfaces': CMAKE_PREFIX_PATH=${CMAKE_PREFIX_PATH}:/opt/ros/humble /usr/bin/cmake /home/b/transporter_realsense/src/interfaces -DCMAKE_INSTALL_PREFIX=/home/b/transporter_realsense/install/interfaces
[0.357s] DEBUG:colcon.colcon_core.event_handler.log_command:Invoking command in '/home/b/transporter_realsense/build/realsense': CMAKE_PREFIX_PATH=${CMAKE_PREFIX_PATH}:/opt/ros/humble /usr/bin/cmake --build /home/b/transporter_realsense/build/realsense -- -j12 -l12
[1.292s] DEBUG:colcon.colcon_core.event_handler.log_command:Invoked command in '/home/b/transporter_realsense/build/realsense' returned '0': CMAKE_PREFIX_PATH=${CMAKE_PREFIX_PATH}:/opt/ros/humble /usr/bin/cmake --build /home/b/transporter_realsense/build/realsense -- -j12 -l12
[1.303s] DEBUG:colcon.colcon_core.event_handler.log_command:Invoking command in '/home/b/transporter_realsense/build/realsense': CMAKE_PREFIX_PATH=${CMAKE_PREFIX_PATH}:/opt/ros/humble /usr/bin/cmake --install /home/b/transporter_realsense/build/realsense
[1.356s] Level 1:colcon.colcon_core.environment:create_environment_scripts_only(realsense)
[1.357s] DEBUG:colcon.colcon_core.event_handler.log_command:Invoked command in '/home/b/transporter_realsense/build/realsense' returned '0': CMAKE_PREFIX_PATH=${CMAKE_PREFIX_PATH}:/opt/ros/humble /usr/bin/cmake --install /home/b/transporter_realsense/build/realsense
[1.360s] Level 1:colcon.colcon_core.environment:checking '/home/b/transporter_realsense/install/realsense' for CMake module files
[1.361s] Level 1:colcon.colcon_core.environment:checking '/home/b/transporter_realsense/install/realsense' for CMake config files
[1.362s] Level 1:colcon.colcon_core.shell:create_environment_hook('realsense', 'cmake_prefix_path')
[1.362s] INFO:colcon.colcon_core.shell:Creating environment hook '/home/b/transporter_realsense/install/realsense/share/realsense/hook/cmake_prefix_path.ps1'
[1.363s] INFO:colcon.colcon_core.shell:Creating environment descriptor '/home/b/transporter_realsense/install/realsense/share/realsense/hook/cmake_prefix_path.dsv'
[1.363s] INFO:colcon.colcon_core.shell:Creating environment hook '/home/b/transporter_realsense/install/realsense/share/realsense/hook/cmake_prefix_path.sh'
[1.364s] Level 1:colcon.colcon_core.environment:checking '/home/b/transporter_realsense/install/realsense/lib'
[1.365s] Level 1:colcon.colcon_core.environment:checking '/home/b/transporter_realsense/install/realsense/bin'
[1.365s] Level 1:colcon.colcon_core.environment:checking '/home/b/transporter_realsense/install/realsense/lib/pkgconfig/realsense.pc'
[1.365s] Level 1:colcon.colcon_core.environment:checking '/home/b/transporter_realsense/install/realsense/lib/python3.10/site-packages'
[1.365s] Level 1:colcon.colcon_core.environment:checking '/home/b/transporter_realsense/install/realsense/bin'
[1.366s] INFO:colcon.colcon_core.shell:Creating package script '/home/b/transporter_realsense/install/realsense/share/realsense/package.ps1'
[1.367s] INFO:colcon.colcon_core.shell:Creating package descriptor '/home/b/transporter_realsense/install/realsense/share/realsense/package.dsv'
[1.367s] INFO:colcon.colcon_core.shell:Creating package script '/home/b/transporter_realsense/install/realsense/share/realsense/package.sh'
[1.368s] INFO:colcon.colcon_core.shell:Creating package script '/home/b/transporter_realsense/install/realsense/share/realsense/package.bash'
[1.369s] INFO:colcon.colcon_core.shell:Creating package script '/home/b/transporter_realsense/install/realsense/share/realsense/package.zsh'
[1.370s] Level 1:colcon.colcon_core.environment:create_file_with_runtime_dependencies(/home/b/transporter_realsense/install/realsense/share/colcon-core/packages/realsense)
[1.370s] Level 1:colcon.colcon_core.environment:create_environment_scripts_only(realsense)
[1.370s] Level 1:colcon.colcon_core.environment:checking '/home/b/transporter_realsense/install/realsense' for CMake module files
[1.371s] Level 1:colcon.colcon_core.environment:checking '/home/b/transporter_realsense/install/realsense' for CMake config files
[1.371s] Level 1:colcon.colcon_core.shell:create_environment_hook('realsense', 'cmake_prefix_path')
[1.371s] INFO:colcon.colcon_core.shell:Creating environment hook '/home/b/transporter_realsense/install/realsense/share/realsense/hook/cmake_prefix_path.ps1'
[1.372s] INFO:colcon.colcon_core.shell:Creating environment descriptor '/home/b/transporter_realsense/install/realsense/share/realsense/hook/cmake_prefix_path.dsv'
[1.372s] INFO:colcon.colcon_core.shell:Creating environment hook '/home/b/transporter_realsense/install/realsense/share/realsense/hook/cmake_prefix_path.sh'
[1.372s] Level 1:colcon.colcon_core.environment:checking '/home/b/transporter_realsense/install/realsense/lib'
[1.373s] Level 1:colcon.colcon_core.environment:checking '/home/b/transporter_realsense/install/realsense/bin'
[1.373s] Level 1:colcon.colcon_core.environment:checking '/home/b/transporter_realsense/install/realsense/lib/pkgconfig/realsense.pc'
[1.373s] Level 1:colcon.colcon_core.environment:checking '/home/b/transporter_realsense/install/realsense/lib/python3.10/site-packages'
[1.373s] Level 1:colcon.colcon_core.environment:checking '/home/b/transporter_realsense/install/realsense/bin'
[1.373s] INFO:colcon.colcon_core.shell:Creating package script '/home/b/transporter_realsense/install/realsense/share/realsense/package.ps1'
[1.374s] INFO:colcon.colcon_core.shell:Creating package descriptor '/home/b/transporter_realsense/install/realsense/share/realsense/package.dsv'
[1.374s] INFO:colcon.colcon_core.shell:Creating package script '/home/b/transporter_realsense/install/realsense/share/realsense/package.sh'
[1.375s] INFO:colcon.colcon_core.shell:Creating package script '/home/b/transporter_realsense/install/realsense/share/realsense/package.bash'
[1.375s] INFO:colcon.colcon_core.shell:Creating package script '/home/b/transporter_realsense/install/realsense/share/realsense/package.zsh'
[1.376s] Level 1:colcon.colcon_core.environment:create_file_with_runtime_dependencies(/home/b/transporter_realsense/install/realsense/share/colcon-core/packages/realsense)
[2.178s] DEBUG:colcon.colcon_core.event_handler.log_command:Invoked command in '/home/b/transporter_realsense/build/interfaces' returned '0': CMAKE_PREFIX_PATH=${CMAKE_PREFIX_PATH}:/opt/ros/humble /usr/bin/cmake /home/b/transporter_realsense/src/interfaces -DCMAKE_INSTALL_PREFIX=/home/b/transporter_realsense/install/interfaces
[2.179s] DEBUG:colcon.colcon_core.event_handler.log_command:Invoking command in '/home/b/transporter_realsense/build/interfaces': CMAKE_PREFIX_PATH=${CMAKE_PREFIX_PATH}:/opt/ros/humble /usr/bin/cmake --build /home/b/transporter_realsense/build/interfaces -- -j12 -l12
[4.180s] DEBUG:colcon.colcon_core.event_handler.log_command:Invoked command in '/home/b/transporter_realsense/build/interfaces' returned '0': CMAKE_PREFIX_PATH=${CMAKE_PREFIX_PATH}:/opt/ros/humble /usr/bin/cmake --build /home/b/transporter_realsense/build/interfaces -- -j12 -l12
[4.182s] DEBUG:colcon.colcon_core.event_handler.log_command:Invoking command in '/home/b/transporter_realsense/build/interfaces': CMAKE_PREFIX_PATH=${CMAKE_PREFIX_PATH}:/opt/ros/humble /usr/bin/cmake --install /home/b/transporter_realsense/build/interfaces
[4.244s] Level 1:colcon.colcon_core.environment:create_environment_scripts_only(interfaces)
[4.244s] Level 1:colcon.colcon_core.environment:checking '/home/b/transporter_realsense/install/interfaces' for CMake module files
[4.245s] DEBUG:colcon.colcon_core.event_handler.log_command:Invoked command in '/home/b/transporter_realsense/build/interfaces' returned '0': CMAKE_PREFIX_PATH=${CMAKE_PREFIX_PATH}:/opt/ros/humble /usr/bin/cmake --install /home/b/transporter_realsense/build/interfaces
[4.245s] Level 1:colcon.colcon_core.environment:checking '/home/b/transporter_realsense/install/interfaces' for CMake config files
[4.246s] Level 1:colcon.colcon_core.shell:create_environment_hook('interfaces', 'cmake_prefix_path')
[4.246s] INFO:colcon.colcon_core.shell:Creating environment hook '/home/b/transporter_realsense/install/interfaces/share/interfaces/hook/cmake_prefix_path.ps1'
[4.246s] INFO:colcon.colcon_core.shell:Creating environment descriptor '/home/b/transporter_realsense/install/interfaces/share/interfaces/hook/cmake_prefix_path.dsv'
[4.247s] INFO:colcon.colcon_core.shell:Creating environment hook '/home/b/transporter_realsense/install/interfaces/share/interfaces/hook/cmake_prefix_path.sh'
[4.248s] Level 1:colcon.colcon_core.environment:checking '/home/b/transporter_realsense/install/interfaces/lib'
[4.248s] Level 1:colcon.colcon_core.shell:create_environment_hook('interfaces', 'ld_library_path_lib')
[4.248s] INFO:colcon.colcon_core.shell:Creating environment hook '/home/b/transporter_realsense/install/interfaces/share/interfaces/hook/ld_library_path_lib.ps1'
[4.249s] INFO:colcon.colcon_core.shell:Creating environment descriptor '/home/b/transporter_realsense/install/interfaces/share/interfaces/hook/ld_library_path_lib.dsv'
[4.249s] INFO:colcon.colcon_core.shell:Creating environment hook '/home/b/transporter_realsense/install/interfaces/share/interfaces/hook/ld_library_path_lib.sh'
[4.250s] Level 1:colcon.colcon_core.environment:checking '/home/b/transporter_realsense/install/interfaces/bin'
[4.250s] Level 1:colcon.colcon_core.environment:checking '/home/b/transporter_realsense/install/interfaces/lib/pkgconfig/interfaces.pc'
[4.250s] Level 1:colcon.colcon_core.environment:checking '/home/b/transporter_realsense/install/interfaces/lib/python3.10/site-packages'
[4.250s] Level 1:colcon.colcon_core.environment:checking '/home/b/transporter_realsense/install/interfaces/bin'
[4.251s] INFO:colcon.colcon_core.shell:Creating package script '/home/b/transporter_realsense/install/interfaces/share/interfaces/package.ps1'
[4.251s] INFO:colcon.colcon_core.shell:Creating package descriptor '/home/b/transporter_realsense/install/interfaces/share/interfaces/package.dsv'
[4.252s] INFO:colcon.colcon_core.shell:Creating package script '/home/b/transporter_realsense/install/interfaces/share/interfaces/package.sh'
[4.256s] INFO:colcon.colcon_core.shell:Creating package script '/home/b/transporter_realsense/install/interfaces/share/interfaces/package.bash'
[4.256s] INFO:colcon.colcon_core.shell:Creating package script '/home/b/transporter_realsense/install/interfaces/share/interfaces/package.zsh'
[4.256s] Level 1:colcon.colcon_core.environment:create_file_with_runtime_dependencies(/home/b/transporter_realsense/install/interfaces/share/colcon-core/packages/interfaces)
[4.257s] Level 1:colcon.colcon_core.environment:create_environment_scripts_only(interfaces)
[4.258s] Level 1:colcon.colcon_core.environment:checking '/home/b/transporter_realsense/install/interfaces' for CMake module files
[4.258s] Level 1:colcon.colcon_core.environment:checking '/home/b/transporter_realsense/install/interfaces' for CMake config files
[4.259s] Level 1:colcon.colcon_core.shell:create_environment_hook('interfaces', 'cmake_prefix_path')
[4.259s] INFO:colcon.colcon_core.shell:Creating environment hook '/home/b/transporter_realsense/install/interfaces/share/interfaces/hook/cmake_prefix_path.ps1'
[4.260s] INFO:colcon.colcon_core.shell:Creating environment descriptor '/home/b/transporter_realsense/install/interfaces/share/interfaces/hook/cmake_prefix_path.dsv'
[4.260s] INFO:colcon.colcon_core.shell:Creating environment hook '/home/b/transporter_realsense/install/interfaces/share/interfaces/hook/cmake_prefix_path.sh'
[4.260s] Level 1:colcon.colcon_core.environment:checking '/home/b/transporter_realsense/install/interfaces/lib'
[4.261s] Level 1:colcon.colcon_core.shell:create_environment_hook('interfaces', 'ld_library_path_lib')
[4.261s] INFO:colcon.colcon_core.shell:Creating environment hook '/home/b/transporter_realsense/install/interfaces/share/interfaces/hook/ld_library_path_lib.ps1'
[4.261s] INFO:colcon.colcon_core.shell:Creating environment descriptor '/home/b/transporter_realsense/install/interfaces/share/interfaces/hook/ld_library_path_lib.dsv'
[4.261s] INFO:colcon.colcon_core.shell:Creating environment hook '/home/b/transporter_realsense/install/interfaces/share/interfaces/hook/ld_library_path_lib.sh'
[4.262s] Level 1:colcon.colcon_core.environment:checking '/home/b/transporter_realsense/install/interfaces/bin'
[4.262s] Level 1:colcon.colcon_core.environment:checking '/home/b/transporter_realsense/install/interfaces/lib/pkgconfig/interfaces.pc'
[4.262s] Level 1:colcon.colcon_core.environment:checking '/home/b/transporter_realsense/install/interfaces/lib/python3.10/site-packages'
[4.262s] Level 1:colcon.colcon_core.environment:checking '/home/b/transporter_realsense/install/interfaces/bin'
[4.263s] INFO:colcon.colcon_core.shell:Creating package script '/home/b/transporter_realsense/install/interfaces/share/interfaces/package.ps1'
[4.263s] INFO:colcon.colcon_core.shell:Creating package descriptor '/home/b/transporter_realsense/install/interfaces/share/interfaces/package.dsv'
[4.263s] INFO:colcon.colcon_core.shell:Creating package script '/home/b/transporter_realsense/install/interfaces/share/interfaces/package.sh'
[4.264s] INFO:colcon.colcon_core.shell:Creating package script '/home/b/transporter_realsense/install/interfaces/share/interfaces/package.bash'
[4.264s] INFO:colcon.colcon_core.shell:Creating package script '/home/b/transporter_realsense/install/interfaces/share/interfaces/package.zsh'
[4.264s] Level 1:colcon.colcon_core.environment:create_file_with_runtime_dependencies(/home/b/transporter_realsense/install/interfaces/share/colcon-core/packages/interfaces)
[4.265s] DEBUG:colcon.colcon_parallel_executor.executor.parallel:closing loop
[4.265s] DEBUG:colcon.colcon_parallel_executor.executor.parallel:loop closed
[4.265s] DEBUG:colcon.colcon_parallel_executor.executor.parallel:run_until_complete finished with '0'
[4.265s] DEBUG:colcon.colcon_core.event_reactor:joining thread
[4.271s] INFO:colcon.colcon_core.plugin_system:Skipping extension 'colcon_notification.desktop_notification.terminal_notifier': Not used on non-Darwin systems
[4.271s] INFO:colcon.colcon_core.plugin_system:Skipping extension 'colcon_notification.desktop_notification.win32': Not used on non-Windows systems
[4.271s] INFO:colcon.colcon_notification.desktop_notification:Sending desktop notification using 'notify2'
[4.287s] DEBUG:colcon.colcon_core.event_reactor:joined thread
[4.287s] INFO:colcon.colcon_core.shell:Creating prefix script '/home/b/transporter_realsense/install/local_setup.ps1'
[4.288s] INFO:colcon.colcon_core.shell:Creating prefix util module '/home/b/transporter_realsense/install/_local_setup_util_ps1.py'
[4.290s] INFO:colcon.colcon_core.shell:Creating prefix chain script '/home/b/transporter_realsense/install/setup.ps1'
[4.292s] INFO:colcon.colcon_core.shell:Creating prefix script '/home/b/transporter_realsense/install/local_setup.sh'
[4.292s] INFO:colcon.colcon_core.shell:Creating prefix util module '/home/b/transporter_realsense/install/_local_setup_util_sh.py'
[4.293s] INFO:colcon.colcon_core.shell:Creating prefix chain script '/home/b/transporter_realsense/install/setup.sh'
[4.294s] INFO:colcon.colcon_core.shell:Creating prefix script '/home/b/transporter_realsense/install/local_setup.bash'
[4.294s] INFO:colcon.colcon_core.shell:Creating prefix chain script '/home/b/transporter_realsense/install/setup.bash'
[4.295s] INFO:colcon.colcon_core.shell:Creating prefix script '/home/b/transporter_realsense/install/local_setup.zsh'
[4.296s] INFO:colcon.colcon_core.shell:Creating prefix chain script '/home/b/transporter_realsense/install/setup.zsh'
