-- The C compiler identification is GNU 11.4.0
-- The CXX compiler identification is GNU 11.4.0
-- Detecting C compiler ABI info
-- Detecting C compiler ABI info - done
-- Check for working C compiler: /usr/bin/cc - skipped
-- Detecting C compile features
-- Detecting C compile features - done
-- Detecting CXX compiler ABI info
-- Detecting CXX compiler ABI info - done
-- Check for working CXX compiler: /usr/bin/c++ - skipped
-- Detecting CXX compile features
-- Detecting CXX compile features - done
-- Found ament_cmake: 1.3.11 (/opt/ros/humble/share/ament_cmake/cmake)
-- Found Python3: /usr/bin/python3 (found version "3.10.12") found components: Interpreter 
-- Found rclcpp: 16.0.12 (/opt/ros/humble/share/rclcpp/cmake)
-- Found rosidl_generator_c: 3.1.6 (/opt/ros/humble/share/rosidl_generator_c/cmake)
-- Found rosidl_adapter: 3.1.6 (/opt/ros/humble/share/rosidl_adapter/cmake)
-- Found rosidl_generator_cpp: 3.1.6 (/opt/ros/humble/share/rosidl_generator_cpp/cmake)
-- Using all available rosidl_typesupport_c: rosidl_typesupport_fastrtps_c;rosidl_typesupport_introspection_c
-- Using all available rosidl_typesupport_cpp: rosidl_typesupport_fastrtps_cpp;rosidl_typesupport_introspection_cpp
-- Found rmw_implementation_cmake: 6.1.2 (/opt/ros/humble/share/rmw_implementation_cmake/cmake)
-- Found rmw_fastrtps_cpp: 6.2.7 (/opt/ros/humble/share/rmw_fastrtps_cpp/cmake)
-- Found OpenSSL: /usr/lib/x86_64-linux-gnu/libcrypto.so (found version "3.0.2")  
-- Found FastRTPS: /opt/ros/humble/include  
-- Using RMW implementation 'rmw_fastrtps_cpp' as default
-- Looking for pthread.h
-- Looking for pthread.h - found
-- Performing Test CMAKE_HAVE_LIBC_PTHREAD
-- Performing Test CMAKE_HAVE_LIBC_PTHREAD - Success
-- Found Threads: TRUE  
-- Found rclpy: 3.3.16 (/opt/ros/humble/share/rclpy/cmake)
-- Configuring done
-- Generating done
-- Build files have been written to: /home/b/transporter_realsense/build/realsense
[ 50%] [32mBuilding CXX object CMakeFiles/cpp_node_test.dir/src/cpp_node.cpp.o[0m
[ 50%] Built target ament_cmake_python_copy_realsense
running egg_info
creating realsense.egg-info
writing realsense.egg-info/PKG-INFO
writing dependency_links to realsense.egg-info/dependency_links.txt
writing top-level names to realsense.egg-info/top_level.txt
writing manifest file 'realsense.egg-info/SOURCES.txt'
reading manifest file 'realsense.egg-info/SOURCES.txt'
writing manifest file 'realsense.egg-info/SOURCES.txt'
[100%] [32m[1mLinking CXX executable cpp_node_test[0m
[100%] Built target ament_cmake_python_build_realsense_egg
[100%] Built target cpp_node_test
-- Install configuration: ""
-- Installing: /home/b/transporter_realsense/install/realsense/share/realsense/environment/pythonpath.sh
-- Installing: /home/b/transporter_realsense/install/realsense/share/realsense/environment/pythonpath.dsv
-- Installing: /home/b/transporter_realsense/install/realsense/local/lib/python3.10/dist-packages/realsense-0.0.0-py3.10.egg-info
-- Installing: /home/b/transporter_realsense/install/realsense/local/lib/python3.10/dist-packages/realsense-0.0.0-py3.10.egg-info/SOURCES.txt
-- Installing: /home/b/transporter_realsense/install/realsense/local/lib/python3.10/dist-packages/realsense-0.0.0-py3.10.egg-info/dependency_links.txt
-- Installing: /home/b/transporter_realsense/install/realsense/local/lib/python3.10/dist-packages/realsense-0.0.0-py3.10.egg-info/top_level.txt
-- Installing: /home/b/transporter_realsense/install/realsense/local/lib/python3.10/dist-packages/realsense-0.0.0-py3.10.egg-info/PKG-INFO
-- Installing: /home/b/transporter_realsense/install/realsense/local/lib/python3.10/dist-packages/realsense
-- Installing: /home/b/transporter_realsense/install/realsense/local/lib/python3.10/dist-packages/realsense/dummy_module.py
-- Installing: /home/b/transporter_realsense/install/realsense/local/lib/python3.10/dist-packages/realsense/__init__.py
Listing '/home/b/transporter_realsense/install/realsense/local/lib/python3.10/dist-packages/realsense'...
Compiling '/home/b/transporter_realsense/install/realsense/local/lib/python3.10/dist-packages/realsense/__init__.py'...
Compiling '/home/b/transporter_realsense/install/realsense/local/lib/python3.10/dist-packages/realsense/dummy_module.py'...
-- Installing: /home/b/transporter_realsense/install/realsense/lib/realsense/dummy_script.py
-- Installing: /home/b/transporter_realsense/install/realsense/lib/realsense/cpp_node_test
-- Set runtime path of "/home/b/transporter_realsense/install/realsense/lib/realsense/cpp_node_test" to ""
-- Up-to-date: /home/b/transporter_realsense/install/realsense/share/realsense
-- Installing: /home/b/transporter_realsense/install/realsense/share/ament_index/resource_index/package_run_dependencies/realsense
-- Installing: /home/b/transporter_realsense/install/realsense/share/ament_index/resource_index/parent_prefix_path/realsense
-- Installing: /home/b/transporter_realsense/install/realsense/share/realsense/environment/ament_prefix_path.sh
-- Installing: /home/b/transporter_realsense/install/realsense/share/realsense/environment/ament_prefix_path.dsv
-- Installing: /home/b/transporter_realsense/install/realsense/share/realsense/environment/path.sh
-- Installing: /home/b/transporter_realsense/install/realsense/share/realsense/environment/path.dsv
-- Installing: /home/b/transporter_realsense/install/realsense/share/realsense/local_setup.bash
-- Installing: /home/b/transporter_realsense/install/realsense/share/realsense/local_setup.sh
-- Installing: /home/b/transporter_realsense/install/realsense/share/realsense/local_setup.zsh
-- Installing: /home/b/transporter_realsense/install/realsense/share/realsense/local_setup.dsv
-- Installing: /home/b/transporter_realsense/install/realsense/share/realsense/package.dsv
-- Installing: /home/b/transporter_realsense/install/realsense/share/ament_index/resource_index/packages/realsense
-- Installing: /home/b/transporter_realsense/install/realsense/share/realsense/cmake/realsenseConfig.cmake
-- Installing: /home/b/transporter_realsense/install/realsense/share/realsense/cmake/realsenseConfig-version.cmake
-- Installing: /home/b/transporter_realsense/install/realsense/share/realsense/package.xml
